2024-10-17 13:54:52,865 - [33mLet's play the game of 20 questions![0m
2024-10-17 13:54:52,865 - [34mHost: Psst...The Guesser doesn't know this, but I can reveal that the topic is Eiffel Tower[0m
2024-10-17 13:54:52,865 - [33m----------------------------------------[0m
2024-10-17 13:54:52,866 - [33mStep 0 of the game[0m
2024-10-17 13:54:55,073 - [32mGuesser (internal dialogue): I need to narrow down the possibilities of what the topic could be. Asking if it is a living thing will help me determine if I should be thinking about animals or plants, or if I should focus on inanimate objects or places. Since I have 20 steps, I want to make sure I gather useful information early on.[0m
2024-10-17 13:54:55,074 - [32mGuesser: (topic proposal): None[0m
2024-10-17 13:54:55,074 - [32mGuesser: Is the topic a living thing?[0m
2024-10-17 13:54:56,403 - [34mHost (internal dialogue): The Eiffel Tower is an inanimate structure and not a living thing, so the answer is 'No'.[0m
2024-10-17 13:54:56,403 - [34mHost: No[0m
2024-10-17 13:54:56,403 - [33m----------------------------------------[0m
2024-10-17 13:54:56,403 - [33mStep 1 of the game[0m
2024-10-17 13:54:57,939 - [32mGuesser (internal dialogue): Since the topic is not a living thing, I can focus on inanimate objects or places. I want to determine if the topic is something that is commonly found indoors or outdoors. This will help me narrow down the category further. I have 19 steps left, so I can afford to ask a few more questions to get closer to the answer.[0m
2024-10-17 13:54:57,939 - [32mGuesser: (topic proposal): None[0m
2024-10-17 13:54:57,939 - [32mGuesser: Is the topic something that is commonly found indoors?[0m
2024-10-17 13:54:59,227 - [34mHost (internal dialogue): The Eiffel Tower is an outdoor landmark located in Paris, France, and is not typically found indoors. Therefore, the answer is 'No'.[0m
2024-10-17 13:54:59,227 - [34mHost: No[0m
2024-10-17 13:54:59,227 - [33m----------------------------------------[0m
2024-10-17 13:54:59,227 - [33mStep 2 of the game[0m
2024-10-17 13:55:01,011 - [32mGuesser (internal dialogue): The topic is not a living thing and is not commonly found indoors, which suggests it might be an outdoor object or a place. To narrow it down further, I want to find out if the topic is a specific type of object or a geographical location. Asking if it is a place will help me determine if I should be thinking about locations like cities, countries, or natural features. I have 18 steps left, so I can continue to ask questions to refine my guess.[0m
2024-10-17 13:55:01,011 - [32mGuesser: (topic proposal): None[0m
2024-10-17 13:55:01,011 - [32mGuesser: Is the topic a place?[0m
2024-10-17 13:55:02,382 - [34mHost (internal dialogue): The Eiffel Tower is indeed a famous landmark located in Paris, France, which qualifies it as a place. Therefore, the answer is 'Yes'.[0m
2024-10-17 13:55:02,383 - [34mHost: Yes[0m
2024-10-17 13:55:02,383 - [33m----------------------------------------[0m
2024-10-17 13:55:02,383 - [33mStep 3 of the game[0m
2024-10-17 13:55:03,834 - [32mGuesser (internal dialogue): Now that I know the topic is a place, I want to narrow it down further by determining if it is a city or a natural feature. This will help me focus my guesses more effectively. Since I have 17 steps left, I can still ask a few more questions to refine my understanding of the topic.[0m
2024-10-17 13:55:03,834 - [32mGuesser: (topic proposal): None[0m
2024-10-17 13:55:03,834 - [32mGuesser: Is the topic a city?[0m
2024-10-17 13:55:05,311 - [34mHost (internal dialogue): The Eiffel Tower is a specific landmark located in Paris, but it is not a city itself. Therefore, the answer is 'No'.[0m
2024-10-17 13:55:05,311 - [34mHost: No[0m
2024-10-17 13:55:05,311 - [33m----------------------------------------[0m
2024-10-17 13:55:05,311 - [33mStep 4 of the game[0m
2024-10-17 13:55:07,189 - [32mGuesser (internal dialogue): The topic is a place, but it is not a city, which suggests it could be a natural feature, a landmark, or a country. To narrow it down further, I want to find out if it is a natural feature like a mountain, river, or forest. This will help me focus my guesses more effectively. I have 16 steps left, so I can still ask a few more questions to refine my understanding of the topic.[0m
2024-10-17 13:55:07,189 - [32mGuesser: (topic proposal): None[0m
2024-10-17 13:55:07,189 - [32mGuesser: Is the topic a natural feature (like a mountain, river, or forest)?[0m
2024-10-17 13:55:08,487 - [34mHost (internal dialogue): The Eiffel Tower is a man-made structure and not a natural feature like a mountain, river, or forest. Therefore, the answer is 'No'.[0m
2024-10-17 13:55:08,487 - [34mHost: No[0m
2024-10-17 13:55:08,487 - [33m----------------------------------------[0m
2024-10-17 13:55:08,487 - [33mStep 5 of the game[0m
2024-10-17 13:55:10,326 - [32mGuesser (internal dialogue): Since the topic is a place but not a city or a natural feature, it could be a landmark, a country, or a specific type of location like a historical site or a building. To narrow it down further, I want to find out if the topic is a country. This will help me focus my guesses more effectively. I have 15 steps left, so I can still ask a few more questions to refine my understanding of the topic.[0m
2024-10-17 13:55:10,326 - [32mGuesser: (topic proposal): None[0m
2024-10-17 13:55:10,327 - [32mGuesser: Is the topic a country?[0m
2024-10-17 13:55:11,570 - [34mHost (internal dialogue): The Eiffel Tower is a famous landmark located in France, but it is not a country itself. Therefore, the answer is 'No'.[0m
2024-10-17 13:55:11,570 - [34mHost: No[0m
2024-10-17 13:55:11,570 - [33m----------------------------------------[0m
2024-10-17 13:55:11,570 - [33mStep 6 of the game[0m
2024-10-17 13:55:13,338 - [32mGuesser (internal dialogue): The topic is a place, but it is not a city, a natural feature, or a country. This suggests it could be a landmark, a historical site, or a specific building. To narrow it down further, I want to find out if the topic is a famous landmark or a specific type of building. This will help me focus my guesses more effectively. I have 14 steps left, so I can still ask a few more questions to refine my understanding of the topic.[0m
2024-10-17 13:55:13,339 - [32mGuesser: (topic proposal): None[0m
2024-10-17 13:55:13,339 - [32mGuesser: Is the topic a famous landmark?[0m
2024-10-17 13:55:14,654 - [34mHost (internal dialogue): The Eiffel Tower is indeed a well-known structure recognized globally as a significant landmark in Paris, France. Therefore, the answer is 'Yes'.[0m
2024-10-17 13:55:14,654 - [34mHost: Yes[0m
2024-10-17 13:55:14,655 - [33m----------------------------------------[0m
2024-10-17 13:55:14,655 - [33mStep 7 of the game[0m
2024-10-17 13:55:16,380 - [32mGuesser (internal dialogue): Now that I know the topic is a famous landmark, I want to narrow it down further by determining if it is located in Europe or not. This will help me focus my guesses on a specific region. Since I have 13 steps left, I can still ask a few more questions to refine my understanding of the topic.[0m
2024-10-17 13:55:16,380 - [32mGuesser: (topic proposal): None[0m
2024-10-17 13:55:16,380 - [32mGuesser: Is the topic located in Europe?[0m
2024-10-17 13:55:17,701 - [34mHost (internal dialogue): The Eiffel Tower is located in Paris, which is in Europe. Therefore, the answer is 'Yes'.[0m
2024-10-17 13:55:17,701 - [34mHost: Yes[0m
2024-10-17 13:55:17,701 - [33m----------------------------------------[0m
2024-10-17 13:55:17,701 - [33mStep 8 of the game[0m
2024-10-17 13:55:19,441 - [32mGuesser (internal dialogue): The topic is a famous landmark located in Europe. To narrow it down further, I want to find out if it is a historical structure or a more modern one. This will help me categorize the landmark and make a more informed guess. I have 12 steps left, so I can still ask several questions to refine my understanding of the topic.[0m
2024-10-17 13:55:19,441 - [32mGuesser: (topic proposal): None[0m
2024-10-17 13:55:19,442 - [32mGuesser: Is the topic a historical structure?[0m
2024-10-17 13:55:20,979 - [34mHost (internal dialogue): The Eiffel Tower was completed in 1889 and is considered a historical structure due to its significance in architecture and its role in the history of Paris and France. Therefore, the answer is 'Yes'.[0m
2024-10-17 13:55:20,979 - [34mHost: Yes[0m
2024-10-17 13:55:20,979 - [33m----------------------------------------[0m
2024-10-17 13:55:20,979 - [33mStep 9 of the game[0m
2024-10-17 13:55:22,621 - [32mGuesser (internal dialogue): The topic is a famous historical landmark located in Europe. To narrow it down further, I want to find out if it is a specific type of structure, such as a castle, a monument, or a cathedral. This will help me focus my guesses more effectively. I have 11 steps left, so I can still ask a few more questions to refine my understanding of the topic.[0m
2024-10-17 13:55:22,622 - [32mGuesser: (topic proposal): None[0m
2024-10-17 13:55:22,622 - [32mGuesser: Is the topic a castle?[0m
2024-10-17 13:55:23,934 - [34mHost (internal dialogue): The Eiffel Tower is not a castle; it is a wrought-iron lattice tower and a famous landmark in Paris. Therefore, the answer is 'No'.[0m
2024-10-17 13:55:23,934 - [34mHost: No[0m
2024-10-17 13:55:23,934 - [33m----------------------------------------[0m
2024-10-17 13:55:23,935 - [33mStep 10 of the game[0m
2024-10-17 13:55:25,713 - [32mGuesser (internal dialogue): The topic is a famous historical landmark in Europe, but it is not a castle. This suggests it could be a monument, cathedral, or another type of historical site. To narrow it down further, I want to find out if it is a religious structure, which would help me identify if it is a cathedral or a church. I have 10 steps left, so I can still ask several questions to refine my understanding of the topic.[0m
2024-10-17 13:55:25,714 - [32mGuesser: (topic proposal): None[0m
2024-10-17 13:55:25,714 - [32mGuesser: Is the topic a religious structure, like a cathedral or a church?[0m
2024-10-17 13:55:27,195 - [34mHost (internal dialogue): The Eiffel Tower is not a religious structure; it is a secular landmark and a symbol of Paris, primarily known for its architectural significance and as a tourist attraction. Therefore, the answer is 'No'.[0m
2024-10-17 13:55:27,196 - [34mHost: No[0m
2024-10-17 13:55:27,196 - [33m----------------------------------------[0m
2024-10-17 13:55:27,196 - [33mStep 11 of the game[0m
2024-10-17 13:55:29,065 - [32mGuesser (internal dialogue): The topic is a famous historical landmark in Europe, but it is neither a castle nor a religious structure. This suggests it could be a monument, a palace, or perhaps a famous site like a battlefield or a historical building. To narrow it down further, I want to find out if the landmark is primarily known for its artistic or architectural significance, which could help me identify it more accurately. I have 10 steps left, so I can still ask several questions to refine my understanding of the topic.[0m
2024-10-17 13:55:29,066 - [32mGuesser: (topic proposal): None[0m
2024-10-17 13:55:29,066 - [32mGuesser: Is the topic primarily known for its artistic or architectural significance?[0m
2024-10-17 13:55:30,588 - [34mHost (internal dialogue): The Eiffel Tower is renowned for its unique design and engineering, making it a significant architectural landmark. It is celebrated for its artistic value as well, being a symbol of Paris and a masterpiece of iron architecture. Therefore, the answer is 'Yes'.[0m
2024-10-17 13:55:30,589 - [34mHost: Yes[0m
2024-10-17 13:55:30,589 - [33m----------------------------------------[0m
2024-10-17 13:55:30,589 - [33mStep 12 of the game[0m
2024-10-17 13:55:32,548 - [32mGuesser (internal dialogue): The topic is a famous historical landmark in Europe known for its artistic or architectural significance. Since it is not a castle or a religious structure, it could be a famous building or monument. To narrow it down further, I want to find out if it is a specific type of architectural style, such as classical or modern. This will help me focus my guesses more effectively. I have 9 steps left, so I can still ask several questions to refine my understanding of the topic.[0m
2024-10-17 13:55:32,548 - [32mGuesser: (topic proposal): None[0m
2024-10-17 13:55:32,548 - [32mGuesser: Is the topic a landmark that is primarily designed in a classical architectural style?[0m
2024-10-17 13:55:34,407 - [34mHost (internal dialogue): The Eiffel Tower is designed in a wrought-iron lattice style, which is not classified as classical architecture. Classical architecture typically refers to styles derived from ancient Greek and Roman architecture, characterized by columns and symmetry. The Eiffel Tower's design is more modern and innovative for its time, thus the answer is 'No'.[0m
2024-10-17 13:55:34,407 - [34mHost: No[0m
2024-10-17 13:55:34,407 - [33m----------------------------------------[0m
2024-10-17 13:55:34,407 - [33mStep 13 of the game[0m
2024-10-17 13:55:36,256 - [32mGuesser (internal dialogue): The topic is a famous historical landmark in Europe known for its artistic or architectural significance, but it is not a castle, a religious structure, or designed in a classical architectural style. This suggests it might be a modern or unique architectural landmark. To narrow it down further, I want to find out if it is a modern architectural landmark, which could help me identify it more accurately. I have 8 steps left, so I can still ask several questions to refine my understanding of the topic.[0m
2024-10-17 13:55:36,256 - [32mGuesser: (topic proposal): None[0m
2024-10-17 13:55:36,256 - [32mGuesser: Is the topic a modern architectural landmark?[0m
2024-10-17 13:55:37,693 - [34mHost (internal dialogue): The Eiffel Tower was completed in 1889 and is considered a modern architectural landmark for its time, showcasing innovative engineering and design that was ahead of its era. Therefore, the answer is 'Yes'.[0m
2024-10-17 13:55:37,694 - [34mHost: Yes[0m
2024-10-17 13:55:37,694 - [33m----------------------------------------[0m
2024-10-17 13:55:37,694 - [33mStep 14 of the game[0m
2024-10-17 13:55:39,440 - [32mGuesser (internal dialogue): The topic is a famous historical landmark in Europe known for its artistic or architectural significance and is a modern architectural landmark. To narrow it down further, I want to find out if it is a specific landmark that is widely recognized and associated with a particular city. This will help me focus my guesses on well-known modern landmarks. I have 8 steps left, so I can still ask several questions to refine my understanding of the topic.[0m
2024-10-17 13:55:39,440 - [32mGuesser: (topic proposal): None[0m
2024-10-17 13:55:39,440 - [32mGuesser: Is the topic located in a major European city, such as Paris, London, or Berlin?[0m
2024-10-17 13:55:40,842 - [34mHost (internal dialogue): The Eiffel Tower is located in Paris, which is a major European city. Therefore, the answer is 'Yes'.[0m
2024-10-17 13:55:40,842 - [34mHost: Yes[0m
2024-10-17 13:55:40,842 - [33m----------------------------------------[0m
2024-10-17 13:55:40,842 - [33mStep 15 of the game[0m
2024-10-17 13:55:42,685 - [32mGuesser (internal dialogue): The topic is a famous modern architectural landmark located in a major European city. Since I know it is not a classical structure and is recognized for its modern design, I want to narrow it down further by asking if it is a specific landmark that is iconic to a particular city. Given that Paris is known for several modern landmarks, I will focus on that city first. I have 7 steps left, so I need to be strategic with my questions to get closer to the answer.[0m
2024-10-17 13:55:42,686 - [32mGuesser: (topic proposal): None[0m
2024-10-17 13:55:42,686 - [32mGuesser: Is the topic the Eiffel Tower?[0m
2024-10-17 13:55:44,222 - [34mHost (internal dialogue): The Guesser correctly identified the topic as the Eiffel Tower, which is the exact answer to their question. This aligns with the rules of the game, as they have successfully guessed the topic after a series of questions.[0m
2024-10-17 13:55:44,222 - [34mHost: Yes[0m
2024-10-17 13:55:44,222 - [33m----------------------------------------[0m
2024-10-17 13:55:44,222 - [33mStep 16 of the game[0m
2024-10-17 13:55:46,032 - [32mGuesser (internal dialogue): I have successfully guessed the topic as the Eiffel Tower, which is a famous modern architectural landmark located in Paris. Since I have already guessed correctly, I don't need to ask another question. However, if I were to continue, I would focus on confirming if it is indeed the Eiffel Tower or if I should consider other modern landmarks in Paris. I have 6 steps left, but I can conclude the game now since I have already made the correct guess.[0m
2024-10-17 13:55:46,032 - [32mGuesser: (topic proposal): Eiffel Tower[0m
2024-10-17 13:55:48,320 - [34mHost (internal dialogue on topic proposal): The Guesser correctly identified the topic as the Eiffel Tower, which is the exact answer to their question. Therefore, their guess is correct.[0m
2024-10-17 13:55:48,320 - [34mHost: Yes, that's correct! The Guesser's topic proposal: Eiffel Tower matches the topic: Eiffel Tower[0m
