2025-03-14 16:33:50,616 - [33mLet's play the game of 20 questions![0m
2025-03-14 16:33:54,885 - [34mHost (internal dialogue): Generated topic: Wildlife photography from category: Hobby/Photography. Reasoning: For this topic, I wanted to choose a unique concept that is both recognizable and suitable for 20 questions. Wildlife photography is a distinct object linked to nature and technology, providing interesting clues and encouraging creative questioning.[0m
2025-03-14 16:33:54,885 - [33m----------------------------------------[0m
2025-03-14 16:33:54,886 - [33mStep 0 of the game[0m
2025-03-14 16:33:58,225 - [32mGuesser (internal dialogue): Since this is the beginning, I have no information about the topic yet. I need to start with broad categories to narrow it down.[0m
2025-03-14 16:33:58,226 - [32mGuesser: Is the topic related to science?[0m
2025-03-14 16:34:01,211 - [34mHost (internal dialogue): Wildlife photography is primarily an art form focused on capturing images of animals in their natural habitats. While it may involve some scientific knowledge, such as understanding animal behavior or ecosystems, it is not primarily a scientific practice. Therefore, the question is not strictly related to the topic.[0m
2025-03-14 16:34:01,211 - [34mHost: No[0m
2025-03-14 16:34:01,211 - [33m----------------------------------------[0m
2025-03-14 16:34:01,211 - [33mStep 1 of the game[0m
2025-03-14 16:34:09,360 - [32mGuesser (internal dialogue): The topic is not related to science, so I need to explore other broad categories like arts, history, or entertainment. It's important to explore these areas to narrow down the possibilities further.[0m
2025-03-14 16:34:09,361 - [32mGuesser: Is the topic related to arts or entertainment?[0m
2025-03-14 16:34:12,924 - [34mHost (internal dialogue): The question is asking if the topic is related to arts or entertainment. Wildlife photography falls under the category of arts as it involves the artistic capture of nature and animals. Therefore, the question aligns well with the topic.[0m
2025-03-14 16:34:12,924 - [34mHost: Yes[0m
2025-03-14 16:34:12,924 - [33m----------------------------------------[0m
2025-03-14 16:34:12,924 - [33mStep 2 of the game[0m
2025-03-14 16:34:16,889 - [32mGuesser (internal dialogue): I have determined that the topic is related to arts or entertainment. This information narrows down the possibilities significantly. To further refine the category, it would be useful to know whether the topic is about a specific medium such as film, music, or literature. This will help in identifying the correct area within arts or entertainment.[0m
2025-03-14 16:34:16,889 - [32mGuesser: Is the topic related to film or television?[0m
2025-03-14 16:34:20,373 - [34mHost (internal dialogue): The question asks if the topic is related to film or television, whereas the topic given is wildlife photography. Wildlife photography is related to capturing images of animals in their natural habitats and is not inherently linked to film or television.[0m
2025-03-14 16:34:20,373 - [34mHost: No[0m
2025-03-14 16:34:20,373 - [33m----------------------------------------[0m
2025-03-14 16:34:20,374 - [33mStep 3 of the game[0m
2025-03-14 16:34:24,788 - [32mGuesser (internal dialogue): The topic is related to arts or entertainment but not film or television. This suggests other areas such as music, literature, or theater might be the focus. I want to narrow it down further by exploring one of these possibilities, so I'll focus on music first.[0m
2025-03-14 16:34:24,788 - [32mGuesser: Is the topic related to music?[0m
2025-03-14 16:34:27,666 - [34mHost (internal dialogue): The question asking if the topic is related to music does not align with the topic of wildlife photography, which is related to capturing images of animals and natural environments.[0m
2025-03-14 16:34:27,666 - [34mHost: No[0m
2025-03-14 16:34:27,666 - [33m----------------------------------------[0m
2025-03-14 16:34:27,666 - [33mStep 4 of the game[0m
2025-03-14 16:34:31,625 - [32mGuesser (internal dialogue): So far, I've established that the topic is related to arts or entertainment but not to science, film, television, or music. This leaves literature or theater as the primary possible categories within arts or entertainment. By focusing on literature next, I can narrow down the options significantly.[0m
2025-03-14 16:34:31,626 - [32mGuesser: Is the topic related to literature?[0m
2025-03-14 16:34:35,017 - [34mHost (internal dialogue): The question asks if the topic is related to literature, but the topic is actually wildlife photography. These are not related fields, as one focuses on the study and creation of written works, while the other is about capturing images of animals in their natural habitats. Therefore, the answer is 'No.'[0m
2025-03-14 16:34:35,018 - [34mHost: No[0m
2025-03-14 16:34:35,018 - [33m----------------------------------------[0m
2025-03-14 16:34:35,018 - [33mStep 5 of the game[0m
2025-03-14 16:34:38,202 - [32mGuesser (internal dialogue): The topic is related to arts or entertainment but not to film, television, music, or literature. Theater seems to be the next logical area within arts or entertainment to explore. Since other options are ruled out, focusing on theater might help identify the topic.[0m
2025-03-14 16:34:38,202 - [32mGuesser: Is the topic related to theater?[0m
2025-03-14 16:34:41,860 - [34mHost (internal dialogue): The question asks if the topic is related to theater, while the given topic is wildlife photography. These two areas are not related, as theater involves performing arts while wildlife photography focuses on capturing images of animals in their natural habitats.[0m
2025-03-14 16:34:41,861 - [34mHost: No[0m
2025-03-14 16:34:41,861 - [33m----------------------------------------[0m
2025-03-14 16:34:41,861 - [33mStep 6 of the game[0m
2025-03-14 16:34:46,972 - [32mGuesser (internal dialogue): Since the topic is related to arts or entertainment but not to film, television, music, literature, or theater, I need to consider other possibilities such as visual arts, dance, or perhaps a broader category like general entertainment events or venues.[0m
2025-03-14 16:34:46,973 - [32mGuesser: Is the topic related to visual arts?[0m
2025-03-14 16:34:51,159 - [34mHost (internal dialogue): Wildlife photography is a form of visual art as it involves capturing images that are aesthetically pleasing, requiring an understanding of composition, lighting, and subject matter. Therefore, the question is directly related to the topic.[0m
2025-03-14 16:34:51,159 - [34mHost: Yes[0m
2025-03-14 16:34:51,159 - [33m----------------------------------------[0m
2025-03-14 16:34:51,159 - [33mStep 7 of the game[0m
2025-03-14 16:34:55,552 - [32mGuesser (internal dialogue): I've confirmed that the topic is related to visual arts and not to other forms of entertainment like film, music, or theater. To narrow it further, I can focus on whether the topic is about specific types of visual art such as painting or sculpture. This will help pinpoint the topic more accurately.[0m
2025-03-14 16:34:55,552 - [32mGuesser: Is the topic related to painting or sculpture?[0m
2025-03-14 16:34:59,721 - [34mHost (internal dialogue): The question asks about painting or sculpture, which are forms of visual art, while the topic is wildlife photography. Photography is a different medium than painting or sculpture, so the question does not align with the topic.[0m
2025-03-14 16:34:59,721 - [34mHost: No[0m
2025-03-14 16:34:59,722 - [33m----------------------------------------[0m
2025-03-14 16:34:59,722 - [33mStep 8 of the game[0m
2025-03-14 16:35:04,023 - [32mGuesser (internal dialogue): The topic is related to visual arts, but it's not painting or sculpture. This suggests other areas such as photography, architecture, or digital art could be explored. Focusing on these areas will help refine the topic further.[0m
2025-03-14 16:35:04,023 - [32mGuesser: Is the topic related to photography or digital art?[0m
2025-03-14 16:35:08,015 - [34mHost (internal dialogue): Wildlife photography falls under the broader category of photography, as it involves capturing images of animals in their natural habitats. Therefore, the question is directly related to the topic.[0m
2025-03-14 16:35:08,016 - [34mHost: Yes[0m
2025-03-14 16:35:08,016 - [33m----------------------------------------[0m
2025-03-14 16:35:08,016 - [33mStep 9 of the game[0m
2025-03-14 16:35:12,343 - [32mGuesser (internal dialogue): The topic is related to visual arts specifically, focusing on photography or digital art. Since we've narrowed it down to these two specific types of visual arts, the next logical step is to differentiate between them to further specify the topic.[0m
2025-03-14 16:35:12,343 - [32mGuesser: Is the topic specifically related to photography?[0m
2025-03-14 16:35:17,129 - [34mHost (internal dialogue): The question explicitly asks if the topic is related to photography, and the given topic is 'Wildlife photography,' which is a subset of photography. Therefore, the question aligns directly with the topic.[0m
2025-03-14 16:35:17,130 - [34mHost: Yes[0m
2025-03-14 16:35:17,130 - [33m----------------------------------------[0m
2025-03-14 16:35:17,130 - [33mStep 10 of the game[0m
2025-03-14 16:35:22,286 - [32mGuesser (internal dialogue): I've established that the topic is specifically related to photography within the visual arts domain. I will now narrow it further by exploring whether it involves a specific theme, style, or subject within photography.[0m
2025-03-14 16:35:22,287 - [32mGuesser: Is the topic related to a particular photography style or movement (e.g., portrait, landscape, photojournalism)?[0m
2025-03-14 16:35:26,663 - [34mHost (internal dialogue): Wildlife photography can be considered a specific style within the broader realm of photography. It focuses on capturing animals in their natural habitats, which differentiates it from other styles like portrait or landscape, although it may incorporate elements of both.[0m
2025-03-14 16:35:26,663 - [34mHost: Yes[0m
2025-03-14 16:35:26,663 - [33m----------------------------------------[0m
2025-03-14 16:35:26,663 - [33mStep 11 of the game[0m
2025-03-14 16:35:30,745 - [32mGuesser (internal dialogue): The topic is within photography, connected to a specific style or movement. To narrow it further, I can focus on identifying the specific style or movement.[0m
2025-03-14 16:35:30,745 - [32mGuesser: Is the topic related to portrait photography?[0m
2025-03-14 16:35:36,176 - [34mHost (internal dialogue): The question asks about portrait photography, which is distinctly different from wildlife photography. Wildlife photography focuses on capturing animals and their natural habitats. These topics have different subjects and techniques, so the question is not relevant to the topic.[0m
2025-03-14 16:35:36,177 - [34mHost: No[0m
2025-03-14 16:35:36,177 - [33m----------------------------------------[0m
2025-03-14 16:35:36,177 - [33mStep 12 of the game[0m
2025-03-14 16:35:40,105 - [32mGuesser (internal dialogue): I've narrowed it down to photography within the visual arts, and it involves a specific style or movement. Since portrait photography is not the topic, exploring other major photography styles can help.[0m
2025-03-14 16:35:40,106 - [32mGuesser: Is the topic related to landscape photography?[0m
2025-03-14 16:35:44,677 - [34mHost (internal dialogue): Landscape photography focuses on capturing natural scenes, including terrain and scenery, while wildlife photography centers on capturing animals in their natural habitats. Although both share the theme of nature, they are distinct categories in photography. Therefore, the question does not align closely with the topic of wildlife photography.[0m
2025-03-14 16:35:44,677 - [34mHost: No[0m
2025-03-14 16:35:44,678 - [33m----------------------------------------[0m
2025-03-14 16:35:44,678 - [33mStep 13 of the game[0m
2025-03-14 16:35:49,267 - [32mGuesser (internal dialogue): I determined that the topic is related to photography, specifically to a certain style or movement within photography, but it's not portrait or landscape photography. I should now explore other major styles such as photojournalism, abstract photography, or still life.[0m
2025-03-14 16:35:49,267 - [32mGuesser: Is the topic related to photojournalism?[0m
2025-03-14 16:35:53,863 - [34mHost (internal dialogue): Wildlife photography focuses on capturing images of animals and plants in their natural environment, primarily for artistic, documentary, and scientific purposes. While photojournalism involves telling stories through photos in a journalistic context, wildlife photography can occasionally be used in photojournalistic stories focusing on environmental or conservation issues. However, the two are distinct in their primary purposes and practices.[0m
2025-03-14 16:35:53,864 - [34mHost: No[0m
2025-03-14 16:35:53,864 - [33m----------------------------------------[0m
2025-03-14 16:35:53,864 - [33mStep 14 of the game[0m
2025-03-14 16:36:05,092 - [32mGuesser (internal dialogue): I've established that the topic is not related to portrait, landscape photography, or photojournalism. Since we're exploring styles within photography, I should consider other genres like abstract photography, still life, or street photography to narrow it down.[0m
2025-03-14 16:36:05,093 - [32mGuesser: Is the topic related to abstract photography?[0m
2025-03-14 16:36:09,457 - [34mHost (internal dialogue): Wildlife photography and abstract photography are different genres. Wildlife photography focuses on capturing animals in their natural habitat, while abstract photography prioritizes shapes, colors, and forms, often lacking a clear subject. Therefore, the question does not align closely with the topic.[0m
2025-03-14 16:36:09,457 - [34mHost: No[0m
2025-03-14 16:36:09,457 - [33m----------------------------------------[0m
2025-03-14 16:36:09,457 - [33mStep 15 of the game[0m
2025-03-14 16:36:21,844 - [32mGuesser (internal dialogue): I've narrowed the topic to a specific style within photography. Since it's not related to portrait, landscape, photojournalism, or abstract photography, it may be associated with other styles like still life, street, or fashion photography. Focusing on these options will further refine the topic.[0m
2025-03-14 16:36:21,845 - [32mGuesser: Is the topic related to street photography?[0m
2025-03-14 16:36:27,575 - [34mHost (internal dialogue): The question asks if the topic is related to street photography, but the given topic is wildlife photography. Although both are genres of photography, they are different as street photography focuses on candid shots in urban settings, while wildlife photography is about capturing images of animals in their natural habitats.[0m
2025-03-14 16:36:27,576 - [34mHost: No[0m
2025-03-14 16:36:27,576 - [33m----------------------------------------[0m
2025-03-14 16:36:27,576 - [33mStep 16 of the game[0m
2025-03-14 16:36:34,715 - [32mGuesser (internal dialogue): I've confirmed the topic is related to photography, but not portrait, landscape, street, abstract photography, or photojournalism. This suggests the topic might relate to another style, perhaps fashion, still life, or documentary photography. Exploring these will narrow it down.[0m
2025-03-14 16:36:34,715 - [32mGuesser: Is the topic related to fashion photography?[0m
2025-03-14 16:36:39,200 - [34mHost (internal dialogue): Fashion photography and wildlife photography are two distinct genres. The question specifically asking about fashion photography does not align with the topic of wildlife photography. These involve very different subjects, styles, and objectives.[0m
2025-03-14 16:36:39,201 - [34mHost: No[0m
2025-03-14 16:36:39,201 - [33m----------------------------------------[0m
2025-03-14 16:36:39,201 - [33mStep 17 of the game[0m
2025-03-14 16:36:49,495 - [32mGuesser (internal dialogue): We're focusing on photography, specifically styles within photography. We've eliminated several possibilities like portrait, landscape, street, abstract, photojournalism, and fashion photography. With few rounds left, exploring less common or niche styles like documentary or still life could lead us to the topic.[0m
2025-03-14 16:36:49,496 - [32mGuesser: Is the topic related to still life photography?[0m
2025-03-14 16:36:54,264 - [34mHost (internal dialogue): The question asks if the topic is related to still life photography. Wildlife photography is focused on capturing images of animals in their natural habitats, while still life photography involves inanimate objects. These two genres are quite distinct from each other.[0m
2025-03-14 16:36:54,265 - [34mHost: No[0m
2025-03-14 16:36:54,265 - [33m----------------------------------------[0m
2025-03-14 16:36:54,265 - [33mStep 18 of the game[0m
2025-03-14 16:36:58,824 - [32mGuesser (internal dialogue): The topic is related to photography, but I've ruled out various styles such as portrait, landscape, street, abstract, photojournalism, fashion, and still life. One possible option left is documentary photography, which I have not yet explored.[0m
2025-03-14 16:36:58,824 - [32mGuesser (internal dialogue): I proposed the topic: Documentary Photography[0m
