2025-03-17 08:52:31,754 - [33mLet's play the game of 20 questions![0m
2025-03-17 08:52:36,532 - [34mHost (internal dialogue): Generated topic: Anubis from category: mythology/Egyptian. Reasoning: Given the unique seed, I chose Egyptian mythology because it is rich with fascinating and lesser-known deities that offer an intriguing challenge for a game of 20 questions. Anubis is a well-known but still mysterious figure, which provides a good balance between familiarity and complexity.[0m
2025-03-17 08:52:36,533 - [33m----------------------------------------[0m
2025-03-17 08:52:36,533 - [33mStep 0 of the game[0m
2025-03-17 08:52:43,170 - [32mGuesser (internal dialogue): Since this is the first round, I don't have any information about the topic yet. A good starting point would be to ask if the topic is related to a broad category such as science, history, entertainment, etc. This will help narrow down the possibilities.[0m
2025-03-17 08:52:43,170 - [32mGuesser: Is the topic related to science?[0m
2025-03-17 08:52:47,420 - [34mHost (internal dialogue): The topic is Anubis, who is a deity from Egyptian mythology associated with mummification and the afterlife. This does not relate to science as a field but rather to mythology and religion. Therefore, the answer is No, as the question asks about a direct relation to science, which Anubis does not have.[0m
2025-03-17 08:52:47,420 - [34mHost: No[0m
2025-03-17 08:52:47,420 - [33m----------------------------------------[0m
2025-03-17 08:52:47,420 - [33mStep 1 of the game[0m
2025-03-17 08:52:51,069 - [32mGuesser (internal dialogue): Since the topic is not related to science, we can focus on other broad categories like history, entertainment, or sports. Identifying which broad category the topic belongs to will help narrow down the possibilities.[0m
2025-03-17 08:52:51,069 - [32mGuesser: Is the topic related to history?[0m
2025-03-17 08:52:54,545 - [34mHost (internal dialogue): Anubis is an ancient Egyptian deity associated with mummification and the afterlife, which is a historical context. Thus, the question about the topic's relation to history is relevant.[0m
2025-03-17 08:52:54,545 - [34mHost: Yes[0m
2025-03-17 08:52:54,546 - [33m----------------------------------------[0m
2025-03-17 08:52:54,546 - [33mStep 2 of the game[0m
2025-03-17 08:52:59,178 - [32mGuesser (internal dialogue): Based on the current responses, I know the topic is related to history. Narrowing down the time period could help significantly. Asking about modern history versus ancient history is a good step forward.[0m
2025-03-17 08:52:59,178 - [32mGuesser: Is the topic related to modern history?[0m
2025-03-17 08:53:01,861 - [34mHost (internal dialogue): Anubis is an ancient Egyptian god associated with mummification and the afterlife, not modern history. The question does not align with the topic.[0m
2025-03-17 08:53:01,861 - [34mHost: No[0m
2025-03-17 08:53:01,861 - [33m----------------------------------------[0m
2025-03-17 08:53:01,861 - [33mStep 3 of the game[0m
2025-03-17 08:53:05,847 - [32mGuesser (internal dialogue): From the conversation, I know the topic is related to history but not modern history. I should focus on ancient or medieval times. Exploring specific civilizations or broader time periods could help. There are 17 steps left so I have time to narrow down further.[0m
2025-03-17 08:53:05,847 - [32mGuesser: Is the topic related to ancient history?[0m
2025-03-17 08:53:08,856 - [34mHost (internal dialogue): Anubis is a deity from ancient Egyptian mythology, which is part of ancient history. The question directly relates to the topic as it clearly encompasses the cultural and historical period where Anubis is relevant.[0m
2025-03-17 08:53:08,856 - [34mHost: Yes[0m
2025-03-17 08:53:08,857 - [33m----------------------------------------[0m
2025-03-17 08:53:08,857 - [33mStep 4 of the game[0m
2025-03-17 08:53:12,230 - [32mGuesser (internal dialogue): Since the topic is related to ancient history, I should try to narrow it down further. I could ask about a specific civilization or region, such as Greece, Rome, Egypt, etc. This will help me identify the exact focus within ancient history.[0m
2025-03-17 08:53:12,230 - [32mGuesser: Is the topic related to Ancient Egypt?[0m
2025-03-17 08:53:15,572 - [34mHost (internal dialogue): Anubis is a deity from Ancient Egypt, associated with mummification and the afterlife. The question directly pertains to the topic, as Anubis is an integral part of Ancient Egyptian mythology and culture.[0m
2025-03-17 08:53:15,573 - [34mHost: Yes[0m
2025-03-17 08:53:15,573 - [33m----------------------------------------[0m
2025-03-17 08:53:15,573 - [33mStep 5 of the game[0m
2025-03-17 08:53:18,890 - [32mGuesser (internal dialogue): Since the topic is related to Ancient Egypt, I can narrow down the topic by focusing on specific aspects like famous figures, monuments, or events. Knowing more about what part of Ancient Egypt the topic pertains to will help identify it.[0m
2025-03-17 08:53:18,891 - [32mGuesser: Is the topic related to a famous monument in Ancient Egypt?[0m
2025-03-17 08:53:22,283 - [34mHost (internal dialogue): Anubis is an ancient Egyptian deity associated with mummification and the afterlife, not a monument. Therefore, the question is not related to the topic of Anubis.[0m
2025-03-17 08:53:22,283 - [34mHost: No[0m
2025-03-17 08:53:22,283 - [33m----------------------------------------[0m
2025-03-17 08:53:22,283 - [33mStep 6 of the game[0m
2025-03-17 08:53:25,850 - [32mGuesser (internal dialogue): I know the topic is related to Ancient Egypt, but it's not about a famous monument. This suggests it could be about a person, event, or aspect of Ancient Egyptian culture, such as religion or daily life.[0m
2025-03-17 08:53:25,850 - [32mGuesser: Is the topic related to a famous figure in Ancient Egypt?[0m
2025-03-17 08:53:28,670 - [34mHost (internal dialogue): Anubis is indeed a famous figure in Ancient Egypt, known as the god associated with mummification and the afterlife. The question directly relates to the topic.[0m
2025-03-17 08:53:28,670 - [34mHost: Yes[0m
2025-03-17 08:53:28,671 - [33m----------------------------------------[0m
2025-03-17 08:53:28,671 - [33mStep 7 of the game[0m
2025-03-17 08:53:32,566 - [32mGuesser (internal dialogue): I know the topic is related to a famous figure in Ancient Egypt. To narrow it down further, I can ask if this figure was a female ruler, which might lead me to figures like Cleopatra or Hatshepsut, who are well-known.[0m
2025-03-17 08:53:32,566 - [32mGuesser: Is the topic related to a female ruler in Ancient Egypt?[0m
2025-03-17 08:53:36,761 - [34mHost (internal dialogue): Anubis is an ancient Egyptian god associated with mummification and the afterlife, typically depicted as a canine or a man with a canine head. He is not a female ruler and is instead a deity. Thus, the question about a female ruler in Ancient Egypt does not relate to Anubis.[0m
2025-03-17 08:53:36,762 - [34mHost: No[0m
2025-03-17 08:53:36,762 - [33m----------------------------------------[0m
2025-03-17 08:53:36,762 - [33mStep 8 of the game[0m
2025-03-17 08:53:41,875 - [32mGuesser (internal dialogue): So far, I know the topic is related to a famous figure in Ancient Egypt, but not a female ruler. To narrow it down, I should target well-known male figures, rulers, or other significant individuals in Egyptian history. There are 12 steps left, giving me room to focus on specific roles or contributions in Ancient Egypt.[0m
2025-03-17 08:53:41,876 - [32mGuesser: Is the topic related to a Pharaoh of Ancient Egypt?[0m
2025-03-17 08:53:45,159 - [34mHost (internal dialogue): Anubis is an ancient Egyptian god associated with mummification and the afterlife, not a Pharaoh. Therefore, the question about being related to a Pharaoh does not align strictly with the topic.[0m
2025-03-17 08:53:45,159 - [34mHost: No[0m
2025-03-17 08:53:45,159 - [33m----------------------------------------[0m
2025-03-17 08:53:45,159 - [33mStep 9 of the game[0m
2025-03-17 08:53:49,273 - [32mGuesser (internal dialogue): I know the topic is about a famous figure in Ancient Egypt who is not a pharaoh or a female ruler. This suggests the figure might be related to a different role, possibly in culture, military, or religion.[0m
2025-03-17 08:53:49,273 - [32mGuesser: Is the topic related to a religious figure in Ancient Egypt?[0m
2025-03-17 08:53:53,178 - [34mHost (internal dialogue): Anubis is indeed related to Ancient Egyptian religion as a god associated with mummification and the afterlife. This aligns with the concept of a religious figure in Ancient Egypt, making the question relevant and correctly targeted.[0m
2025-03-17 08:53:53,179 - [34mHost: Yes[0m
2025-03-17 08:53:53,179 - [33m----------------------------------------[0m
2025-03-17 08:53:53,179 - [33mStep 10 of the game[0m
2025-03-17 08:53:57,232 - [32mGuesser (internal dialogue): The topic is about a famous religious figure from Ancient Egypt. Since we've eliminated female rulers and pharaohs, this seems to narrow it down to pivotal religious roles. Asking about a specific high priest or a figure involved in religious developments or structures could help.[0m
2025-03-17 08:53:57,232 - [32mGuesser: Is the topic related to a high priest in Ancient Egypt?[0m
2025-03-17 08:54:01,154 - [34mHost (internal dialogue): Anubis is known as the god of mummification and the afterlife in ancient Egyptian mythology. While he is not a high priest himself, his role is heavily connected to the religious and funerary practices overseen by priests. Therefore, this question is somewhat related but not precisely accurate to the core role or identity of Anubis.[0m
2025-03-17 08:54:01,154 - [34mHost: No[0m
2025-03-17 08:54:01,154 - [33m----------------------------------------[0m
2025-03-17 08:54:01,154 - [33mStep 11 of the game[0m
2025-03-17 08:54:06,455 - [32mGuesser (internal dialogue): I know the topic involves a famous religious figure from Ancient Egypt who is not a pharaoh, a female ruler, or a high priest. This could indicate a key figure associated with religious myths or architectural achievements in religion.[0m
2025-03-17 08:54:06,455 - [32mGuesser: Is the topic related to a figure involved in the construction of a religious site in Ancient Egypt?[0m
2025-03-17 08:54:11,576 - [34mHost (internal dialogue): Anubis is an ancient Egyptian god associated with mummification and the afterlife, not directly involved in the construction of religious sites. The question is referring to a historical figure or role related to physical construction, which Anubis was not. Therefore, the question is not strictly related to the topic of Anubis.[0m
2025-03-17 08:54:11,576 - [34mHost: No[0m
2025-03-17 08:54:11,577 - [33m----------------------------------------[0m
2025-03-17 08:54:11,577 - [33mStep 12 of the game[0m
2025-03-17 08:54:16,082 - [32mGuesser (internal dialogue): The topic is related to a famous religious figure from Ancient Egypt, but not a pharaoh, female ruler, high priest, or someone involved in constructing a religious site. This suggests the figure might be linked to religious myths or tales, possibly a scribe, scholar, or a figure known for a particular mythological connection.[0m
2025-03-17 08:54:16,082 - [32mGuesser: Is the topic related to a figure in Egyptian mythology?[0m
2025-03-17 08:54:20,998 - [34mHost (internal dialogue): Anubis is a prominent figure in Egyptian mythology, known as the god of mummification and the afterlife. The question directly pertains to whether the topic is a figure in Egyptian mythology, which Anubis is.[0m
2025-03-17 08:54:20,998 - [34mHost: Yes[0m
2025-03-17 08:54:20,998 - [33m----------------------------------------[0m
2025-03-17 08:54:20,998 - [33mStep 13 of the game[0m
2025-03-17 08:54:25,605 - [32mGuesser (internal dialogue): I know the topic is a figure in Egyptian mythology. Since it’s not a pharaoh, female ruler, or high priest, I'll focus on well-known mythological deities or characters.[0m
2025-03-17 08:54:25,605 - [32mGuesser: Is the topic related to a god in Egyptian mythology?[0m
2025-03-17 08:54:29,190 - [34mHost (internal dialogue): Anubis is indeed a god in Egyptian mythology, specifically associated with mummification and the afterlife. Therefore, the question is directly related to the topic.[0m
2025-03-17 08:54:29,190 - [34mHost: Yes[0m
2025-03-17 08:54:29,191 - [33m----------------------------------------[0m
2025-03-17 08:54:29,191 - [33mStep 14 of the game[0m
2025-03-17 08:54:33,284 - [32mGuesser (internal dialogue): From the information gathered, the topic is related to a god in Egyptian mythology. To narrow it further, I should ask about specific gods, focusing on well-known ones such as Ra, Anubis, or Osiris.[0m
2025-03-17 08:54:33,285 - [32mGuesser: Is the topic related to Anubis?[0m
2025-03-17 08:54:37,075 - [34mHost (internal dialogue): Yes, the topic is directly related to Anubis as the question is specifically asking about the relationship to Anubis. This is exactly aligned with the given topic of Anubis.[0m
2025-03-17 08:54:37,075 - [34mHost: Yes[0m
2025-03-17 08:54:37,075 - [33m----------------------------------------[0m
2025-03-17 08:54:37,075 - [33mStep 15 of the game[0m
2025-03-17 08:54:41,477 - [32mGuesser (internal dialogue): The topic is confirmed to be related to Anubis, a deity from Egyptian mythology. To further explore the specific aspect of Anubis being considered, I can inquire about his particular roles or symbolisms within the mythology.[0m
2025-03-17 08:54:41,477 - [32mGuesser: Is the topic related to Anubis's role in the afterlife?[0m
2025-03-17 08:54:45,216 - [34mHost (internal dialogue): The question directly pertains to Anubis, who is an ancient Egyptian deity associated with the afterlife and mummification. This aligns perfectly with the topic of Anubis.[0m
2025-03-17 08:54:45,216 - [34mHost: Yes[0m
2025-03-17 08:54:45,216 - [33m----------------------------------------[0m
2025-03-17 08:54:45,217 - [33mStep 16 of the game[0m
2025-03-17 08:54:49,601 - [32mGuesser (internal dialogue): I have gathered that the topic is about Anubis and specifically about his role in the afterlife as a god in Egyptian mythology. Further narrowing could involve exploring his specific functions or rituals associated with him.[0m
2025-03-17 08:54:49,601 - [32mGuesser: Is the topic related to Anubis's role in the embalming process?[0m
2025-03-17 08:54:53,730 - [34mHost (internal dialogue): The question asks about Anubis's role in the embalming process, which directly relates to the topic of Anubis, an Egyptian god associated with mummification and the afterlife.[0m
2025-03-17 08:54:53,730 - [34mHost: Yes[0m
2025-03-17 08:54:53,730 - [33m----------------------------------------[0m
2025-03-17 08:54:53,730 - [33mStep 17 of the game[0m
2025-03-17 08:54:58,985 - [32mGuesser (internal dialogue): I know the topic is related to Anubis, focusing on his role in the embalming process. This suggests the topic could delve into specific rituals or practices related to embalming. I have a few steps left to confirm specific details.[0m
2025-03-17 08:54:58,986 - [32mGuesser: Is the topic related to the ritual practices performed by Anubis during embalming?[0m
2025-03-17 08:55:03,352 - [34mHost (internal dialogue): The question is asking if the topic relates to the ritual practices of Anubis during embalming. Since Anubis is the ancient Egyptian god associated with mummification and the afterlife, the question is related to the topic.[0m
2025-03-17 08:55:03,353 - [34mHost: Yes[0m
2025-03-17 08:55:03,353 - [33m----------------------------------------[0m
2025-03-17 08:55:03,353 - [33mStep 18 of the game[0m
2025-03-17 08:55:08,008 - [32mGuesser (internal dialogue): I know the topic is about Anubis, specifically related to his ritual practices during embalming. With two steps left, I need to clarify if it's about a specific aspect or general practices during the embalming process.[0m
2025-03-17 08:55:08,008 - [32mGuesser: Is the topic related to the weighing of the heart ceremony?[0m
2025-03-17 08:55:12,515 - [34mHost (internal dialogue): The question is directly related to the topic since Anubis is the Egyptian god associated with mummification and the afterlife. In Egyptian mythology, Anubis plays a critical role in the weighing of the heart ceremony to determine the fate of souls in the afterlife. Therefore, the question aligns well with the specified topic.[0m
2025-03-17 08:55:12,515 - [34mHost: Yes[0m
2025-03-17 08:55:12,515 - [33m----------------------------------------[0m
2025-03-17 08:55:12,515 - [33mStep 19 of the game[0m
2025-03-17 08:55:17,471 - [32mGuesser (internal dialogue): The topic is related to Anubis, focusing specifically on his role in the embalming process and ritual practices like the weighing of the heart ceremony in Egyptian mythology. As we are close to the goal, I should confirm if this is the final specific aspect to guess accurately.[0m
2025-03-17 08:55:17,471 - [32mGuesser: Is the topic specifically about Anubis's role in the weighing of the heart ceremony?[0m
2025-03-17 08:55:21,721 - [34mHost (internal dialogue): The question directly relates to Anubis, as he is a significant figure in the ancient Egyptian mythology, particularly noted for his role in the weighing of the heart ceremony. This is a key aspect of Anubis's responsibilities, thus the question is directly related to the topic.[0m
2025-03-17 08:55:21,721 - [34mHost: Yes[0m
2025-03-17 08:55:21,721 - [33mThe Guesser has not guessed the topic in 20 steps. The Guesser loses![0m
