2024-10-17 13:49:28,100 - [33mLet's play the game of 20 questions![0m
2024-10-17 13:49:28,100 - [34mHost: Psst...The Guesser doesn't know this, but I can reveal that the topic is Leonardo da Vinci[0m
2024-10-17 13:49:28,100 - [33m----------------------------------------[0m
2024-10-17 13:49:28,100 - [33mStep 0 of the game[0m
2024-10-17 13:49:29,800 - [32mGuesser (internal dialogue): I need to narrow down the possibilities of what the topic could be. Asking if it is a living thing will help me determine if I should be thinking about animals or plants, or if I should focus on inanimate objects or places. Since I have 20 steps, I want to make sure I gather useful information early on.[0m
2024-10-17 13:49:29,800 - [32mGuesser: (topic proposal): None[0m
2024-10-17 13:49:29,800 - [32mGuesser: Is the topic a living thing?[0m
2024-10-17 13:49:31,234 - [34mHost (internal dialogue): Leonardo da Vinci was a historical figure and is not a living thing, as he passed away in 1519. Therefore, the answer is 'No'.[0m
2024-10-17 13:49:31,234 - [34mHost: No[0m
2024-10-17 13:49:31,234 - [33m----------------------------------------[0m
2024-10-17 13:49:31,234 - [33mStep 1 of the game[0m
2024-10-17 13:49:32,887 - [32mGuesser (internal dialogue): Since the topic is not a living thing, I can focus on inanimate objects or places. I want to determine if the topic is something that is commonly found indoors or outdoors. This will help me narrow down the category further. I have 19 steps left, so I can afford to ask a few more questions to get closer to the answer.[0m
2024-10-17 13:49:32,887 - [32mGuesser: (topic proposal): None[0m
2024-10-17 13:49:32,888 - [32mGuesser: Is the topic something that is commonly found indoors?[0m
2024-10-17 13:49:34,514 - [34mHost (internal dialogue): Leonardo da Vinci is primarily known for his contributions to art and science, and he is not a physical object that can be found indoors. Therefore, the answer is 'No'.[0m
2024-10-17 13:49:34,514 - [34mHost: No[0m
2024-10-17 13:49:34,514 - [33m----------------------------------------[0m
2024-10-17 13:49:34,514 - [33mStep 2 of the game[0m
2024-10-17 13:49:36,217 - [32mGuesser (internal dialogue): The topic is not a living thing and is not commonly found indoors, which suggests it might be an outdoor object or a place. To narrow it down further, I want to find out if the topic is a specific type of object or a geographical location. Asking if it is a place will help me determine if I should be thinking about locations like cities, countries, or natural features. I have 18 steps left, so I can continue to ask questions to refine my guess.[0m
2024-10-17 13:49:36,217 - [32mGuesser: (topic proposal): None[0m
2024-10-17 13:49:36,217 - [32mGuesser: Is the topic a place?[0m
2024-10-17 13:49:38,230 - [34mHost (internal dialogue): Leonardo da Vinci is not a place; he was a person known for his work in art and science. Therefore, the answer is 'No'.[0m
2024-10-17 13:49:38,230 - [34mHost: No[0m
2024-10-17 13:49:38,230 - [33m----------------------------------------[0m
2024-10-17 13:49:38,231 - [33mStep 3 of the game[0m
2024-10-17 13:49:40,914 - [32mGuesser (internal dialogue): The topic is not a living thing, not commonly found indoors, and not a place. This suggests it is likely an inanimate object that is typically found outdoors. To narrow it down further, I want to find out if the topic is something that is man-made or a natural object. This will help me categorize it better. I have 17 steps left, so I can still ask several questions to get closer to the answer.[0m
2024-10-17 13:49:40,915 - [32mGuesser: (topic proposal): None[0m
2024-10-17 13:49:40,915 - [32mGuesser: Is the topic a man-made object?[0m
2024-10-17 13:49:42,385 - [34mHost (internal dialogue): Leonardo da Vinci is not a man-made object; he was a person, an artist, and a scientist. Therefore, the answer is 'No'.[0m
2024-10-17 13:49:42,385 - [34mHost: No[0m
2024-10-17 13:49:42,385 - [33m----------------------------------------[0m
2024-10-17 13:49:42,385 - [33mStep 4 of the game[0m
2024-10-17 13:49:44,337 - [32mGuesser (internal dialogue): The topic is not a living thing, not commonly found indoors, not a place, and not a man-made object. This indicates that it is likely a natural object found outdoors. To narrow it down further, I want to determine if the topic is something that is typically found in a specific environment, such as water, land, or air. Asking if it is something found in water will help me identify if it is related to aquatic environments. I have 16 steps left, so I can still ask several questions to refine my guess.[0m
2024-10-17 13:49:44,337 - [32mGuesser: (topic proposal): None[0m
2024-10-17 13:49:44,337 - [32mGuesser: Is the topic something that is typically found in water?[0m
2024-10-17 13:49:45,717 - [34mHost (internal dialogue): Leonardo da Vinci is not something that is typically found in water; he was a historical figure and not a physical object or living thing associated with water. Therefore, the answer is 'No'.[0m
2024-10-17 13:49:45,717 - [34mHost: No[0m
2024-10-17 13:49:45,717 - [33m----------------------------------------[0m
2024-10-17 13:49:45,717 - [33mStep 5 of the game[0m
2024-10-17 13:49:47,512 - [32mGuesser (internal dialogue): The topic is not a living thing, not commonly found indoors, not a place, not a man-made object, and not something typically found in water. This suggests it is a natural object found on land. To narrow it down further, I want to find out if the topic is a type of mineral or rock, which would help me categorize it better. I have 15 steps left, so I can still ask several questions to get closer to the answer.[0m
2024-10-17 13:49:47,512 - [32mGuesser: (topic proposal): None[0m
2024-10-17 13:49:47,512 - [32mGuesser: Is the topic a type of mineral or rock?[0m
2024-10-17 13:49:48,956 - [34mHost (internal dialogue): Leonardo da Vinci is not a type of mineral or rock; he was a person known for his contributions to art and science. Therefore, the answer is 'No'.[0m
2024-10-17 13:49:48,957 - [34mHost: No[0m
2024-10-17 13:49:48,957 - [33m----------------------------------------[0m
2024-10-17 13:49:48,957 - [33mStep 6 of the game[0m
2024-10-17 13:49:50,890 - [32mGuesser (internal dialogue): The topic is not a living thing, not commonly found indoors, not a place, not a man-made object, not something typically found in water, and not a mineral or rock. This suggests it could be a natural object like a plant or a geographical feature. Since it is not a mineral or rock, I want to explore if it could be a type of plant or tree. I have 14 steps left, so I can still ask several questions to refine my guess.[0m
2024-10-17 13:49:50,891 - [32mGuesser: (topic proposal): None[0m
2024-10-17 13:49:50,891 - [32mGuesser: Is the topic a type of plant or tree?[0m
2024-10-17 13:49:52,272 - [34mHost (internal dialogue): Leonardo da Vinci is not a type of plant or tree; he was a historical figure known for his contributions to art and science. Therefore, the answer is 'No'.[0m
2024-10-17 13:49:52,273 - [34mHost: No[0m
2024-10-17 13:49:52,273 - [33m----------------------------------------[0m
2024-10-17 13:49:52,273 - [33mStep 7 of the game[0m
2024-10-17 13:49:54,178 - [32mGuesser (internal dialogue): The topic is not a living thing, not commonly found indoors, not a place, not a man-made object, not something typically found in water, not a mineral or rock, and not a type of plant or tree. This leaves me with the possibility of it being a natural feature or phenomenon, such as a landform or weather-related object. To narrow it down further, I want to find out if the topic is a type of landform, like a mountain, valley, or hill. I have 13 steps left, so I can still ask several questions to refine my guess.[0m
2024-10-17 13:49:54,178 - [32mGuesser: (topic proposal): None[0m
2024-10-17 13:49:54,178 - [32mGuesser: Is the topic a type of landform?[0m
2024-10-17 13:49:55,705 - [34mHost (internal dialogue): Leonardo da Vinci is not a type of landform; he was a person known for his contributions to art and science. Therefore, the answer is 'No'.[0m
2024-10-17 13:49:55,705 - [34mHost: No[0m
2024-10-17 13:49:55,705 - [33m----------------------------------------[0m
2024-10-17 13:49:55,705 - [33mStep 8 of the game[0m
2024-10-17 13:49:57,639 - [32mGuesser (internal dialogue): The topic is not a living thing, not commonly found indoors, not a place, not a man-made object, not something typically found in water, not a mineral or rock, not a type of plant or tree, and not a type of landform. This suggests it could be something related to natural phenomena or elements. To explore this further, I want to find out if the topic is related to weather or atmospheric phenomena, such as clouds, storms, or other weather-related objects. I have 12 steps left, so I can still ask several questions to refine my guess.[0m
2024-10-17 13:49:57,639 - [32mGuesser: (topic proposal): None[0m
2024-10-17 13:49:57,639 - [32mGuesser: Is the topic related to weather or atmospheric phenomena?[0m
2024-10-17 13:49:59,289 - [34mHost (internal dialogue): Leonardo da Vinci is not related to weather or atmospheric phenomena; he was a historical figure known for his contributions to art and science. Therefore, the answer is 'No'.[0m
2024-10-17 13:49:59,290 - [34mHost: No[0m
2024-10-17 13:49:59,290 - [33m----------------------------------------[0m
2024-10-17 13:49:59,290 - [33mStep 9 of the game[0m
2024-10-17 13:50:01,443 - [32mGuesser (internal dialogue): The topic is not a living thing, not commonly found indoors, not a place, not a man-made object, not something typically found in water, not a mineral or rock, not a type of plant or tree, not a type of landform, and not related to weather or atmospheric phenomena. This leaves me with the possibility of it being a natural object that doesn't fit into the previous categories. I want to explore if the topic is a type of natural element or substance, such as a gas or a type of soil. I have 11 steps left, so I need to be strategic in my questioning to narrow it down further.[0m
2024-10-17 13:50:01,444 - [32mGuesser: (topic proposal): None[0m
2024-10-17 13:50:01,444 - [32mGuesser: Is the topic a type of natural element or substance, like soil or gas?[0m
2024-10-17 13:50:02,840 - [34mHost (internal dialogue): Leonardo da Vinci is not a type of natural element or substance; he was a person known for his contributions to art and science. Therefore, the answer is 'No'.[0m
2024-10-17 13:50:02,840 - [34mHost: No[0m
2024-10-17 13:50:02,840 - [33m----------------------------------------[0m
2024-10-17 13:50:02,840 - [33mStep 10 of the game[0m
2024-10-17 13:50:05,042 - [32mGuesser (internal dialogue): The topic is not a living thing, not commonly found indoors, not a place, not a man-made object, not something typically found in water, not a mineral or rock, not a type of plant or tree, not a type of landform, not related to weather or atmospheric phenomena, and not a type of natural element or substance. This leaves me with very few options. I want to explore if the topic could be a specific type of natural object that is often overlooked, such as a type of natural feature like a cave or a specific type of natural occurrence. I have 10 steps left, so I need to be strategic in my questioning to narrow it down further.[0m
2024-10-17 13:50:05,042 - [32mGuesser: (topic proposal): None[0m
2024-10-17 13:50:05,043 - [32mGuesser: Is the topic a type of natural feature, like a cave or a waterfall?[0m
2024-10-17 13:50:06,418 - [34mHost (internal dialogue): Leonardo da Vinci is not a type of natural feature; he was a historical figure known for his contributions to art and science. Therefore, the answer is 'No'.[0m
2024-10-17 13:50:06,419 - [34mHost: No[0m
2024-10-17 13:50:06,419 - [33m----------------------------------------[0m
2024-10-17 13:50:06,419 - [33mStep 11 of the game[0m
2024-10-17 13:50:08,759 - [32mGuesser (internal dialogue): The topic is not a living thing, not commonly found indoors, not a place, not a man-made object, not something typically found in water, not a mineral or rock, not a type of plant or tree, not a type of landform, not related to weather or atmospheric phenomena, not a type of natural element or substance, and not a type of natural feature. Given all these exclusions, I need to think outside the box. It might be something that is often overlooked or not categorized in the usual ways. I want to explore if the topic could be a type of natural phenomenon that is not related to weather, such as a geological phenomenon or a specific type of natural occurrence. I have 10 steps left, so I need to be strategic in my questioning to narrow it down further.[0m
2024-10-17 13:50:08,760 - [32mGuesser: (topic proposal): None[0m
2024-10-17 13:50:08,760 - [32mGuesser: Is the topic a type of geological phenomenon, like an earthquake or a volcano?[0m
2024-10-17 13:50:10,129 - [34mHost (internal dialogue): Leonardo da Vinci is not a type of geological phenomenon; he was a person known for his contributions to art and science. Therefore, the answer is 'No'.[0m
2024-10-17 13:50:10,129 - [34mHost: No[0m
2024-10-17 13:50:10,129 - [33m----------------------------------------[0m
2024-10-17 13:50:10,129 - [33mStep 12 of the game[0m
2024-10-17 13:50:12,371 - [32mGuesser (internal dialogue): The topic has been ruled out as a living thing, an indoor object, a place, a man-made object, something found in water, a mineral or rock, a plant or tree, a landform, a weather phenomenon, a natural element or substance, a natural feature, and a geological phenomenon. This leaves me with very few options. I want to explore if the topic could be something more abstract or conceptual in nature, like a natural phenomenon that doesn't fit neatly into the previous categories. I have 8 steps left, so I need to be strategic in my questioning to narrow it down further.[0m
2024-10-17 13:50:12,371 - [32mGuesser: (topic proposal): None[0m
2024-10-17 13:50:12,371 - [32mGuesser: Is the topic a type of natural phenomenon that is not typically categorized, such as a rainbow or a mirage?[0m
2024-10-17 13:50:13,839 - [34mHost (internal dialogue): Leonardo da Vinci is not a type of natural phenomenon; he was a historical figure known for his contributions to art and science. Therefore, the answer is 'No'.[0m
2024-10-17 13:50:13,839 - [34mHost: No[0m
2024-10-17 13:50:13,839 - [33m----------------------------------------[0m
2024-10-17 13:50:13,839 - [33mStep 13 of the game[0m
2024-10-17 13:50:16,031 - [32mGuesser (internal dialogue): The topic has been ruled out as a living thing, an indoor object, a place, a man-made object, something found in water, a mineral or rock, a plant or tree, a landform, a weather phenomenon, a natural element or substance, a natural feature, a geological phenomenon, and a natural phenomenon like a rainbow or mirage. Given all these exclusions, I need to consider other categories. I want to explore if the topic could be a type of tool or equipment that is used outdoors, which could include items like camping gear or sports equipment. I have 7 steps left, so I need to be strategic in my questioning to narrow it down further.[0m
2024-10-17 13:50:16,031 - [32mGuesser: (topic proposal): None[0m
2024-10-17 13:50:16,031 - [32mGuesser: Is the topic a type of outdoor tool or equipment, like a camping gear or sports equipment?[0m
2024-10-17 13:50:17,524 - [34mHost (internal dialogue): Leonardo da Vinci is not a type of outdoor tool or equipment; he was a person known for his contributions to art and science. Therefore, the answer is 'No'.[0m
2024-10-17 13:50:17,524 - [34mHost: No[0m
2024-10-17 13:50:17,524 - [33m----------------------------------------[0m
2024-10-17 13:50:17,524 - [33mStep 14 of the game[0m
2024-10-17 13:50:19,820 - [32mGuesser (internal dialogue): The topic has been ruled out as a living thing, an indoor object, a place, a man-made object, something found in water, a mineral or rock, a plant or tree, a landform, a weather phenomenon, a natural element or substance, a natural feature, a geological phenomenon, a natural phenomenon like a rainbow or mirage, and outdoor tools or equipment. This leaves me with very few options. I want to explore if the topic could be a type of natural resource or material that is commonly found outdoors, such as wood, sand, or clay. I have 6 steps left, so I need to be strategic in my questioning to narrow it down further.[0m
2024-10-17 13:50:19,821 - [32mGuesser: (topic proposal): None[0m
2024-10-17 13:50:19,821 - [32mGuesser: Is the topic a type of natural resource or material, like wood, sand, or clay?[0m
2024-10-17 13:50:21,253 - [34mHost (internal dialogue): Leonardo da Vinci is not a type of natural resource or material; he was a historical figure known for his contributions to art and science. Therefore, the answer is 'No'.[0m
2024-10-17 13:50:21,253 - [34mHost: No[0m
2024-10-17 13:50:21,253 - [33m----------------------------------------[0m
2024-10-17 13:50:21,253 - [33mStep 15 of the game[0m
2024-10-17 13:50:23,712 - [32mGuesser (internal dialogue): The topic has been ruled out as a living thing, an indoor object, a place, a man-made object, something found in water, a mineral or rock, a plant or tree, a landform, a weather phenomenon, a natural element or substance, a natural feature, a geological phenomenon, a natural phenomenon like a rainbow or mirage, outdoor tools or equipment, and natural resources or materials. Given all these exclusions, I need to think creatively about what else could fit. I want to explore if the topic could be something related to a specific type of natural occurrence or phenomenon that is not typically categorized, such as a specific type of natural event or occurrence. I have 5 steps left, so I need to be strategic in my questioning to narrow it down further.[0m
2024-10-17 13:50:23,712 - [32mGuesser: (topic proposal): None[0m
2024-10-17 13:50:23,712 - [32mGuesser: Is the topic a type of natural event or occurrence, like a solar eclipse or a meteor shower?[0m
2024-10-17 13:50:25,247 - [34mHost (internal dialogue): Leonardo da Vinci is not a type of natural event or occurrence; he was a historical figure known for his contributions to art and science. Therefore, the answer is 'No'.[0m
2024-10-17 13:50:25,247 - [34mHost: No[0m
2024-10-17 13:50:25,247 - [33m----------------------------------------[0m
2024-10-17 13:50:25,248 - [33mStep 16 of the game[0m
2024-10-17 13:50:27,695 - [32mGuesser (internal dialogue): The topic has been ruled out as a living thing, an indoor object, a place, a man-made object, something found in water, a mineral or rock, a plant or tree, a landform, a weather phenomenon, a natural element or substance, a natural feature, a geological phenomenon, a natural phenomenon like a rainbow or mirage, outdoor tools or equipment, natural resources or materials, and natural events or occurrences. Given all these exclusions, I need to consider something that might be more abstract or less commonly thought of. I want to explore if the topic could be a type of natural phenomenon that is not typically categorized, such as a specific type of natural occurrence or a unique natural object. I have 4 steps left, so I need to be strategic in my questioning to narrow it down further.[0m
2024-10-17 13:50:27,695 - [32mGuesser: (topic proposal): None[0m
2024-10-17 13:50:27,695 - [32mGuesser: Is the topic a type of natural object or phenomenon that is often considered rare or unusual, like a gemstone or a unique geological formation?[0m
2024-10-17 13:50:29,293 - [34mHost (internal dialogue): Leonardo da Vinci is not a type of natural object or phenomenon; he was a person known for his contributions to art and science. Therefore, the answer is 'No'.[0m
2024-10-17 13:50:29,293 - [34mHost: No[0m
2024-10-17 13:50:29,293 - [33m----------------------------------------[0m
2024-10-17 13:50:29,293 - [33mStep 17 of the game[0m
2024-10-17 13:50:31,903 - [32mGuesser (internal dialogue): The topic has been ruled out as a living thing, an indoor object, a place, a man-made object, something found in water, a mineral or rock, a plant or tree, a landform, a weather phenomenon, a natural element or substance, a natural feature, a geological phenomenon, a natural phenomenon like a rainbow or mirage, outdoor tools or equipment, natural resources or materials, natural events or occurrences, and rare natural objects. Given all these exclusions, I need to think about something that might be more abstract or less commonly thought of. I want to explore if the topic could be a type of natural phenomenon that is not typically categorized, such as a specific type of natural occurrence or a unique natural object. I have 3 steps left, so I need to be strategic in my questioning to narrow it down further.[0m
2024-10-17 13:50:31,903 - [32mGuesser: (topic proposal): None[0m
2024-10-17 13:50:31,903 - [32mGuesser: Is the topic a type of natural phenomenon that is often associated with a specific location or environment, like a desert mirage or a volcanic eruption?[0m
2024-10-17 13:50:33,404 - [34mHost (internal dialogue): Leonardo da Vinci is not a natural phenomenon; he was a historical figure known for his contributions to art and science. Therefore, the answer is 'No'.[0m
2024-10-17 13:50:33,405 - [34mHost: No[0m
2024-10-17 13:50:33,405 - [33m----------------------------------------[0m
2024-10-17 13:50:33,405 - [33mStep 18 of the game[0m
2024-10-17 13:50:36,110 - [32mGuesser (internal dialogue): The topic has been ruled out as a living thing, an indoor object, a place, a man-made object, something found in water, a mineral or rock, a plant or tree, a landform, a weather phenomenon, a natural element or substance, a natural feature, a geological phenomenon, a natural phenomenon like a rainbow or mirage, outdoor tools or equipment, natural resources or materials, natural events or occurrences, and rare natural objects. Given all these exclusions, I need to consider something that might be more abstract or less commonly thought of. I want to explore if the topic could be a type of natural phenomenon that is not typically categorized, such as a specific type of natural occurrence or a unique natural object. I have 2 steps left, so I need to be strategic in my questioning to narrow it down further. I will ask if the topic is a type of natural phenomenon that is often associated with a specific time or season, like a seasonal change or a natural cycle.[0m
2024-10-17 13:50:36,110 - [32mGuesser: (topic proposal): None[0m
2024-10-17 13:50:36,110 - [32mGuesser: Is the topic a type of natural phenomenon that is often associated with a specific time or season, like a seasonal change or a natural cycle?[0m
2024-10-17 13:50:37,841 - [34mHost (internal dialogue): Leonardo da Vinci is not a natural phenomenon associated with a specific time or season; he was a historical figure known for his contributions to art and science. Therefore, the answer is 'No'.[0m
2024-10-17 13:50:37,841 - [34mHost: No[0m
2024-10-17 13:50:37,841 - [33m----------------------------------------[0m
2024-10-17 13:50:37,841 - [33mStep 19 of the game[0m
2024-10-17 13:50:40,865 - [32mGuesser (internal dialogue): At this point, I have ruled out many categories and types of objects, places, and phenomena. The topic is not a living thing, not commonly found indoors, not a place, not a man-made object, not something found in water, not a mineral or rock, not a plant or tree, not a landform, not related to weather, not a natural element or substance, not a natural feature, not a geological phenomenon, not a natural event, and not a seasonal phenomenon. Given the extensive exclusions, I need to think creatively about what could still fit. I will ask if the topic is something that is often used or interacted with in a specific context, such as a cultural or recreational activity. This could help me identify if the topic is related to a specific cultural artifact or outdoor activity. I have only one step left, so this question is crucial for making a final guess.[0m
2024-10-17 13:50:40,865 - [32mGuesser: (topic proposal): None[0m
2024-10-17 13:50:40,866 - [32mGuesser: Is the topic something that is commonly used or interacted with in a specific cultural or recreational context, like a type of outdoor game or sport?[0m
2024-10-17 13:50:42,552 - [34mHost (internal dialogue): Leonardo da Vinci is not something that is commonly used or interacted with in a specific cultural or recreational context; he was a historical figure known for his contributions to art and science, rather than a game or sport. Therefore, the answer is 'No'.[0m
2024-10-17 13:50:42,553 - [34mHost: No[0m
2024-10-17 13:50:42,553 - [33mThe Guesser has not guessed the topic in 20 steps. The Guesser loses![0m
