2024-10-17 18:12:17,088 - [33mLet's play the game of 20 questions![0m
2024-10-17 18:12:17,088 - [34mHost: Psst...The Guesser doesn't know this, but I can reveal that the topic is Solar System[0m
2024-10-17 18:12:17,089 - [33m----------------------------------------[0m
2024-10-17 18:12:17,089 - [33mStep 0 of the game[0m
2024-10-17 18:12:20,220 - [32mGuesser (internal dialogue): I need to narrow down the possibilities of what the topic could be. Asking if it is a living thing will help me determine if I should be thinking about animals or plants, or if I should focus on inanimate objects or places. Since I have 20 steps, I want to make sure I gather useful information early on.[0m
2024-10-17 18:12:20,220 - [32mGuesser: (topic proposal): None[0m
2024-10-17 18:12:20,220 - [32mGuesser: Is the topic a living thing?[0m
2024-10-17 18:12:21,478 - [34mHost (internal dialogue): The Solar System consists of celestial bodies such as planets, moons, and stars, none of which are living things. Therefore, the answer is 'No'.[0m
2024-10-17 18:12:21,478 - [34mHost: No[0m
2024-10-17 18:12:21,478 - [33m----------------------------------------[0m
2024-10-17 18:12:21,478 - [33mStep 1 of the game[0m
2024-10-17 18:12:25,254 - [32mGuesser (internal dialogue): Since the topic is not a living thing, I can focus on inanimate objects or places. I want to determine if the topic is something commonly found indoors or outdoors. This will help me narrow down the category further. I have 19 steps left, so I can afford to ask a few more questions to get closer to the answer.[0m
2024-10-17 18:12:25,254 - [32mGuesser: (topic proposal): None[0m
2024-10-17 18:12:25,254 - [32mGuesser: Is the topic something that is commonly found indoors?[0m
2024-10-17 18:12:26,648 - [34mHost (internal dialogue): The Solar System is a vast expanse of space that includes planets, moons, and other celestial bodies, which are not found indoors. Therefore, the answer is 'No'.[0m
2024-10-17 18:12:26,648 - [34mHost: No[0m
2024-10-17 18:12:26,648 - [33m----------------------------------------[0m
2024-10-17 18:12:26,648 - [33mStep 2 of the game[0m
2024-10-17 18:12:28,536 - [32mGuesser (internal dialogue): The topic is not a living thing and is not commonly found indoors, which suggests it might be an outdoor object or a place. To narrow it down further, I want to find out if the topic is a specific type of place, like a city, country, or natural feature. This will help me focus my guesses. I have 18 steps left, so I can still ask a few more questions.[0m
2024-10-17 18:12:28,537 - [32mGuesser: (topic proposal): None[0m
2024-10-17 18:12:28,537 - [32mGuesser: Is the topic a geographical location, such as a city or country?[0m
2024-10-17 18:12:29,851 - [34mHost (internal dialogue): The Solar System is not a geographical location like a city or country; it is a collection of celestial bodies and space phenomena. Therefore, the answer is 'No'.[0m
2024-10-17 18:12:29,851 - [34mHost: No[0m
2024-10-17 18:12:29,851 - [33m----------------------------------------[0m
2024-10-17 18:12:29,851 - [33mStep 3 of the game[0m
2024-10-17 18:12:31,909 - [32mGuesser (internal dialogue): Since the topic is not a living thing, not commonly found indoors, and not a geographical location, it is likely an inanimate object that is typically found outdoors. I want to determine if it is a man-made object or a natural object. This will help me narrow down the possibilities significantly. I have 17 steps left, so I can still ask several questions to get closer to the answer.[0m
2024-10-17 18:12:31,909 - [32mGuesser: (topic proposal): None[0m
2024-10-17 18:12:31,916 - [32mGuesser: Is the topic a man-made object?[0m
2024-10-17 18:12:33,240 - [34mHost (internal dialogue): The Solar System is a natural collection of celestial bodies and phenomena, not a man-made object. Therefore, the answer is 'No'.[0m
2024-10-17 18:12:33,240 - [34mHost: No[0m
2024-10-17 18:12:33,240 - [33m----------------------------------------[0m
2024-10-17 18:12:33,240 - [33mStep 4 of the game[0m
2024-10-17 18:12:35,091 - [32mGuesser (internal dialogue): The topic is not a living thing, not commonly found indoors, not a geographical location, and not a man-made object. This strongly suggests that the topic is a natural object found outdoors. To narrow it down further, I want to find out if the topic is something that is typically found in water, like a rock or a plant, or if it is something found on land, like a tree or a mountain. I have 16 steps left, so I can still ask a few more questions to get closer to the answer.[0m
2024-10-17 18:12:35,091 - [32mGuesser: (topic proposal): None[0m
2024-10-17 18:12:35,091 - [32mGuesser: Is the topic something that is typically found in water?[0m
2024-10-17 18:12:36,425 - [34mHost (internal dialogue): The Solar System consists of celestial bodies such as planets, moons, and stars, which are not typically found in water. Therefore, the answer is 'No'.[0m
2024-10-17 18:12:36,425 - [34mHost: No[0m
2024-10-17 18:12:36,425 - [33m----------------------------------------[0m
2024-10-17 18:12:36,425 - [33mStep 5 of the game[0m
2024-10-17 18:12:38,347 - [32mGuesser (internal dialogue): The topic is not a living thing, not commonly found indoors, not a geographical location, not a man-made object, and not something typically found in water. This indicates that the topic is a natural object found on land. To narrow it down further, I want to determine if the topic is a type of rock, mineral, or perhaps a type of landform like a mountain or hill. I have 15 steps left, so I can still ask several questions to get closer to the answer.[0m
2024-10-17 18:12:38,348 - [32mGuesser: (topic proposal): None[0m
2024-10-17 18:12:38,348 - [32mGuesser: Is the topic a type of rock or mineral?[0m
2024-10-17 18:12:39,895 - [34mHost (internal dialogue): The Solar System is not a type of rock or mineral; it is a collection of celestial bodies, including planets, moons, and stars. Therefore, the answer is 'No'.[0m
2024-10-17 18:12:39,895 - [34mHost: No[0m
2024-10-17 18:12:39,895 - [33m----------------------------------------[0m
2024-10-17 18:12:39,895 - [33mStep 6 of the game[0m
2024-10-17 18:12:41,956 - [32mGuesser (internal dialogue): The topic is not a living thing, not commonly found indoors, not a geographical location, not a man-made object, not something typically found in water, and not a type of rock or mineral. This suggests that the topic could be a natural feature like a landform or a specific type of plant. To narrow it down further, I want to find out if the topic is a type of landform, such as a mountain, hill, or valley. I have 14 steps left, so I can still ask several questions to get closer to the answer.[0m
2024-10-17 18:12:41,956 - [32mGuesser: (topic proposal): None[0m
2024-10-17 18:12:41,956 - [32mGuesser: Is the topic a type of landform, such as a mountain or hill?[0m
2024-10-17 18:12:43,583 - [34mHost (internal dialogue): The Solar System is not a type of landform; it consists of celestial bodies like planets and moons, which are not classified as landforms such as mountains or hills. Therefore, the answer is 'No'.[0m
2024-10-17 18:12:43,583 - [34mHost: No[0m
2024-10-17 18:12:43,583 - [33m----------------------------------------[0m
2024-10-17 18:12:43,583 - [33mStep 7 of the game[0m
2024-10-17 18:12:45,387 - [32mGuesser (internal dialogue): The topic is not a living thing, not commonly found indoors, not a geographical location, not a man-made object, not something typically found in water, not a type of rock or mineral, and not a type of landform. This suggests that the topic could be a natural object that is not a landform, such as a type of plant or perhaps something like a natural phenomenon. To narrow it down further, I want to find out if the topic is a type of plant. I have 13 steps left, so I can still ask several questions to get closer to the answer.[0m
2024-10-17 18:12:45,388 - [32mGuesser: (topic proposal): None[0m
2024-10-17 18:12:45,388 - [32mGuesser: Is the topic a type of plant?[0m
2024-10-17 18:12:46,858 - [34mHost (internal dialogue): The Solar System is not a type of plant; it is a collection of celestial bodies and phenomena in space. Therefore, the answer is 'No'.[0m
2024-10-17 18:12:46,858 - [34mHost: No[0m
2024-10-17 18:12:46,858 - [33m----------------------------------------[0m
2024-10-17 18:12:46,859 - [33mStep 8 of the game[0m
2024-10-17 18:12:48,858 - [32mGuesser (internal dialogue): The topic is not a living thing, not commonly found indoors, not a geographical location, not a man-made object, not something typically found in water, not a type of rock or mineral, not a type of landform, and not a type of plant. This leaves me with the possibility of it being a natural object that is not a plant or landform, such as a natural element or phenomenon. To narrow it down further, I want to find out if the topic is a natural element like air, water, or fire. I have 12 steps left, so I can still ask several questions to get closer to the answer.[0m
2024-10-17 18:12:48,858 - [32mGuesser: (topic proposal): None[0m
2024-10-17 18:12:48,858 - [32mGuesser: Is the topic a natural element, such as air, water, or fire?[0m
2024-10-17 18:12:50,308 - [34mHost (internal dialogue): The Solar System is not classified as a natural element like air, water, or fire; it is a collection of celestial bodies and phenomena in space. Therefore, the answer is 'No'.[0m
2024-10-17 18:12:50,309 - [34mHost: No[0m
2024-10-17 18:12:50,309 - [33m----------------------------------------[0m
2024-10-17 18:12:50,309 - [33mStep 9 of the game[0m
2024-10-17 18:12:52,285 - [32mGuesser (internal dialogue): The topic is not a living thing, not commonly found indoors, not a geographical location, not a man-made object, not something typically found in water, not a type of rock or mineral, not a type of landform, not a type of plant, and not a natural element. This leaves me with very few options. I want to explore if the topic could be a specific type of natural object, like a mineral or a specific type of natural phenomenon that doesn't fit the previous categories. I have 11 steps left, so I need to be strategic in my questioning.[0m
2024-10-17 18:12:52,285 - [32mGuesser: (topic proposal): None[0m
2024-10-17 18:12:52,285 - [32mGuesser: Is the topic a type of natural phenomenon, like a weather event or geological occurrence?[0m
2024-10-17 18:12:53,825 - [34mHost (internal dialogue): The Solar System itself is not classified as a natural phenomenon like a weather event or geological occurrence; it is a collection of celestial bodies and space phenomena. Therefore, the answer is 'No'.[0m
2024-10-17 18:12:53,827 - [34mHost: No[0m
2024-10-17 18:12:53,827 - [33m----------------------------------------[0m
2024-10-17 18:12:53,827 - [33mStep 10 of the game[0m
2024-10-17 18:12:55,851 - [32mGuesser (internal dialogue): The topic is not a living thing, not commonly found indoors, not a geographical location, not a man-made object, not something typically found in water, not a type of rock or mineral, not a type of landform, not a type of plant, not a natural element, and not a natural phenomenon. This leaves me with very few options, and I need to think outside the box. I want to explore if the topic could be a specific type of outdoor object that is not a natural element or phenomenon, such as a tool or equipment used outdoors. I have 10 steps left, so I need to be strategic in my questioning.[0m
2024-10-17 18:12:55,852 - [32mGuesser: (topic proposal): None[0m
2024-10-17 18:12:55,852 - [32mGuesser: Is the topic an outdoor object or tool, like a camping gear or sports equipment?[0m
2024-10-17 18:12:57,264 - [34mHost (internal dialogue): The Solar System is not an outdoor object or tool; it consists of celestial bodies and phenomena in space, which do not fit the description of camping gear or sports equipment. Therefore, the answer is 'No'.[0m
2024-10-17 18:12:57,264 - [34mHost: No[0m
2024-10-17 18:12:57,264 - [33m----------------------------------------[0m
2024-10-17 18:12:57,264 - [33mStep 11 of the game[0m
2024-10-17 18:13:01,522 - [32mGuesser (internal dialogue): The topic is not a living thing, not commonly found indoors, not a geographical location, not a man-made object, not something typically found in water, not a type of rock or mineral, not a type of landform, not a type of plant, not a natural element, not a natural phenomenon, and not an outdoor object or tool. This leaves me with very few options. I need to consider if the topic could be something more abstract or conceptual that still fits within the realm of tangible objects. I want to explore if the topic could be a specific type of natural resource or material that is commonly found outdoors. I have 9 steps left, so I need to be strategic in my questioning.[0m
2024-10-17 18:13:01,523 - [32mGuesser: (topic proposal): None[0m
2024-10-17 18:13:01,523 - [32mGuesser: Is the topic a type of natural resource, like wood, stone, or soil?[0m
2024-10-17 18:13:02,947 - [34mHost (internal dialogue): The Solar System is not classified as a natural resource like wood, stone, or soil; it is a vast collection of celestial bodies and phenomena in space. Therefore, the answer is 'No'.[0m
2024-10-17 18:13:02,948 - [34mHost: No[0m
2024-10-17 18:13:02,948 - [33m----------------------------------------[0m
2024-10-17 18:13:02,948 - [33mStep 12 of the game[0m
2024-10-17 18:13:04,781 - [32mGuesser (internal dialogue): The topic is not a living thing, not commonly found indoors, not a geographical location, not a man-made object, not something typically found in water, not a type of rock or mineral, not a type of landform, not a type of plant, not a natural element, not a natural phenomenon, not an outdoor object or tool, and not a natural resource. Given all these constraints, it seems the topic might be something very specific or unusual. I want to explore if the topic could be a specific type of outdoor structure or feature that doesn't fit the previous categories. I have 8 steps left, so I need to be strategic in my questioning.[0m
2024-10-17 18:13:04,782 - [32mGuesser: (topic proposal): None[0m
2024-10-17 18:13:04,782 - [32mGuesser: Is the topic a type of outdoor structure, like a bridge, monument, or sculpture?[0m
2024-10-17 18:13:06,171 - [34mHost (internal dialogue): The Solar System is not an outdoor structure; it consists of celestial bodies and phenomena in space, which do not fit the description of a bridge, monument, or sculpture. Therefore, the answer is 'No'.[0m
2024-10-17 18:13:06,171 - [34mHost: No[0m
2024-10-17 18:13:06,171 - [33m----------------------------------------[0m
2024-10-17 18:13:06,171 - [33mStep 13 of the game[0m
2024-10-17 18:13:08,473 - [32mGuesser (internal dialogue): The topic is not a living thing, not commonly found indoors, not a geographical location, not a man-made object, not something typically found in water, not a type of rock or mineral, not a type of landform, not a type of plant, not a natural element, not a natural phenomenon, not an outdoor object or tool, not a natural resource, and not an outdoor structure. This leaves me with very few options. I need to think creatively and consider if the topic could be something more abstract or conceptual that still fits within the realm of tangible objects. I want to explore if the topic could be a specific type of outdoor experience or activity that is not a physical object. I have 7 steps left, so I need to be strategic in my questioning.[0m
2024-10-17 18:13:08,473 - [32mGuesser: (topic proposal): None[0m
2024-10-17 18:13:08,474 - [32mGuesser: Is the topic related to a specific outdoor activity or experience, like hiking, camping, or fishing?[0m
2024-10-17 18:13:09,973 - [34mHost (internal dialogue): The Solar System is not directly related to specific outdoor activities or experiences like hiking, camping, or fishing; it is a collection of celestial bodies and phenomena in space. Therefore, the answer is 'No'.[0m
2024-10-17 18:13:09,973 - [34mHost: No[0m
2024-10-17 18:13:09,973 - [33m----------------------------------------[0m
2024-10-17 18:13:09,974 - [33mStep 14 of the game[0m
2024-10-17 18:13:12,289 - [32mGuesser (internal dialogue): The topic has been very elusive, and I have ruled out many categories. Since it is not a living thing, not commonly found indoors, not a geographical location, not a man-made object, not something typically found in water, not a type of rock or mineral, not a type of landform, not a type of plant, not a natural element, not a natural phenomenon, not an outdoor object or tool, not a natural resource, not an outdoor structure, and not related to outdoor activities, I need to think outside the box. I will ask if the topic is a specific type of natural phenomenon that is not typically categorized as a weather event or geological occurrence, such as a specific type of natural occurrence like a rainbow or aurora. I have 6 steps left, so I need to be strategic in my questioning.[0m
2024-10-17 18:13:12,289 - [32mGuesser: (topic proposal): None[0m
2024-10-17 18:13:12,290 - [32mGuesser: Is the topic a specific type of natural phenomenon, like a rainbow or aurora?[0m
2024-10-17 18:13:13,792 - [34mHost (internal dialogue): The Solar System itself is not classified as a specific type of natural phenomenon like a rainbow or aurora; it is a collection of celestial bodies and space phenomena. Therefore, the answer is 'No'.[0m
2024-10-17 18:13:13,792 - [34mHost: No[0m
2024-10-17 18:13:13,792 - [33m----------------------------------------[0m
2024-10-17 18:13:13,792 - [33mStep 15 of the game[0m
2024-10-17 18:13:16,101 - [32mGuesser (internal dialogue): Given that I have ruled out many categories, I need to consider if the topic could be something more abstract or conceptual that still fits within the realm of tangible objects. Since it is not a living thing, not commonly found indoors, not a geographical location, not a man-made object, not something typically found in water, not a type of rock or mineral, not a type of landform, not a type of plant, not a natural element, not a natural phenomenon, not an outdoor object or tool, not a natural resource, not an outdoor structure, and not related to outdoor activities, I want to explore if the topic could be a specific type of outdoor experience or activity that is not a physical object. I have 5 steps left, so I need to be strategic in my questioning.[0m
2024-10-17 18:13:16,101 - [32mGuesser: (topic proposal): None[0m
2024-10-17 18:13:16,101 - [32mGuesser: Is the topic a type of natural feature that is not commonly recognized, like a specific type of geological formation or unique outdoor element?[0m
2024-10-17 18:13:17,691 - [34mHost (internal dialogue): The Solar System is not classified as a type of natural feature like a geological formation or unique outdoor element; it encompasses a vast collection of celestial bodies and phenomena in space, which are not typically categorized in that way. Therefore, the answer is 'No'.[0m
2024-10-17 18:13:17,692 - [34mHost: No[0m
2024-10-17 18:13:17,692 - [33m----------------------------------------[0m
2024-10-17 18:13:17,692 - [33mStep 16 of the game[0m
2024-10-17 18:13:20,076 - [32mGuesser (internal dialogue): At this point, I have ruled out many categories and the topic remains elusive. Since it is not a living thing, not commonly found indoors, not a geographical location, not a man-made object, not something typically found in water, not a type of rock or mineral, not a type of landform, not a type of plant, not a natural element, not a natural phenomenon, not an outdoor object or tool, not a natural resource, not an outdoor structure, and not related to outdoor activities, I need to think creatively. I want to explore if the topic could be a specific type of outdoor material or substance that is not commonly categorized, such as a specific type of soil, sand, or other natural material. I have 4 steps left, so I need to be strategic in my questioning.[0m
2024-10-17 18:13:20,076 - [32mGuesser: (topic proposal): None[0m
2024-10-17 18:13:20,076 - [32mGuesser: Is the topic a specific type of natural material, like a unique type of soil or sand?[0m
2024-10-17 18:13:21,802 - [34mHost (internal dialogue): The Solar System is not a specific type of natural material like soil or sand; it consists of celestial bodies such as planets, moons, and stars, which do not fit the description of natural materials. Therefore, the answer is 'No'.[0m
2024-10-17 18:13:21,802 - [34mHost: No[0m
2024-10-17 18:13:21,802 - [33m----------------------------------------[0m
2024-10-17 18:13:21,802 - [33mStep 17 of the game[0m
2024-10-17 18:13:24,896 - [32mGuesser (internal dialogue): I have ruled out many categories and the topic remains elusive. Since it is not a living thing, not commonly found indoors, not a geographical location, not a man-made object, not something typically found in water, not a type of rock or mineral, not a type of landform, not a type of plant, not a natural element, not a natural phenomenon, not an outdoor object or tool, not a natural resource, not an outdoor structure, not related to outdoor activities, and not a specific type of natural material, I need to think outside the box. I want to explore if the topic could be something that is often overlooked or not commonly thought of in the context of nature or the outdoors. I have 3 steps left, so I need to be strategic in my questioning.[0m
2024-10-17 18:13:24,897 - [32mGuesser: (topic proposal): None[0m
2024-10-17 18:13:24,897 - [32mGuesser: Is the topic something that is often overlooked in nature, like a specific type of weather condition or a common outdoor occurrence?[0m
2024-10-17 18:13:26,462 - [34mHost (internal dialogue): The Solar System is not something that is often overlooked in nature; it is a well-known collection of celestial bodies and phenomena that are studied and observed. Therefore, the answer is 'No'.[0m
2024-10-17 18:13:26,462 - [34mHost: No[0m
2024-10-17 18:13:26,462 - [33m----------------------------------------[0m
2024-10-17 18:13:26,462 - [33mStep 18 of the game[0m
2024-10-17 18:13:28,776 - [32mGuesser (internal dialogue): I have ruled out many categories and the topic remains elusive. Since it is not a living thing, not commonly found indoors, not a geographical location, not a man-made object, not something typically found in water, not a type of rock or mineral, not a type of landform, not a type of plant, not a natural element, not a natural phenomenon, not an outdoor object or tool, not a natural resource, not an outdoor structure, not related to outdoor activities, not a specific type of natural material, and not something often overlooked in nature, I need to think creatively. I want to explore if the topic could be a specific type of outdoor experience or phenomenon that is not commonly categorized. I have 2 steps left, so I need to be strategic in my questioning.[0m
2024-10-17 18:13:28,776 - [32mGuesser: (topic proposal): None[0m
2024-10-17 18:13:28,776 - [32mGuesser: Is the topic a specific type of outdoor event or occurrence, like a festival or gathering that takes place in nature?[0m
2024-10-17 18:13:30,620 - [34mHost (internal dialogue): The Solar System is not classified as a specific type of outdoor event or occurrence like a festival or gathering; it is a vast collection of celestial bodies and phenomena in space. Therefore, the answer is 'No'.[0m
2024-10-17 18:13:30,620 - [34mHost: No[0m
2024-10-17 18:13:30,621 - [33m----------------------------------------[0m
2024-10-17 18:13:30,621 - [33mStep 19 of the game[0m
2024-10-17 18:13:33,374 - [32mGuesser (internal dialogue): I have ruled out many categories and the topic remains elusive. Since it is not a living thing, not commonly found indoors, not a geographical location, not a man-made object, not something typically found in water, not a type of rock or mineral, not a type of landform, not a type of plant, not a natural element, not a natural phenomenon, not an outdoor object or tool, not a natural resource, not an outdoor structure, not related to outdoor activities, not a specific type of natural material, not something often overlooked in nature, and not a specific type of outdoor event or occurrence, I need to think creatively. I want to explore if the topic could be something that is a common element in nature but not typically categorized as an object or phenomenon. I have only one step left, so I need to make this question count. I will ask if the topic is something that is often associated with outdoor experiences but is not a physical object or event.[0m
2024-10-17 18:13:33,374 - [32mGuesser: (topic proposal): None[0m
2024-10-17 18:13:33,374 - [32mGuesser: Is the topic something that is commonly associated with outdoor experiences, like a specific type of atmosphere or feeling, such as tranquility or adventure?[0m
2024-10-17 18:13:35,298 - [34mHost (internal dialogue): The Solar System is not something that is commonly associated with outdoor experiences or feelings like tranquility or adventure; it is a collection of celestial bodies and phenomena in space, which are not directly linked to outdoor experiences in that way. Therefore, the answer is 'No'.[0m
2024-10-17 18:13:35,298 - [34mHost: No[0m
2024-10-17 18:13:35,298 - [33mThe Guesser has not guessed the topic in 20 steps. The Guesser loses![0m
