2024-10-17 18:12:16,997 - [33mLet's play the game of 20 questions![0m
2024-10-17 18:12:16,997 - [34mHost: Psst...The Guesser doesn't know this, but I can reveal that the topic is Grand Canyon[0m
2024-10-17 18:12:16,997 - [33m----------------------------------------[0m
2024-10-17 18:12:16,997 - [33mStep 0 of the game[0m
2024-10-17 18:12:18,541 - [32mGuesser (internal dialogue): I need to narrow down the possibilities of what the topic could be. Asking if it is a living thing will help me determine if I should be thinking about animals or plants, or if I should focus on inanimate objects or places. Since I have 20 steps, I want to make sure I gather useful information early on.[0m
2024-10-17 18:12:18,541 - [32mGuesser: (topic proposal): None[0m
2024-10-17 18:12:18,541 - [32mGuesser: Is the topic a living thing?[0m
2024-10-17 18:12:19,766 - [34mHost (internal dialogue): The Grand Canyon is a geological formation and not a living thing, so the answer is 'No'.[0m
2024-10-17 18:12:19,766 - [34mHost: No[0m
2024-10-17 18:12:19,767 - [33m----------------------------------------[0m
2024-10-17 18:12:19,767 - [33mStep 1 of the game[0m
2024-10-17 18:12:21,418 - [32mGuesser (internal dialogue): Since the topic is not a living thing, I can focus on inanimate objects or places. I want to determine if the topic is something that is commonly found indoors or outdoors. This will help me narrow down the category further. I have 19 steps left, so I can afford to ask a few more questions to get closer to the answer.[0m
2024-10-17 18:12:21,418 - [32mGuesser: (topic proposal): None[0m
2024-10-17 18:12:21,418 - [32mGuesser: Is the topic something that is commonly found indoors?[0m
2024-10-17 18:12:22,845 - [34mHost (internal dialogue): The Grand Canyon is a natural outdoor landmark and is not found indoors, so the answer is 'No'.[0m
2024-10-17 18:12:22,845 - [34mHost: No[0m
2024-10-17 18:12:22,845 - [33m----------------------------------------[0m
2024-10-17 18:12:22,845 - [33mStep 2 of the game[0m
2024-10-17 18:12:24,655 - [32mGuesser (internal dialogue): The topic is not a living thing and is not commonly found indoors, which suggests it might be an outdoor object or a place. To narrow it down further, I want to find out if the topic is a specific type of object or a location. Asking if it is a place will help me determine if I should be thinking about geographical locations or landmarks. I have 18 steps left, so I can continue to ask questions to refine my guess.[0m
2024-10-17 18:12:24,655 - [32mGuesser: (topic proposal): None[0m
2024-10-17 18:12:24,655 - [32mGuesser: Is the topic a place?[0m
2024-10-17 18:12:26,583 - [34mHost (internal dialogue): The Grand Canyon is indeed a geographical location, so the answer is 'Yes'.[0m
2024-10-17 18:12:26,583 - [34mHost: Yes[0m
2024-10-17 18:12:26,584 - [33m----------------------------------------[0m
2024-10-17 18:12:26,584 - [33mStep 3 of the game[0m
2024-10-17 18:12:28,574 - [32mGuesser (internal dialogue): Now that I know the topic is a place, I want to narrow it down further by determining if it is a city or a natural landmark. This will help me categorize the type of place it is. Since I have 17 steps left, I can continue to ask questions to refine my guess.[0m
2024-10-17 18:12:28,574 - [32mGuesser: (topic proposal): None[0m
2024-10-17 18:12:28,574 - [32mGuesser: Is the topic a city?[0m
2024-10-17 18:12:30,060 - [34mHost (internal dialogue): The Grand Canyon is not a city; it is a natural landmark and a national park, so the answer is 'No'.[0m
2024-10-17 18:12:30,060 - [34mHost: No[0m
2024-10-17 18:12:30,060 - [33m----------------------------------------[0m
2024-10-17 18:12:30,060 - [33mStep 4 of the game[0m
2024-10-17 18:12:31,908 - [32mGuesser (internal dialogue): The topic is a place, but it is not a city, which suggests it could be a natural landmark, a country, or some other type of location. To narrow it down further, I want to find out if it is a natural feature like a mountain, river, or park. This will help me focus my guesses. I have 16 steps left, so I can still ask several questions to get closer to the answer.[0m
2024-10-17 18:12:31,908 - [32mGuesser: (topic proposal): None[0m
2024-10-17 18:12:31,909 - [32mGuesser: Is the topic a natural landmark, like a mountain or a waterfall?[0m
2024-10-17 18:12:33,239 - [34mHost (internal dialogue): The Grand Canyon is indeed a natural landmark, specifically a large canyon formed by the Colorado River, so the answer is 'Yes'.[0m
2024-10-17 18:12:33,240 - [34mHost: Yes[0m
2024-10-17 18:12:33,240 - [33m----------------------------------------[0m
2024-10-17 18:12:33,240 - [33mStep 5 of the game[0m
2024-10-17 18:12:34,979 - [32mGuesser (internal dialogue): Now that I know the topic is a natural landmark, I want to narrow it down further by determining if it is a specific type of natural feature. Since there are many types of natural landmarks, I will ask if it is a mountain, as this will help me categorize it further. I have 15 steps left, so I can still ask several questions to refine my guess.[0m
2024-10-17 18:12:34,980 - [32mGuesser: (topic proposal): None[0m
2024-10-17 18:12:34,980 - [32mGuesser: Is the topic a mountain?[0m
2024-10-17 18:12:36,415 - [34mHost (internal dialogue): The Grand Canyon is not a mountain; it is a canyon, which is a different type of geological formation. Therefore, the answer is 'No'.[0m
2024-10-17 18:12:36,415 - [34mHost: No[0m
2024-10-17 18:12:36,415 - [33m----------------------------------------[0m
2024-10-17 18:12:36,415 - [33mStep 6 of the game[0m
2024-10-17 18:12:38,914 - [32mGuesser (internal dialogue): The topic is a natural landmark but not a mountain, which means it could be a waterfall, a river, a canyon, or something similar. To narrow it down further, I want to find out if it is a body of water, as this will help me focus on specific types of natural landmarks. I have 14 steps left, so I can still ask several questions to get closer to the answer.[0m
2024-10-17 18:12:38,914 - [32mGuesser: (topic proposal): None[0m
2024-10-17 18:12:38,914 - [32mGuesser: Is the topic a body of water, like a river or a lake?[0m
2024-10-17 18:12:40,250 - [34mHost (internal dialogue): The Grand Canyon is not a body of water itself; it is a geological formation that includes the Colorado River running through it. Therefore, the answer is 'No'.[0m
2024-10-17 18:12:40,251 - [34mHost: No[0m
2024-10-17 18:12:40,251 - [33m----------------------------------------[0m
2024-10-17 18:12:40,251 - [33mStep 7 of the game[0m
2024-10-17 18:12:42,384 - [32mGuesser (internal dialogue): The topic is a natural landmark, but it is neither a mountain nor a body of water. This suggests it could be something like a canyon, a forest, a desert, or a geological formation. To narrow it down further, I want to find out if it is a geological feature, which will help me focus on specific types of natural landmarks. I have 13 steps left, so I can still ask several questions to refine my guess.[0m
2024-10-17 18:12:42,384 - [32mGuesser: (topic proposal): None[0m
2024-10-17 18:12:42,385 - [32mGuesser: Is the topic a geological feature, like a canyon or a rock formation?[0m
2024-10-17 18:12:43,688 - [34mHost (internal dialogue): The Grand Canyon is indeed a geological feature, specifically a canyon formed by erosion from the Colorado River over millions of years. Therefore, the answer is 'Yes'.[0m
2024-10-17 18:12:43,689 - [34mHost: Yes[0m
2024-10-17 18:12:43,689 - [33m----------------------------------------[0m
2024-10-17 18:12:43,689 - [33mStep 8 of the game[0m
2024-10-17 18:12:45,688 - [32mGuesser (internal dialogue): The topic is a geological feature, which narrows it down to formations like canyons, cliffs, or unique rock structures. To further refine my guess, I want to determine if it is a well-known geological feature that is often visited by tourists. This will help me identify if it is a famous landmark or something less known. I have 12 steps left, so I can still ask several questions to get closer to the answer.[0m
2024-10-17 18:12:45,688 - [32mGuesser: (topic proposal): None[0m
2024-10-17 18:12:45,688 - [32mGuesser: Is the topic a famous geological feature that is a popular tourist destination?[0m
2024-10-17 18:12:47,081 - [34mHost (internal dialogue): The Grand Canyon is one of the most famous geological features in the world and is indeed a popular tourist destination, attracting millions of visitors each year. Therefore, the answer is 'Yes'.[0m
2024-10-17 18:12:47,081 - [34mHost: Yes[0m
2024-10-17 18:12:47,081 - [33m----------------------------------------[0m
2024-10-17 18:12:47,081 - [33mStep 9 of the game[0m
2024-10-17 18:12:48,598 - [32mGuesser (internal dialogue): Since the topic is a famous geological feature and a popular tourist destination, I want to narrow it down further by determining if it is located in the United States. This will help me identify specific landmarks that are well-known and frequently visited. I have 11 steps left, so I can still ask several questions to refine my guess.[0m
2024-10-17 18:12:48,598 - [32mGuesser: (topic proposal): None[0m
2024-10-17 18:12:48,598 - [32mGuesser: Is the topic located in the United States?[0m
2024-10-17 18:12:50,048 - [34mHost (internal dialogue): The Grand Canyon is located in the United States, specifically in Arizona, making it a well-known national park and a significant natural landmark in the country.[0m
2024-10-17 18:12:50,048 - [34mHost: Yes[0m
2024-10-17 18:12:50,048 - [33m----------------------------------------[0m
2024-10-17 18:12:50,048 - [33mStep 10 of the game[0m
2024-10-17 18:12:52,494 - [32mGuesser (internal dialogue): The topic is a famous geological feature located in the United States. Since I know it is a popular tourist destination, I want to narrow it down further by asking if it is a national park or a specific landmark. This will help me focus on well-known geological features that are protected and frequently visited. I have 10 steps left, so I can still ask several questions to get closer to the answer.[0m
2024-10-17 18:12:52,494 - [32mGuesser: (topic proposal): None[0m
2024-10-17 18:12:52,494 - [32mGuesser: Is the topic part of a national park?[0m
2024-10-17 18:12:53,954 - [34mHost (internal dialogue): The Grand Canyon is indeed part of Grand Canyon National Park, which was established to protect this natural wonder and its surrounding environment. Therefore, the answer is 'Yes'.[0m
2024-10-17 18:12:53,955 - [34mHost: Yes[0m
2024-10-17 18:12:53,955 - [33m----------------------------------------[0m
2024-10-17 18:12:53,955 - [33mStep 11 of the game[0m
2024-10-17 18:12:55,767 - [32mGuesser (internal dialogue): The topic is a famous geological feature located in the United States and is part of a national park. To narrow it down further, I want to find out if it is known for its unique rock formations or canyons. This will help me identify specific national parks that are famous for their geological features. I have 10 steps left, so I can still ask several questions to refine my guess.[0m
2024-10-17 18:12:55,768 - [32mGuesser: (topic proposal): None[0m
2024-10-17 18:12:55,768 - [32mGuesser: Is the topic known for its unique rock formations, like arches or spires?[0m
2024-10-17 18:12:57,446 - [34mHost (internal dialogue): The Grand Canyon is known for its unique geological features, including various rock layers and formations, but it is not specifically known for arches or spires like some other national parks (e.g., Arches National Park). Therefore, the answer is 'No'.[0m
2024-10-17 18:12:57,446 - [34mHost: No[0m
2024-10-17 18:12:57,446 - [33m----------------------------------------[0m
2024-10-17 18:12:57,446 - [33mStep 12 of the game[0m
2024-10-17 18:13:00,629 - [32mGuesser (internal dialogue): The topic is a famous geological feature in the United States that is part of a national park, but it is not known for unique rock formations. This suggests it could be a canyon or a different type of geological feature. To narrow it down further, I want to find out if it is specifically known for its canyon formations, as this will help me identify specific national parks that are famous for canyons. I have 9 steps left, so I can still ask several questions to get closer to the answer.[0m
2024-10-17 18:13:00,630 - [32mGuesser: (topic proposal): None[0m
2024-10-17 18:13:00,630 - [32mGuesser: Is the topic known for its canyon formations?[0m
2024-10-17 18:13:02,259 - [34mHost (internal dialogue): The Grand Canyon is indeed known for its canyon formations, as it is one of the most famous canyons in the world, formed by the erosion of the Colorado River over millions of years. Therefore, the answer is 'Yes'.[0m
2024-10-17 18:13:02,259 - [34mHost: Yes[0m
2024-10-17 18:13:02,259 - [33m----------------------------------------[0m
2024-10-17 18:13:02,259 - [33mStep 13 of the game[0m
2024-10-17 18:13:04,122 - [32mGuesser (internal dialogue): The topic is a famous geological feature in the United States that is part of a national park and is known for its canyon formations. Given this information, I want to narrow it down to a specific canyon. One of the most famous canyons in the U.S. is the Grand Canyon, so I will ask if the topic is the Grand Canyon. This is a direct guess based on the information I have gathered so far. I have 8 steps left, so I can afford to make a guess now.[0m
2024-10-17 18:13:04,122 - [32mGuesser: (topic proposal): Grand Canyon[0m
2024-10-17 18:13:05,829 - [34mHost (internal dialogue on topic proposal): The Guesser correctly identified the topic as the Grand Canyon, which matches the chosen topic of the game.[0m
2024-10-17 18:13:05,829 - [34mHost: Yes, that's correct! The Guesser's topic proposal: Grand Canyon matches the topic: Grand Canyon[0m
