2024-10-17 18:12:16,865 - [33mLet's play the game of 20 questions![0m
2024-10-17 18:12:16,865 - [34mHost: Psst...The Guesser doesn't know this, but I can reveal that the topic is Eiffel Tower[0m
2024-10-17 18:12:16,865 - [33m----------------------------------------[0m
2024-10-17 18:12:16,865 - [33mStep 0 of the game[0m
2024-10-17 18:12:18,393 - [32mGuesser (internal dialogue): I need to narrow down the possibilities of what the topic could be. Asking if it is a living thing will help me determine if I should be thinking about animals or plants, or if I should focus on inanimate objects or places. Since I have 20 steps, I want to make sure I gather useful information early on.[0m
2024-10-17 18:12:18,393 - [32mGuesser: (topic proposal): None[0m
2024-10-17 18:12:18,393 - [32mGuesser: Is the topic a living thing?[0m
2024-10-17 18:12:19,836 - [34mHost (internal dialogue): The Eiffel Tower is an inanimate structure and not a living thing, so the answer is 'No'.[0m
2024-10-17 18:12:19,836 - [34mHost: No[0m
2024-10-17 18:12:19,836 - [33m----------------------------------------[0m
2024-10-17 18:12:19,836 - [33mStep 1 of the game[0m
2024-10-17 18:12:21,376 - [32mGuesser (internal dialogue): Since the topic is not a living thing, I can focus on inanimate objects or places. I want to determine if the topic is something that is commonly found indoors or outdoors. This will help me narrow down the category further. I have 19 steps left, so I can afford to ask a few more questions to get closer to the answer.[0m
2024-10-17 18:12:21,376 - [32mGuesser: (topic proposal): None[0m
2024-10-17 18:12:21,376 - [32mGuesser: Is the topic something that is commonly found indoors?[0m
2024-10-17 18:12:22,794 - [34mHost (internal dialogue): The Eiffel Tower is an outdoor landmark located in Paris, France, and is not typically found indoors. Therefore, the answer is 'No'.[0m
2024-10-17 18:12:22,794 - [34mHost: No[0m
2024-10-17 18:12:22,794 - [33m----------------------------------------[0m
2024-10-17 18:12:22,794 - [33mStep 2 of the game[0m
2024-10-17 18:12:24,435 - [32mGuesser (internal dialogue): Since the topic is not a living thing and is not commonly found indoors, it is likely something that is found outdoors. I want to determine if the topic is a natural feature or a man-made object. This will help me narrow down the possibilities significantly. I have 18 steps left, so I can continue to ask questions to refine my guess.[0m
2024-10-17 18:12:24,435 - [32mGuesser: (topic proposal): None[0m
2024-10-17 18:12:24,435 - [32mGuesser: Is the topic a natural feature (like a mountain, river, etc.)?[0m
2024-10-17 18:12:25,711 - [34mHost (internal dialogue): The Eiffel Tower is a man-made structure and not a natural feature like a mountain or river. Therefore, the answer is 'No'.[0m
2024-10-17 18:12:25,711 - [34mHost: No[0m
2024-10-17 18:12:25,712 - [33m----------------------------------------[0m
2024-10-17 18:12:25,712 - [33mStep 3 of the game[0m
2024-10-17 18:12:27,265 - [32mGuesser (internal dialogue): Since the topic is not a living thing, not commonly found indoors, and not a natural feature, it is likely a man-made object or structure. I want to determine if the topic is something that is typically used for transportation, which could help narrow down the possibilities significantly. I have 17 steps left, so I can still ask a few more questions to refine my guess.[0m
2024-10-17 18:12:27,266 - [32mGuesser: (topic proposal): None[0m
2024-10-17 18:12:27,266 - [32mGuesser: Is the topic related to transportation?[0m
2024-10-17 18:12:28,763 - [34mHost (internal dialogue): The Eiffel Tower is primarily a landmark and tourist attraction, not directly related to transportation. While it may be near transportation hubs, it is not a mode of transportation itself. Therefore, the answer is 'No'.[0m
2024-10-17 18:12:28,763 - [34mHost: No[0m
2024-10-17 18:12:28,763 - [33m----------------------------------------[0m
2024-10-17 18:12:28,763 - [33mStep 4 of the game[0m
2024-10-17 18:12:30,523 - [32mGuesser (internal dialogue): Since the topic is not a living thing, not commonly found indoors, not a natural feature, and not related to transportation, it could be a variety of other man-made objects. I want to determine if the topic is something that is typically used in daily life or for specific purposes, such as tools or appliances. This will help me narrow down the category further. I have 16 steps left, so I can continue to ask questions to refine my guess.[0m
2024-10-17 18:12:30,523 - [32mGuesser: (topic proposal): None[0m
2024-10-17 18:12:30,524 - [32mGuesser: Is the topic something that is commonly used in daily life?[0m
2024-10-17 18:12:31,925 - [34mHost (internal dialogue): The Eiffel Tower is primarily a tourist attraction and not something that people commonly use in their daily lives. It is not a practical object or tool that would be part of everyday activities. Therefore, the answer is 'No'.[0m
2024-10-17 18:12:31,926 - [34mHost: No[0m
2024-10-17 18:12:31,927 - [33m----------------------------------------[0m
2024-10-17 18:12:31,927 - [33mStep 5 of the game[0m
2024-10-17 18:12:33,785 - [32mGuesser (internal dialogue): Since the topic is not a living thing, not commonly found indoors, not a natural feature, not related to transportation, and not commonly used in daily life, it might be something more specialized or unique. I want to explore if the topic is something that is typically associated with a specific field or industry, which could help narrow it down significantly. I have 15 steps left, so I can still ask a few more questions to refine my guess.[0m
2024-10-17 18:12:33,785 - [32mGuesser: (topic proposal): None[0m
2024-10-17 18:12:33,785 - [32mGuesser: Is the topic related to a specific profession or industry?[0m
2024-10-17 18:12:35,491 - [34mHost (internal dialogue): The Eiffel Tower is primarily a landmark and tourist attraction, rather than being directly related to a specific profession or industry. While it may have connections to tourism and architecture, it is not tied to a particular profession in a direct way. Therefore, the answer is 'No'.[0m
2024-10-17 18:12:35,491 - [34mHost: No[0m
2024-10-17 18:12:35,491 - [33m----------------------------------------[0m
2024-10-17 18:12:35,492 - [33mStep 6 of the game[0m
2024-10-17 18:12:37,335 - [32mGuesser (internal dialogue): Since the topic is not a living thing, not commonly found indoors, not a natural feature, not related to transportation, not commonly used in daily life, and not related to a specific profession or industry, it might be something more abstract or artistic. I want to explore if the topic is something that is typically associated with entertainment or leisure activities, which could help narrow it down further. I have 14 steps left, so I can still ask a few more questions to refine my guess.[0m
2024-10-17 18:12:37,335 - [32mGuesser: (topic proposal): None[0m
2024-10-17 18:12:37,335 - [32mGuesser: Is the topic related to entertainment or leisure activities?[0m
2024-10-17 18:12:38,772 - [34mHost (internal dialogue): The Eiffel Tower is a popular tourist attraction and is often associated with leisure activities such as sightseeing and photography. Many people visit it for entertainment purposes, making it relevant to the category of entertainment or leisure activities. Therefore, the answer is 'Yes'.[0m
2024-10-17 18:12:38,772 - [34mHost: Yes[0m
2024-10-17 18:12:38,772 - [33m----------------------------------------[0m
2024-10-17 18:12:38,772 - [33mStep 7 of the game[0m
2024-10-17 18:12:40,531 - [32mGuesser (internal dialogue): Since the topic is related to entertainment or leisure activities, I want to narrow it down further by determining if it is something that is typically experienced visually, such as a movie, a painting, or a performance. This will help me focus on a specific type of entertainment. I have 13 steps left, so I can still ask a few more questions to refine my guess.[0m
2024-10-17 18:12:40,531 - [32mGuesser: (topic proposal): None[0m
2024-10-17 18:12:40,531 - [32mGuesser: Is the topic something that is primarily experienced visually, like a movie or a painting?[0m
2024-10-17 18:12:42,184 - [34mHost (internal dialogue): The Eiffel Tower is indeed primarily experienced visually, as it is a famous landmark known for its iconic structure and design. People visit it to see its beauty and take photographs, making it a visual experience rather than something that is primarily experienced through other senses.[0m
2024-10-17 18:12:42,185 - [34mHost: Yes[0m
2024-10-17 18:12:42,185 - [33m----------------------------------------[0m
2024-10-17 18:12:42,185 - [33mStep 8 of the game[0m
2024-10-17 18:12:43,828 - [32mGuesser (internal dialogue): Since the topic is related to entertainment, is primarily experienced visually, and I have already ruled out many categories, I want to narrow it down to a specific medium. I will ask if the topic is a type of visual art, such as a painting or sculpture, or if it is a film or television show. This will help me focus my guesses further. I have 12 steps left, so I can still ask a few more questions to refine my guess.[0m
2024-10-17 18:12:43,828 - [32mGuesser: (topic proposal): None[0m
2024-10-17 18:12:43,828 - [32mGuesser: Is the topic a film or television show?[0m
2024-10-17 18:12:45,236 - [34mHost (internal dialogue): The Eiffel Tower is a physical structure and not a film or television show. It is a landmark in Paris, so the answer is 'No'.[0m
2024-10-17 18:12:45,236 - [34mHost: No[0m
2024-10-17 18:12:45,236 - [33m----------------------------------------[0m
2024-10-17 18:12:45,236 - [33mStep 9 of the game[0m
2024-10-17 18:12:46,942 - [32mGuesser (internal dialogue): Since the topic is related to entertainment, primarily experienced visually, and is not a film or television show, it is likely a form of visual art. I want to determine if the topic is a specific type of visual art, such as a painting or a sculpture. This will help me narrow down my guesses significantly. I have 11 steps left, so I can still ask a few more questions to refine my guess.[0m
2024-10-17 18:12:46,942 - [32mGuesser: (topic proposal): None[0m
2024-10-17 18:12:46,942 - [32mGuesser: Is the topic a painting?[0m
2024-10-17 18:12:48,374 - [34mHost (internal dialogue): The Eiffel Tower is a physical structure and not a painting. While it may be depicted in paintings, it itself is not an artwork. Therefore, the answer is 'No'.[0m
2024-10-17 18:12:48,374 - [34mHost: No[0m
2024-10-17 18:12:48,374 - [33m----------------------------------------[0m
2024-10-17 18:12:48,374 - [33mStep 10 of the game[0m
2024-10-17 18:12:50,190 - [32mGuesser (internal dialogue): Since the topic is related to entertainment, primarily experienced visually, and is not a film, television show, or painting, it could be a different form of visual art, such as a sculpture, installation, or perhaps even a photograph. I want to narrow it down further by asking if it is a three-dimensional art form, which would help me determine if it's a sculpture or something similar. I have 10 steps left, so I can still ask a few more questions to refine my guess.[0m
2024-10-17 18:12:50,190 - [32mGuesser: (topic proposal): None[0m
2024-10-17 18:12:50,190 - [32mGuesser: Is the topic a sculpture or a three-dimensional art form?[0m
2024-10-17 18:12:51,978 - [34mHost (internal dialogue): The Eiffel Tower is a large iron lattice tower and is considered a monumental structure rather than a traditional sculpture. While it is a three-dimensional form, it is primarily an architectural landmark rather than a work of art in the same sense as a sculpture. Therefore, the answer is 'No'.[0m
2024-10-17 18:12:51,978 - [34mHost: No[0m
2024-10-17 18:12:51,978 - [33m----------------------------------------[0m
2024-10-17 18:12:51,979 - [33mStep 11 of the game[0m
2024-10-17 18:12:53,826 - [32mGuesser (internal dialogue): Since the topic is related to entertainment, primarily experienced visually, and is not a film, television show, painting, or sculpture, it might be a different form of visual art, such as photography or a type of visual performance. I want to explore if the topic is a specific type of visual art that is not three-dimensional. Given that I have 9 steps left, I need to be strategic in my questioning to narrow it down effectively.[0m
2024-10-17 18:12:53,827 - [32mGuesser: (topic proposal): None[0m
2024-10-17 18:12:53,827 - [32mGuesser: Is the topic a photograph?[0m
2024-10-17 18:12:55,359 - [34mHost (internal dialogue): The Eiffel Tower is a physical structure and not a photograph. While it can be photographed, it itself is not a photographic image. Therefore, the answer is 'No'.[0m
2024-10-17 18:12:55,360 - [34mHost: No[0m
2024-10-17 18:12:55,360 - [33m----------------------------------------[0m
2024-10-17 18:12:55,360 - [33mStep 12 of the game[0m
2024-10-17 18:12:57,428 - [32mGuesser (internal dialogue): Since the topic is related to entertainment, primarily experienced visually, and is not a film, television show, painting, sculpture, or photograph, it could be something like a performance art, a type of visual installation, or even a specific art movement. I want to explore if the topic is related to a specific art movement or style, which could help me narrow it down significantly. I have 8 steps left, so I need to be strategic in my questioning to refine my guess.[0m
2024-10-17 18:12:57,428 - [32mGuesser: (topic proposal): None[0m
2024-10-17 18:12:57,428 - [32mGuesser: Is the topic related to a specific art movement or style, such as Impressionism or Surrealism?[0m
2024-10-17 18:12:59,659 - [34mHost (internal dialogue): The Eiffel Tower is an architectural landmark and not directly related to a specific art movement or style. While it may be appreciated in the context of art, it does not belong to a particular art movement like Impressionism or Surrealism. Therefore, the answer is 'No'.[0m
2024-10-17 18:12:59,659 - [34mHost: No[0m
2024-10-17 18:12:59,659 - [33m----------------------------------------[0m
2024-10-17 18:12:59,659 - [33mStep 13 of the game[0m
2024-10-17 18:13:01,960 - [32mGuesser (internal dialogue): Since the topic is related to entertainment, primarily experienced visually, and is not a film, television show, painting, sculpture, photograph, or specific art movement, it might be something more niche or unique within the realm of visual entertainment. I want to explore if the topic is a type of visual performance or installation that is often experienced in a specific setting, such as a gallery or theater. This could help me narrow down the possibilities significantly. I have 7 steps left, so I need to be strategic in my questioning to refine my guess.[0m
2024-10-17 18:13:01,960 - [32mGuesser: (topic proposal): None[0m
2024-10-17 18:13:01,960 - [32mGuesser: Is the topic a type of visual performance, like a theater production or a live art installation?[0m
2024-10-17 18:13:03,478 - [34mHost (internal dialogue): The Eiffel Tower is a physical structure and not a type of visual performance. It is a landmark and does not fall under the category of theater productions or live art installations. Therefore, the answer is 'No'.[0m
2024-10-17 18:13:03,478 - [34mHost: No[0m
2024-10-17 18:13:03,478 - [33m----------------------------------------[0m
2024-10-17 18:13:03,478 - [33mStep 14 of the game[0m
2024-10-17 18:13:06,075 - [32mGuesser (internal dialogue): Since the topic is related to entertainment, primarily experienced visually, and has been ruled out as a film, television show, painting, sculpture, photograph, specific art movement, or visual performance, it might be something more abstract or conceptual in the realm of visual art. I want to explore if the topic is a specific type of visual object or installation that is often associated with a particular theme or concept. This could help me narrow down the possibilities significantly. I have 6 steps left, so I need to be strategic in my questioning to refine my guess.[0m
2024-10-17 18:13:06,075 - [32mGuesser: (topic proposal): None[0m
2024-10-17 18:13:06,075 - [32mGuesser: Is the topic an art installation or a conceptual art piece?[0m
2024-10-17 18:13:08,472 - [34mHost (internal dialogue): The Eiffel Tower is a well-known architectural structure and not an art installation or a conceptual art piece. It is a landmark in Paris, designed for practical use as well as aesthetic appeal, but it does not fit the definition of an art installation or conceptual art. Therefore, the answer is 'No'.[0m
2024-10-17 18:13:08,473 - [34mHost: No[0m
2024-10-17 18:13:08,474 - [33m----------------------------------------[0m
2024-10-17 18:13:08,474 - [33mStep 15 of the game[0m
2024-10-17 18:13:10,670 - [32mGuesser (internal dialogue): Since the topic is related to entertainment, primarily experienced visually, and has been ruled out as a film, television show, painting, sculpture, photograph, specific art movement, visual performance, or art installation, I need to think outside the box. It could be something like a visual medium that is not traditional art, such as a comic book or graphic novel. I want to explore if the topic is a specific type of visual storytelling medium. I have 5 steps left, so I need to be strategic in my questioning to refine my guess.[0m
2024-10-17 18:13:10,671 - [32mGuesser: (topic proposal): None[0m
2024-10-17 18:13:10,671 - [32mGuesser: Is the topic a comic book or graphic novel?[0m
2024-10-17 18:13:12,429 - [34mHost (internal dialogue): The Eiffel Tower is a physical structure and not a comic book or graphic novel. It is a landmark in Paris, and while it may appear in comics or graphic novels, it does not belong to that category. Therefore, the answer is 'No'.[0m
2024-10-17 18:13:12,429 - [34mHost: No[0m
2024-10-17 18:13:12,429 - [33m----------------------------------------[0m
2024-10-17 18:13:12,429 - [33mStep 16 of the game[0m
2024-10-17 18:13:14,540 - [32mGuesser (internal dialogue): Since the topic is related to entertainment, primarily experienced visually, and has been ruled out as a film, television show, painting, sculpture, photograph, specific art movement, visual performance, art installation, comic book, or graphic novel, I need to consider other forms of visual entertainment. It could be something like a video game or a specific type of visual media that doesn't fit traditional categories. I want to explore if the topic is a video game, as this is a significant form of visual entertainment. I have 4 steps left, so I need to be strategic in my questioning to refine my guess.[0m
2024-10-17 18:13:14,540 - [32mGuesser: (topic proposal): None[0m
2024-10-17 18:13:14,540 - [32mGuesser: Is the topic a video game?[0m
2024-10-17 18:13:16,714 - [34mHost (internal dialogue): The Eiffel Tower is a physical structure and not a video game. While it may be featured in video games, it does not itself represent a video game. Therefore, the answer is 'No'.[0m
2024-10-17 18:13:16,714 - [34mHost: No[0m
2024-10-17 18:13:16,714 - [33m----------------------------------------[0m
2024-10-17 18:13:16,714 - [33mStep 17 of the game[0m
2024-10-17 18:13:19,630 - [32mGuesser (internal dialogue): Since the topic is related to entertainment, primarily experienced visually, and has been ruled out as a film, television show, painting, sculpture, photograph, specific art movement, visual performance, art installation, comic book, graphic novel, and video game, I need to consider other forms of visual entertainment that might not fit traditional categories. One possibility is that it could be a type of visual media that is more interactive or experiential, such as a theme park attraction or a specific type of visual spectacle. I have 3 steps left, so I need to be strategic in my questioning to refine my guess.[0m
2024-10-17 18:13:19,630 - [32mGuesser: (topic proposal): None[0m
2024-10-17 18:13:19,630 - [32mGuesser: Is the topic a theme park attraction or a visual spectacle, like a fireworks show or light display?[0m
2024-10-17 18:13:21,330 - [34mHost (internal dialogue): The Eiffel Tower is primarily a landmark and not specifically a theme park attraction or a visual spectacle like a fireworks show or light display. While it can be part of events that include light displays, it is not categorized as an attraction in a theme park. Therefore, the answer is 'No'.[0m
2024-10-17 18:13:21,330 - [34mHost: No[0m
2024-10-17 18:13:21,330 - [33m----------------------------------------[0m
2024-10-17 18:13:21,330 - [33mStep 18 of the game[0m
2024-10-17 18:13:23,486 - [32mGuesser (internal dialogue): Since the topic is related to entertainment, primarily experienced visually, and has been ruled out as a film, television show, painting, sculpture, photograph, specific art movement, visual performance, art installation, comic book, graphic novel, video game, and theme park attraction, I need to think of other forms of visual entertainment that might be less conventional. One possibility is that it could be a type of visual media that is often associated with a specific cultural or historical context, such as a specific type of visual art or a famous landmark known for its visual appeal. I have 2 steps left, so I need to be strategic in my questioning to refine my guess.[0m
2024-10-17 18:13:23,486 - [32mGuesser: (topic proposal): None[0m
2024-10-17 18:13:23,486 - [32mGuesser: Is the topic a famous landmark or a piece of architecture known for its visual appeal?[0m
2024-10-17 18:13:25,172 - [34mHost (internal dialogue): The Eiffel Tower is indeed a famous landmark and is widely recognized for its unique architectural design and visual appeal. It is one of the most iconic structures in the world, attracting millions of visitors each year who come to admire its beauty and significance. Therefore, the answer is 'Yes'.[0m
2024-10-17 18:13:25,172 - [34mHost: Yes[0m
2024-10-17 18:13:25,172 - [33m----------------------------------------[0m
2024-10-17 18:13:25,172 - [33mStep 19 of the game[0m
2024-10-17 18:13:27,306 - [32mGuesser (internal dialogue): Since the topic is a famous landmark or piece of architecture known for its visual appeal, I want to narrow it down by determining if it is located in a specific region or country. This will help me focus my guess on a particular landmark. I have 2 steps left, so I need to be strategic in my questioning to refine my guess.[0m
2024-10-17 18:13:27,307 - [32mGuesser: (topic proposal): None[0m
2024-10-17 18:13:27,307 - [32mGuesser: Is the topic located in Europe?[0m
2024-10-17 18:13:28,892 - [34mHost (internal dialogue): The Eiffel Tower is located in Paris, France, which is in Europe. Therefore, the answer is 'Yes'.[0m
2024-10-17 18:13:28,893 - [34mHost: Yes[0m
2024-10-17 18:13:28,893 - [33mThe Guesser has not guessed the topic in 20 steps. The Guesser loses![0m
