2025-03-14 16:21:23,079 - [33mLet's play the game of 20 questions![0m
2025-03-14 16:21:27,658 - [34mHost (internal dialogue): Generated topic: Platypus from category: Animals/Mammals. Reasoning: I chose the platypus because it's a unique and unusual animal that combines features of different kinds of creatures, making it an interesting and challenging subject for a guessing game.[0m
2025-03-14 16:21:27,659 - [33m----------------------------------------[0m
2025-03-14 16:21:27,659 - [33mStep 0 of the game[0m
2025-03-14 16:21:31,460 - [32mGuesser (internal dialogue): I just started, so I have no information about the topic. I need to start with a broad question to gather more context before narrowing down.[0m
2025-03-14 16:21:31,460 - [32mGuesser: Is the topic related to science?[0m
2025-03-14 16:21:34,860 - [34mHost (internal dialogue): The platypus is a unique mammal with its own scientific classification and interesting biological characteristics. Thus, it relates to the field of science, particularly zoology and biology.[0m
2025-03-14 16:21:34,860 - [34mHost: Yes[0m
2025-03-14 16:21:34,860 - [33m----------------------------------------[0m
2025-03-14 16:21:34,861 - [33mStep 1 of the game[0m
2025-03-14 16:21:39,624 - [32mGuesser (internal dialogue): Since the topic is related to science, I should ask a question that helps narrow it down within the field of science. This can be broad fields like biology, physics, or chemistry. I have 18 steps left, so I can afford to ask broader questions initially.[0m
2025-03-14 16:21:39,624 - [32mGuesser: Is the topic related to biology?[0m
2025-03-14 16:21:43,174 - [34mHost (internal dialogue): The platypus is an animal and its biological classification, behavior, and physiology are all topics within biology. Therefore, the question is directly related to the topic since learning about the platypus involves studying its biological characteristics.[0m
2025-03-14 16:21:43,174 - [34mHost: Yes[0m
2025-03-14 16:21:43,174 - [33m----------------------------------------[0m
2025-03-14 16:21:43,174 - [33mStep 2 of the game[0m
2025-03-14 16:21:46,746 - [32mGuesser (internal dialogue): Since the topic is related to biology, I should narrow it further within biology. I have 17 steps left, so I can start focusing on larger subfields of biology to hone in on the specific area.[0m
2025-03-14 16:21:46,747 - [32mGuesser: Is the topic related to genetics?[0m
2025-03-14 16:21:50,689 - [34mHost (internal dialogue): The platypus is a unique mammal with distinctive genetic characteristics, such as possessing traits from birds, reptiles, and mammals. Studying its genetics provides insights into evolutionary biology, making the question relevant to the topic of platypus.[0m
2025-03-14 16:21:50,690 - [34mHost: Yes[0m
2025-03-14 16:21:50,690 - [33m----------------------------------------[0m
2025-03-14 16:21:50,690 - [33mStep 3 of the game[0m
2025-03-14 16:21:55,259 - [32mGuesser (internal dialogue): The topic is related to genetics within biology. I should continue narrowing down by exploring specific areas or concepts related to genetics. I have 16 steps left, so I can afford to ask more exploratory questions within genetics.[0m
2025-03-14 16:21:55,260 - [32mGuesser: Is the topic related to DNA sequencing?[0m
2025-03-14 16:21:59,961 - [34mHost (internal dialogue): The question asks if the topic is related to DNA sequencing. The topic is the platypus, which is an animal. DNA sequencing can be used to study the genetics of any living organism, including the platypus. Therefore, the question is related to the topic as it pertains to the genetic study of the platypus.[0m
2025-03-14 16:21:59,962 - [34mHost: Yes[0m
2025-03-14 16:21:59,962 - [33m----------------------------------------[0m
2025-03-14 16:21:59,962 - [33mStep 4 of the game[0m
2025-03-14 16:22:03,983 - [32mGuesser (internal dialogue): The topic is related to DNA sequencing, which is a specific technique in genetics, a subfield of biology. To narrow it further, I can explore specific methods or applications of DNA sequencing. I have 15 steps left, so I can afford to ask about particular technologies used in this area.[0m
2025-03-14 16:22:03,984 - [32mGuesser: Is the topic related to the Sanger sequencing method?[0m
2025-03-14 16:22:09,584 - [34mHost (internal dialogue): The question asks if the topic, which is 'Platypus', is related to the 'Sanger sequencing method'. The Sanger sequencing method is a technique for DNA sequencing. While 'Platypus' is an animal, the question might be trying to find if there's any relationship through genetic research, but as it stands, it's not directly related because it doesn't specify any genetic exploration focus. Therefore, according to the usual rules of relevance, the question is unrelated to the topic.[0m
2025-03-14 16:22:09,584 - [34mHost: No[0m
2025-03-14 16:22:09,584 - [33m----------------------------------------[0m
2025-03-14 16:22:09,584 - [33mStep 5 of the game[0m
2025-03-14 16:22:13,412 - [32mGuesser (internal dialogue): The topic is related to DNA sequencing but not specifically to the Sanger sequencing method. Other prominent methods in DNA sequencing include next-generation sequencing (NGS) techniques. Exploring this area might help narrow down the topic. I have 14 steps left, which gives me room to explore prominent sequencing methods that are not Sanger's method.[0m
2025-03-14 16:22:13,412 - [32mGuesser: Is the topic related to next-generation sequencing?[0m
2025-03-14 16:22:21,272 - [34mHost (internal dialogue): The question asks if the topic (Platypus) is related to next-generation sequencing. While platypuses themselves are not a sequencing method, studying their genome can be related to next-generation sequencing, as sequencing techniques are used in genetic research and genome analysis. Therefore, the question is related to the topic in the context of genetic research.[0m
2025-03-14 16:22:21,273 - [34mHost: Yes[0m
2025-03-14 16:22:21,273 - [33m----------------------------------------[0m
2025-03-14 16:22:21,273 - [33mStep 6 of the game[0m
2025-03-14 16:22:30,426 - [32mGuesser (internal dialogue): The topic is related to next-generation sequencing (NGS), a modern DNA sequencing technology that has revolutionized genomics. I need to narrow it down further by exploring specific technologies or applications within NGS. With 14 steps left, I can focus on common techniques within NGS.[0m
2025-03-14 16:22:30,426 - [32mGuesser: Is the topic related to Illumina sequencing technology?[0m
2025-03-14 16:22:35,491 - [34mHost (internal dialogue): The question asks if the topic (Platypus) is related to Illumina sequencing technology. Platypuses are animals, and while Illumina sequencing technology can be used to study their genome, the topic itself (Platypus) is not directly related to the technology without further context.[0m
2025-03-14 16:22:35,492 - [34mHost: No[0m
2025-03-14 16:22:35,492 - [33m----------------------------------------[0m
2025-03-14 16:22:35,492 - [33mStep 7 of the game[0m
2025-03-14 16:22:40,480 - [32mGuesser (internal dialogue): The topic is related to next-generation sequencing, but it is not specifically about Sanger sequencing or Illumina technology. Considering common NGS technologies, it could involve other methods like PacBio or Oxford Nanopore. I'll try to determine if it relates to one of these technologies, which are significant in the field.[0m
2025-03-14 16:22:40,480 - [32mGuesser: Is the topic related to Oxford Nanopore sequencing technology?[0m
2025-03-14 16:22:46,008 - [34mHost (internal dialogue): The topic given is "Platypus," which is an animal. The question asks about Oxford Nanopore sequencing technology, which is a method used for sequencing DNA. While it is possible to use sequencing technology to study the genetics of a platypus, the question does not directly relate to the topic of platypuses. The focus of the question is on the technology, not specifically on the animal itself.[0m
2025-03-14 16:22:46,008 - [34mHost: No[0m
2025-03-14 16:22:46,008 - [33m----------------------------------------[0m
2025-03-14 16:22:46,008 - [33mStep 8 of the game[0m
2025-03-14 16:22:50,094 - [32mGuesser (internal dialogue): The topic is related to next-generation sequencing but not about Sanger, Illumina, or Oxford Nanopore technologies. I should explore other NGS technologies like PacBio (Pacific Biosciences) to narrow it down. I have 12 steps left, so I can explore specific companies or advancements within NGS.[0m
2025-03-14 16:22:50,094 - [32mGuesser: Is the topic related to PacBio sequencing technology?[0m
2025-03-14 16:22:55,515 - [34mHost (internal dialogue): The topic is 'Platypus,' which is an animal. The question asks if the topic is related to 'PacBio sequencing technology,' which is a specific technology used in genetic sequencing. While genetic sequencing could theoretically be applied to the platypus to study its DNA, the question is more about whether the technology itself is related to the platypus as a general topic, which it is not. Therefore, this question does not directly relate to the topic of 'Platypus.'[0m
2025-03-14 16:22:55,516 - [34mHost: No[0m
2025-03-14 16:22:55,516 - [33m----------------------------------------[0m
2025-03-14 16:22:55,516 - [33mStep 9 of the game[0m
2025-03-14 16:22:59,663 - [32mGuesser (internal dialogue): The topic is connected to next-generation sequencing (NGS) but not specifically to Sanger, Illumina, Oxford Nanopore, or PacBio technologies. Since other aspects of NGS include applications like clinical diagnostics or environmental sequencing, I should explore these next. I have 11 steps left, so I can afford to investigate broader applications within NGS.[0m
2025-03-14 16:22:59,663 - [32mGuesser: Is the topic related to clinical applications of NGS?[0m
2025-03-14 16:23:05,974 - [34mHost (internal dialogue): The question is about the clinical applications of Next-Generation Sequencing (NGS), which is a genetic sequencing technology. The topic provided is 'Platypus,' which is a specific animal and does not directly relate to clinical applications of NGS. This question doesn't align well with the topic of platypus as it is more focused on a specific biological or technological application, not the animal itself.[0m
2025-03-14 16:23:05,974 - [34mHost: No[0m
2025-03-14 16:23:05,974 - [33m----------------------------------------[0m
2025-03-14 16:23:05,974 - [33mStep 10 of the game[0m
2025-03-14 16:23:10,245 - [32mGuesser (internal dialogue): The topic is related to next-generation sequencing, but we've ruled out Sanger, Illumina, Oxford Nanopore, PacBio technologies, and clinical applications. With 10 steps left, it's time to explore other applications or perhaps specific advancements in the technology itself. Environmental sequencing or computational methods might be relevant areas to explore.[0m
2025-03-14 16:23:10,246 - [32mGuesser: Is the topic related to environmental applications of NGS?[0m
2025-03-14 16:23:16,757 - [34mHost (internal dialogue): The question is asking about the environmental applications of NGS (Next Generation Sequencing), whereas the topic provided is 'Platypus.' NGS could be used in studying platypuses, for example, in understanding their genetics or in conservation efforts, which could be considered an environmental application. However, without additional context tying NGS directly to platypuses, the question does not clearly align with the topic since 'Platypus' as a topic is general and not specifically about the environmental applications of NGS.[0m
2025-03-14 16:23:16,757 - [34mHost: No[0m
2025-03-14 16:23:16,758 - [33m----------------------------------------[0m
2025-03-14 16:23:16,758 - [33mStep 11 of the game[0m
2025-03-14 16:23:21,620 - [32mGuesser (internal dialogue): The topic is related to next-generation sequencing (NGS) but not tied to specific technologies like Sanger, Illumina, Oxford Nanopore, or PacBio. It's also not about clinical or environmental applications. This suggests the topic might involve a fundamental or emerging aspect of NGS not yet considered. Computational methods could be a relevant area.[0m
2025-03-14 16:23:21,620 - [32mGuesser: Is the topic related to computational methods in NGS?[0m
2025-03-14 16:23:26,952 - [34mHost (internal dialogue): The question asks if the topic is related to computational methods in Next-Generation Sequencing (NGS), and the given topic is Platypus. While a platypus could be studied using NGS for genetic research, the topic itself, 'Platypus,' is an animal and not directly related to computational methods in NGS.[0m
2025-03-14 16:23:26,952 - [34mHost: No[0m
2025-03-14 16:23:26,952 - [33m----------------------------------------[0m
2025-03-14 16:23:26,952 - [33mStep 12 of the game[0m
2025-03-14 16:23:32,190 - [32mGuesser (internal dialogue): The topic is related to next-generation sequencing (NGS), but not to specific technologies like Sanger, Illumina, Oxford Nanopore, or PacBio. It's also not related to common applications like clinical, environmental, or computational methods. It might involve an emerging technology or method related to NGS. I'll explore if it's associated with a fundamental advancement in the sequencing process itself.[0m
2025-03-14 16:23:32,190 - [32mGuesser: Is the topic related to third-generation sequencing methods?[0m
2025-03-14 16:23:37,959 - [34mHost (internal dialogue): The question asks about the relation between the topic and third-generation sequencing methods. The topic given is Platypus. While platypuses can be subjects of genetic studies that use sequencing methods, the question specifically asks if the topic is related to sequencing methods themselves. Therefore, the topic of Platypus is not inherently related to third-generation sequencing methods, which are technological processes and not specific to any one organism.[0m
2025-03-14 16:23:37,960 - [34mHost: No[0m
2025-03-14 16:23:37,960 - [33m----------------------------------------[0m
2025-03-14 16:23:37,960 - [33mStep 13 of the game[0m
