2025-03-14 15:51:29,931 - [33mLet's play the game of 20 questions![0m
2025-03-14 15:51:35,536 - [34mHost (internal dialogue): Generated topic: The Great Wall of China from category: Historical Structure/World Monument. Reasoning: The Great Wall of China is an iconic structure with historical and cultural significance, making it an interesting and challenging topic for players to guess. Its distinctiveness and extensive history provide a rich subject material that requires deductive reasoning and broad knowledge.[0m
2025-03-14 15:51:35,537 - [33m----------------------------------------[0m
2025-03-14 15:51:35,537 - [33mStep 0 of the game[0m
2025-03-14 15:51:39,902 - [32mGuesser (internal dialogue): The initial question narrows down whether the topic is a living being, which is a broad category that includes animals, plants, and other organisms. Understanding if it is a living creature can help avoid non-living topics such as objects, places, or events.[0m
2025-03-14 15:51:39,903 - [32mGuesser: Is the topic an animal?[0m
2025-03-14 15:51:43,343 - [34mHost (internal dialogue): The question asks if the topic is an animal. The topic, however, is the Great Wall of China, which is not an animal but a man-made structure. Thus, the question does not align with the topic.[0m
2025-03-14 15:51:43,344 - [34mHost: No[0m
2025-03-14 15:51:43,344 - [33m----------------------------------------[0m
2025-03-14 15:51:43,344 - [33mStep 1 of the game[0m
2025-03-14 15:51:49,195 - [32mGuesser (internal dialogue): My current question is about whether the topic is a type of object commonly found indoors. This could help me narrow it down to household items or indoor objects. If the answer is yes, I will focus on items typically found in homes or buildings, such as furniture or appliances. I have many steps left, so I am gathering broad details first.[0m
2025-03-14 15:51:49,195 - [32mGuesser: Is it an electronic device commonly found indoors?[0m
2025-03-14 15:51:52,781 - [34mHost (internal dialogue): The Great Wall of China is a historic structure and not an electronic device. The question is not aligned with the topic of The Great Wall of China, as it pertains to technology and indoor items, whereas the topic is about an ancient outdoor structure.[0m
2025-03-14 15:51:52,782 - [34mHost: No[0m
2025-03-14 15:51:52,782 - [33m----------------------------------------[0m
2025-03-14 15:51:52,782 - [33mStep 2 of the game[0m
2025-03-14 15:51:56,740 - [32mGuesser (internal dialogue): From the previous information, I know we're dealing with decorative aspects. This helps confirm if the topic is primarily ornamental. Determining if it's mainly decorative can help narrow down if the topic is related to art, home decor, etc. After this, I still have 4 steps left.[0m
2025-03-14 15:51:56,740 - [32mGuesser: Is it an object?[0m
2025-03-14 15:52:15,881 - [34mHost (internal dialogue): The Great Wall of China is a structure or a series of structures, which can be classified as a physical object. The question "Is it an object?" is directly related to the topic since the Great Wall of China fits that category.[0m
2025-03-14 15:52:15,882 - [34mHost: Yes[0m
2025-03-14 15:52:15,882 - [33m----------------------------------------[0m
2025-03-14 15:52:15,882 - [33mStep 3 of the game[0m
2025-03-14 15:52:21,418 - [32mGuesser (internal dialogue): The question about whether the object is made of natural materials might suggest it's related to something involving traditional materials or crafts. It helps narrow down the possibilities. I still need more information to figure it out. I probably have a few steps left before the topic becomes clear.[0m
2025-03-14 15:52:21,418 - [32mGuesser: Is the object used for decoration?[0m
2025-03-14 15:52:25,073 - [34mHost (internal dialogue): The Great Wall of China is primarily known for its historical and defensive significance rather than being an object used for decoration. The question doesn't align well with the topic, as it doesn't match the primary purpose or characteristic of the Great Wall.[0m
2025-03-14 15:52:25,074 - [34mHost: No[0m
2025-03-14 15:52:25,074 - [33m----------------------------------------[0m
2025-03-14 15:52:25,074 - [33mStep 4 of the game[0m
2025-03-14 15:52:30,089 - [32mGuesser (internal dialogue): The current question is checking if the topic is an object commonly encountered in daily life. This helps narrow down the potential topic from a vast range of possibilities to something more typically seen or used every day. Depending on the answer, I can further refine my understanding or eliminate a range of possibilities. I have several steps left to pinpoint the topic.[0m
2025-03-14 15:52:30,089 - [32mGuesser: Is the object technological in nature?[0m
2025-03-14 15:52:34,431 - [34mHost (internal dialogue): The question asks if the object is technological, and the topic is the Great Wall of China, which is an ancient structure primarily related to architecture and history rather than modern technology. Therefore, the question does not align with the topic.[0m
2025-03-14 15:52:34,431 - [34mHost: No[0m
2025-03-14 15:52:34,431 - [33m----------------------------------------[0m
2025-03-14 15:52:34,431 - [33mStep 5 of the game[0m
2025-03-14 15:52:39,691 - [32mGuesser (internal dialogue): The question suggests that the object might be something commonly found in homes, possibly a household item or appliance. This could help narrow down the category of the topic, possibly relating to kitchen utensils, bathroom fixtures, or bedroom furniture, depending on the answer. I have a few more steps left, so I must choose my questions wisely to get closer to the topic.[0m
2025-03-14 15:52:39,691 - [32mGuesser: Is the object typically found in the kitchen?[0m
2025-03-14 15:52:43,670 - [34mHost (internal dialogue): The question 'Is the object typically found in the kitchen?' does not align with the topic of 'The Great Wall of China.' The Great Wall is a historical structure, and the question is about items typically found in kitchens, which is unrelated.[0m
2025-03-14 15:52:43,670 - [34mHost: No[0m
2025-03-14 15:52:43,670 - [33m----------------------------------------[0m
2025-03-14 15:52:43,670 - [33mStep 6 of the game[0m
2025-03-14 15:52:49,670 - [32mGuesser (internal dialogue): Based on the first question, it seems like the object could be something used in a professional setting or workspace. I need more information to narrow it down.[0m
2025-03-14 15:52:49,671 - [32mGuesser: Is the object electronic or does it require electricity to function?[0m
2025-03-14 15:52:54,965 - [34mHost (internal dialogue): The question asks if the object requires electricity, which does not relate to the Great Wall of China, a historical structure that does not require electricity. The topic is about a physical structure that predates electronic inventions.[0m
2025-03-14 15:52:54,966 - [34mHost: No[0m
2025-03-14 15:52:54,966 - [33m----------------------------------------[0m
2025-03-14 15:52:54,966 - [33mStep 7 of the game[0m
