2024-10-17 18:12:17,161 - [33mLet's play the game of 20 questions![0m
2024-10-17 18:12:17,162 - [34mHost: Psst...The Guesser doesn't know this, but I can reveal that the topic is Eiffel Tower[0m
2024-10-17 18:12:17,162 - [33m----------------------------------------[0m
2024-10-17 18:12:17,162 - [33mStep 0 of the game[0m
2024-10-17 18:12:18,717 - [32mGuesser (internal dialogue): I need to narrow down the possibilities of what the topic could be. Asking if it is a living thing will help me determine if I should be thinking about animals or plants, or if I should focus on inanimate objects or places. Since I have 20 steps, I want to make sure I gather useful information early on.[0m
2024-10-17 18:12:18,717 - [32mGuesser: (topic proposal): None[0m
2024-10-17 18:12:18,717 - [32mGuesser: Is the topic a living thing?[0m
2024-10-17 18:12:19,929 - [34mHost (internal dialogue): The Eiffel Tower is an inanimate structure and not a living thing, so the answer is 'No'.[0m
2024-10-17 18:12:19,929 - [34mHost: No[0m
2024-10-17 18:12:19,929 - [33m----------------------------------------[0m
2024-10-17 18:12:19,929 - [33mStep 1 of the game[0m
2024-10-17 18:12:21,463 - [32mGuesser (internal dialogue): Since the topic is not a living thing, I can focus on inanimate objects or places. I want to determine if the topic is something commonly found indoors or outdoors. This will help me narrow down the category further. I have 19 steps left, so I can afford to ask a few more questions to get closer to the answer.[0m
2024-10-17 18:12:21,463 - [32mGuesser: (topic proposal): None[0m
2024-10-17 18:12:21,463 - [32mGuesser: Is the topic something that is commonly found indoors?[0m
2024-10-17 18:12:22,878 - [34mHost (internal dialogue): The Eiffel Tower is an outdoor landmark located in Paris, France, and is not typically found indoors. Therefore, the answer is 'No'.[0m
2024-10-17 18:12:22,878 - [34mHost: No[0m
2024-10-17 18:12:22,878 - [33m----------------------------------------[0m
2024-10-17 18:12:22,878 - [33mStep 2 of the game[0m
2024-10-17 18:12:24,476 - [32mGuesser (internal dialogue): The topic is not a living thing and is not commonly found indoors, which suggests it might be an outdoor object or a place. To narrow it down further, I want to find out if the topic is a specific type of place, like a city, country, or natural feature. This will help me focus my guesses. I have 18 steps left, so I can still ask several questions.[0m
2024-10-17 18:12:24,476 - [32mGuesser: (topic proposal): None[0m
2024-10-17 18:12:24,476 - [32mGuesser: Is the topic a geographical location, such as a city or country?[0m
2024-10-17 18:12:25,917 - [34mHost (internal dialogue): The Eiffel Tower is a specific landmark located in Paris, which is a city. While it is not a city or country itself, it is a significant geographical location. However, since the question specifically asks if the topic is a geographical location like a city or country, the answer is 'No'.[0m
2024-10-17 18:12:25,917 - [34mHost: No[0m
2024-10-17 18:12:25,917 - [33m----------------------------------------[0m
2024-10-17 18:12:25,917 - [33mStep 3 of the game[0m
2024-10-17 18:12:27,589 - [32mGuesser (internal dialogue): Since the topic is not a living thing, not commonly found indoors, and not a geographical location, it is likely an inanimate object that is found outdoors. To narrow it down further, I want to determine if the topic is something that is man-made or a natural object. This will help me categorize it better. I have 17 steps left, so I can still ask a few more questions to get closer to the answer.[0m
2024-10-17 18:12:27,590 - [32mGuesser: (topic proposal): None[0m
2024-10-17 18:12:27,590 - [32mGuesser: Is the topic a man-made object?[0m
2024-10-17 18:12:28,924 - [34mHost (internal dialogue): The Eiffel Tower is a famous man-made structure, designed and constructed by humans. It is not a natural object, so the answer is 'Yes'.[0m
2024-10-17 18:12:28,924 - [34mHost: Yes[0m
2024-10-17 18:12:28,924 - [33m----------------------------------------[0m
2024-10-17 18:12:28,924 - [33mStep 4 of the game[0m
2024-10-17 18:12:30,582 - [32mGuesser (internal dialogue): The topic is a man-made object, and since it is not commonly found indoors or a geographical location, it is likely something that is used outdoors. To narrow it down further, I want to find out if this object is typically used for recreational purposes or practical purposes. This will help me categorize it better and get closer to a specific guess. I have 16 steps left, so I can still ask several questions.[0m
2024-10-17 18:12:30,583 - [32mGuesser: (topic proposal): None[0m
2024-10-17 18:12:30,583 - [32mGuesser: Is the topic typically used for recreational purposes?[0m
2024-10-17 18:12:31,927 - [34mHost (internal dialogue): The Eiffel Tower is primarily a tourist attraction and is often visited for recreational purposes, such as sightseeing and photography. Therefore, it can be considered as being used for recreational purposes.[0m
2024-10-17 18:12:31,927 - [34mHost: Yes[0m
2024-10-17 18:12:31,927 - [33m----------------------------------------[0m
2024-10-17 18:12:31,927 - [33mStep 5 of the game[0m
2024-10-17 18:12:33,660 - [32mGuesser (internal dialogue): The topic is a man-made object that is used for recreational purposes and is found outdoors. To narrow it down further, I want to determine if this object is something that is commonly associated with sports or physical activities, such as equipment or gear. This will help me focus my guesses more effectively. I have 15 steps left, so I can still ask a few more questions.[0m
2024-10-17 18:12:33,661 - [32mGuesser: (topic proposal): None[0m
2024-10-17 18:12:33,661 - [32mGuesser: Is the topic related to a specific sport or physical activity?[0m
2024-10-17 18:12:35,615 - [34mHost (internal dialogue): The Eiffel Tower is not directly related to a specific sport or physical activity. While people may engage in activities like climbing or sightseeing around it, it is not a venue for sports or physical activities. Therefore, the answer is 'No'.[0m
2024-10-17 18:12:35,616 - [34mHost: No[0m
2024-10-17 18:12:35,616 - [33m----------------------------------------[0m
2024-10-17 18:12:35,616 - [33mStep 6 of the game[0m
2024-10-17 18:12:37,346 - [32mGuesser (internal dialogue): The topic is a man-made object used for recreational purposes, but it is not specifically related to a sport or physical activity. This suggests it might be something more general, like a tool or item used for leisure. To narrow it down further, I want to find out if this object is typically used for relaxation or leisure activities, such as camping or picnicking. I have 14 steps left, so I can still ask several questions to get closer to the answer.[0m
2024-10-17 18:12:37,346 - [32mGuesser: (topic proposal): None[0m
2024-10-17 18:12:37,346 - [32mGuesser: Is the topic typically used for relaxation or leisure activities?[0m
2024-10-17 18:12:38,940 - [34mHost (internal dialogue): The Eiffel Tower is a popular tourist destination where people often go to relax, enjoy the view, and spend leisure time. It is associated with leisure activities such as sightseeing and picnicking in the surrounding areas. Therefore, the answer is 'Yes'.[0m
2024-10-17 18:12:38,940 - [34mHost: Yes[0m
2024-10-17 18:12:38,940 - [33m----------------------------------------[0m
2024-10-17 18:12:38,940 - [33mStep 7 of the game[0m
2024-10-17 18:12:40,693 - [32mGuesser (internal dialogue): The topic is a man-made object used for recreational purposes and is typically associated with relaxation or leisure activities. This suggests it could be something like a chair, blanket, or equipment used for outdoor leisure. To narrow it down further, I want to find out if this object is something that can be used by people sitting down, which would help me focus on items like chairs or loungers. I have 13 steps left, so I can still ask several questions to get closer to the answer.[0m
2024-10-17 18:12:40,693 - [32mGuesser: (topic proposal): None[0m
2024-10-17 18:12:40,693 - [32mGuesser: Is the topic something that is typically used while sitting down?[0m
2024-10-17 18:12:43,596 - [34mHost (internal dialogue): The Eiffel Tower is not something that is used while sitting down; it is a structure that people visit and walk around. While visitors may sit on benches or the ground nearby, the tower itself is not used in that manner. Therefore, the answer is 'No'.[0m
2024-10-17 18:12:43,596 - [34mHost: No[0m
2024-10-17 18:12:43,596 - [33m----------------------------------------[0m
2024-10-17 18:12:43,596 - [33mStep 8 of the game[0m
2024-10-17 18:12:45,410 - [32mGuesser (internal dialogue): The topic is a man-made object used for recreational purposes and is not something that is typically used while sitting down. This suggests it could be an item that is used while standing or moving, such as equipment for outdoor activities. To narrow it down further, I want to find out if this object is something that is commonly used in outdoor settings like parks or beaches. I have 12 steps left, so I can still ask several questions to get closer to the answer.[0m
2024-10-17 18:12:45,410 - [32mGuesser: (topic proposal): None[0m
2024-10-17 18:12:45,410 - [32mGuesser: Is the topic commonly used in outdoor settings like parks or beaches?[0m
2024-10-17 18:12:47,164 - [34mHost (internal dialogue): The Eiffel Tower is an iconic landmark located outdoors in Paris, and while it is not a park or beach, it is situated in a public space where people gather and enjoy outdoor activities. Therefore, it can be considered as being commonly associated with outdoor settings, but it is not used in the same way as items typically found in parks or beaches. However, since it is an outdoor structure, the answer is 'Yes'.[0m
2024-10-17 18:12:47,164 - [34mHost: Yes[0m
2024-10-17 18:12:47,164 - [33m----------------------------------------[0m
2024-10-17 18:12:47,164 - [33mStep 9 of the game[0m
2024-10-17 18:12:49,112 - [32mGuesser (internal dialogue): The topic is a man-made object used for recreational purposes, not typically used while sitting down, and is commonly found in outdoor settings like parks or beaches. This suggests it could be something like a frisbee, a kite, or a ball. To narrow it down further, I want to find out if this object is typically used for playing games or sports. This will help me focus my guesses more effectively. I have 11 steps left, so I can still ask several questions to get closer to the answer.[0m
2024-10-17 18:12:49,112 - [32mGuesser: (topic proposal): None[0m
2024-10-17 18:12:49,112 - [32mGuesser: Is the topic typically used for playing games or sports?[0m
2024-10-17 18:12:50,660 - [34mHost (internal dialogue): The Eiffel Tower is not used for playing games or sports. It is a landmark and tourist attraction, not a venue for sports or games. Therefore, the answer is 'No'.[0m
2024-10-17 18:12:50,660 - [34mHost: No[0m
2024-10-17 18:12:50,660 - [33m----------------------------------------[0m
2024-10-17 18:12:50,660 - [33mStep 10 of the game[0m
2024-10-17 18:12:52,511 - [32mGuesser (internal dialogue): The topic is a man-made object used for recreational purposes, not typically used while sitting down, commonly found in outdoor settings like parks or beaches, and not typically used for playing games or sports. This suggests it might be something related to leisure activities that don't involve competitive play. To narrow it down further, I want to find out if this object is something that is used for relaxation or enjoyment, such as a picnic item or a decorative object. I have 10 steps left, so I need to be strategic with my questions.[0m
2024-10-17 18:12:52,511 - [32mGuesser: (topic proposal): None[0m
2024-10-17 18:12:52,511 - [32mGuesser: Is the topic something that is used for relaxation or enjoyment, like a picnic blanket or a decorative item?[0m
2024-10-17 18:12:54,072 - [34mHost (internal dialogue): The Eiffel Tower is primarily a tourist attraction and is often visited for enjoyment, but it is not an item like a picnic blanket or a decorative item that is used for relaxation. It is a large structure that people visit for sightseeing rather than something that is used directly for relaxation or enjoyment in the same way as the items mentioned. Therefore, the answer is 'No'.[0m
2024-10-17 18:12:54,072 - [34mHost: No[0m
2024-10-17 18:12:54,072 - [33m----------------------------------------[0m
2024-10-17 18:12:54,072 - [33mStep 11 of the game[0m
2024-10-17 18:12:55,974 - [32mGuesser (internal dialogue): The topic is a man-made object used for recreational purposes, not typically used while sitting down, commonly found in outdoor settings like parks or beaches, and not used for playing games or sports, nor for relaxation or enjoyment. This suggests it might be something functional or practical that enhances outdoor experiences. To narrow it down further, I want to find out if this object is something that is used for protection or safety, such as a sunshade or a cooler. I have 9 steps left, so I need to be strategic with my questions.[0m
2024-10-17 18:12:55,974 - [32mGuesser: (topic proposal): None[0m
2024-10-17 18:12:55,974 - [32mGuesser: Is the topic something that is used for protection or safety in outdoor settings?[0m
2024-10-17 18:12:58,314 - [34mHost (internal dialogue): The Eiffel Tower is not used for protection or safety in outdoor settings. It is a landmark and tourist attraction, not a structure designed for safety or protection purposes. Therefore, the answer is 'No'.[0m
2024-10-17 18:12:58,314 - [34mHost: No[0m
2024-10-17 18:12:58,314 - [33m----------------------------------------[0m
2024-10-17 18:12:58,314 - [33mStep 12 of the game[0m
2024-10-17 18:13:00,603 - [32mGuesser (internal dialogue): The topic is a man-made object used for recreational purposes, not typically used while sitting down, commonly found in outdoor settings like parks or beaches, and not used for playing games, relaxation, or protection. This suggests it might be something that enhances the outdoor experience in a different way. To narrow it down further, I want to find out if this object is something that is used for transportation or mobility, such as a bicycle or a skateboard. I have 8 steps left, so I need to be strategic with my questions.[0m
2024-10-17 18:13:00,604 - [32mGuesser: (topic proposal): None[0m
2024-10-17 18:13:00,604 - [32mGuesser: Is the topic something that is used for transportation or mobility in outdoor settings?[0m
2024-10-17 18:13:02,374 - [34mHost (internal dialogue): The Eiffel Tower is not used for transportation or mobility; it is a stationary structure that serves as a tourist attraction. While people may travel to and from the Eiffel Tower, the tower itself does not facilitate transportation. Therefore, the answer is 'No'.[0m
2024-10-17 18:13:02,374 - [34mHost: No[0m
2024-10-17 18:13:02,374 - [33m----------------------------------------[0m
2024-10-17 18:13:02,374 - [33mStep 13 of the game[0m
2024-10-17 18:13:05,393 - [32mGuesser (internal dialogue): The topic is a man-made object used for recreational purposes, not typically used while sitting down, commonly found in outdoor settings like parks or beaches, and not related to games, relaxation, protection, or transportation. This suggests it could be something that enhances outdoor experiences in a different way, possibly related to activities like cooking or socializing. To narrow it down further, I want to find out if this object is related to food or cooking, which could lead me to items like grills or coolers. I have 7 steps left, so I need to be strategic with my questions.[0m
2024-10-17 18:13:05,393 - [32mGuesser: (topic proposal): None[0m
2024-10-17 18:13:05,393 - [32mGuesser: Is the topic related to food or cooking in outdoor settings?[0m
2024-10-17 18:13:07,955 - [34mHost (internal dialogue): The Eiffel Tower is not related to food or cooking; it is a landmark and tourist attraction. While there may be restaurants nearby, the tower itself does not pertain to food or cooking. Therefore, the answer is 'No'.[0m
2024-10-17 18:13:07,955 - [34mHost: No[0m
2024-10-17 18:13:07,955 - [33m----------------------------------------[0m
2024-10-17 18:13:07,955 - [33mStep 14 of the game[0m
2024-10-17 18:13:09,780 - [32mGuesser (internal dialogue): The topic is a man-made object used for recreational purposes, not typically used while sitting down, commonly found in outdoor settings like parks or beaches, and not related to games, relaxation, protection, transportation, or food. This suggests it might be something that is used for enjoyment or social interaction in a different way. To narrow it down further, I want to find out if this object is something that is used for entertainment or artistic expression, such as musical instruments or art supplies. I have 6 steps left, so I need to be strategic with my questions.[0m
2024-10-17 18:13:09,781 - [32mGuesser: (topic proposal): None[0m
2024-10-17 18:13:09,781 - [32mGuesser: Is the topic something that is used for entertainment or artistic expression?[0m
2024-10-17 18:13:11,391 - [34mHost (internal dialogue): The Eiffel Tower is often associated with entertainment as it is a major tourist attraction where people go to enjoy the view and experience the ambiance of Paris. Additionally, it has been featured in various artistic expressions, including paintings, photographs, and films. Therefore, it can be considered related to entertainment and artistic expression.[0m
2024-10-17 18:13:11,391 - [34mHost: Yes[0m
2024-10-17 18:13:11,391 - [33m----------------------------------------[0m
2024-10-17 18:13:11,391 - [33mStep 15 of the game[0m
2024-10-17 18:13:13,558 - [32mGuesser (internal dialogue): The topic is a man-made object used for recreational purposes, not typically used while sitting down, commonly found in outdoor settings like parks or beaches, and is related to entertainment or artistic expression. This suggests it could be something like a musical instrument or an art supply. To narrow it down further, I want to find out if this object is primarily used for creating music, which would help me focus on specific types of instruments. I have 6 steps left, so I need to be strategic with my questions.[0m
2024-10-17 18:13:13,558 - [32mGuesser: (topic proposal): None[0m
2024-10-17 18:13:13,558 - [32mGuesser: Is the topic primarily used for creating music?[0m
2024-10-17 18:13:15,738 - [34mHost (internal dialogue): The Eiffel Tower is not primarily used for creating music. While it may be a backdrop for musical performances or events, it is not an instrument or a venue specifically designed for music creation. Therefore, the answer is 'No'.[0m
2024-10-17 18:13:15,738 - [34mHost: No[0m
2024-10-17 18:13:15,738 - [33m----------------------------------------[0m
2024-10-17 18:13:15,738 - [33mStep 16 of the game[0m
2024-10-17 18:13:17,629 - [32mGuesser (internal dialogue): The topic is a man-made object used for recreational purposes, not typically used while sitting down, commonly found in outdoor settings like parks or beaches, related to entertainment or artistic expression, but not primarily for creating music. This suggests it might be something used for visual arts or crafts. To narrow it down further, I want to find out if this object is used for visual arts, such as painting or drawing. I have 5 steps left, so I need to be strategic with my questions.[0m
2024-10-17 18:13:17,630 - [32mGuesser: (topic proposal): None[0m
2024-10-17 18:13:17,630 - [32mGuesser: Is the topic something that is used for visual arts, like painting or drawing?[0m
2024-10-17 18:13:19,494 - [34mHost (internal dialogue): The Eiffel Tower is often depicted in visual arts, including paintings and drawings, as it is an iconic landmark. Artists frequently use it as a subject for their work due to its distinctive design and cultural significance. Therefore, it can be considered something that is used for visual arts.[0m
2024-10-17 18:13:19,494 - [34mHost: Yes[0m
2024-10-17 18:13:19,494 - [33m----------------------------------------[0m
2024-10-17 18:13:19,494 - [33mStep 17 of the game[0m
2024-10-17 18:13:21,233 - [32mGuesser (internal dialogue): The topic is a man-made object used for recreational purposes, not typically used while sitting down, commonly found in outdoor settings like parks or beaches, related to entertainment or artistic expression, and specifically used for visual arts. Since it is used for visual arts, it could be something like paint, brushes, or canvases. To narrow it down further, I want to find out if this object is primarily used for painting. I have 5 steps left, so I need to be strategic with my questions.[0m
2024-10-17 18:13:21,233 - [32mGuesser: (topic proposal): None[0m
2024-10-17 18:13:21,233 - [32mGuesser: Is the topic primarily used for painting?[0m
2024-10-17 18:13:23,198 - [34mHost (internal dialogue): The Eiffel Tower itself is not primarily used for painting; it is a landmark that can be depicted in paintings but is not a tool or medium for painting. Therefore, the answer is 'No'.[0m
2024-10-17 18:13:23,198 - [34mHost: No[0m
2024-10-17 18:13:23,198 - [33m----------------------------------------[0m
2024-10-17 18:13:23,198 - [33mStep 18 of the game[0m
2024-10-17 18:13:25,042 - [32mGuesser (internal dialogue): The topic is a man-made object used for recreational purposes, not typically used while sitting down, commonly found in outdoor settings like parks or beaches, related to entertainment or artistic expression, and used for visual arts but not primarily for painting. This suggests it might be something used for drawing or crafting. To narrow it down further, I want to find out if this object is specifically used for drawing, which would help me focus on items like pencils or sketchbooks. I have 4 steps left, so I need to be strategic with my questions.[0m
2024-10-17 18:13:25,042 - [32mGuesser: (topic proposal): None[0m
2024-10-17 18:13:25,042 - [32mGuesser: Is the topic primarily used for drawing?[0m
2024-10-17 18:13:26,711 - [34mHost (internal dialogue): The Eiffel Tower itself is not primarily used for drawing; it is a landmark that can be a subject of drawings but is not a tool or medium for drawing. Therefore, the answer is 'No'.[0m
2024-10-17 18:13:26,711 - [34mHost: No[0m
2024-10-17 18:13:26,711 - [33m----------------------------------------[0m
2024-10-17 18:13:26,711 - [33mStep 19 of the game[0m
2024-10-17 18:13:28,812 - [32mGuesser (internal dialogue): The topic is a man-made object used for recreational purposes, not typically used while sitting down, commonly found in outdoor settings like parks or beaches, related to entertainment or artistic expression, used for visual arts, but not primarily for painting or drawing. This suggests it might be something used for crafts or other forms of artistic expression. Since I have only one step left, I need to make a guess based on the information I have gathered so far. I will ask if the topic is something used for crafting, which could include items like scissors, glue, or craft kits. If the answer is no, I will make my final guess based on the remaining possibilities.[0m
2024-10-17 18:13:28,812 - [32mGuesser: (topic proposal): None[0m
2024-10-17 18:13:28,812 - [32mGuesser: Is the topic something that is primarily used for crafting or DIY projects?[0m
2024-10-17 18:13:30,455 - [34mHost (internal dialogue): The Eiffel Tower is not primarily used for crafting or DIY projects. It is a famous landmark and tourist attraction, not a material or tool used in crafting. Therefore, the answer is 'No'.[0m
2024-10-17 18:13:30,456 - [34mHost: No[0m
2024-10-17 18:13:30,456 - [33mThe Guesser has not guessed the topic in 20 steps. The Guesser loses![0m
