2024-10-17 13:50:53,055 - [33mLet's play the game of 20 questions![0m
2024-10-17 13:50:53,055 - [34mHost: Psst...The Guesser doesn't know this, but I can reveal that the topic is Eiffel Tower[0m
2024-10-17 13:50:53,055 - [33m----------------------------------------[0m
2024-10-17 13:50:53,055 - [33mStep 0 of the game[0m
2024-10-17 13:50:54,595 - [32mGuesser (internal dialogue): I need to narrow down the possibilities of what the topic could be. Asking if it is a living thing will help me determine if I should be thinking about animals or plants, or if I should focus on inanimate objects or places. Since I have 20 steps, I want to make sure I gather useful information early on.[0m
2024-10-17 13:50:54,595 - [32mGuesser: (topic proposal): None[0m
2024-10-17 13:50:54,595 - [32mGuesser: Is the topic a living thing?[0m
2024-10-17 13:50:55,774 - [34mHost (internal dialogue): The Eiffel Tower is an inanimate structure and not a living thing, so the answer is 'No'.[0m
2024-10-17 13:50:55,774 - [34mHost: No[0m
2024-10-17 13:50:55,774 - [33m----------------------------------------[0m
2024-10-17 13:50:55,774 - [33mStep 1 of the game[0m
2024-10-17 13:50:57,400 - [32mGuesser (internal dialogue): Since the topic is not a living thing, I can focus on inanimate objects or places. I want to determine if the topic is something commonly found indoors or outdoors. This will help me narrow down the category further. I have 19 steps left, so I can afford to ask a few more questions to get closer to the answer.[0m
2024-10-17 13:50:57,401 - [32mGuesser: (topic proposal): None[0m
2024-10-17 13:50:57,401 - [32mGuesser: Is the topic something that is commonly found indoors?[0m
2024-10-17 13:50:58,735 - [34mHost (internal dialogue): The Eiffel Tower is an outdoor landmark located in Paris, France, and is not typically found indoors. Therefore, the answer is 'No'.[0m
2024-10-17 13:50:58,735 - [34mHost: No[0m
2024-10-17 13:50:58,735 - [33m----------------------------------------[0m
2024-10-17 13:50:58,735 - [33mStep 2 of the game[0m
2024-10-17 13:51:00,576 - [32mGuesser (internal dialogue): The topic is not a living thing and is not commonly found indoors, which suggests it might be an outdoor object or a place. To narrow it down further, I want to find out if the topic is a specific type of place, like a city, country, or natural feature. This will help me focus my guesses. I have 18 steps left, so I can still ask several questions.[0m
2024-10-17 13:51:00,576 - [32mGuesser: (topic proposal): None[0m
2024-10-17 13:51:00,577 - [32mGuesser: Is the topic a geographical location, such as a city or country?[0m
2024-10-17 13:51:02,007 - [34mHost (internal dialogue): The Eiffel Tower is a specific landmark located in Paris, which is a city. While it is not a city or country itself, it is a significant geographical location. However, since the question specifically asks if the topic is a geographical location like a city or country, the answer is 'No'.[0m
2024-10-17 13:51:02,008 - [34mHost: No[0m
2024-10-17 13:51:02,008 - [33m----------------------------------------[0m
2024-10-17 13:51:02,008 - [33mStep 3 of the game[0m
2024-10-17 13:51:03,656 - [32mGuesser (internal dialogue): Since the topic is not a living thing, not commonly found indoors, and not a geographical location, it is likely an inanimate object that is found outdoors. To narrow it down further, I want to determine if the topic is something that is man-made or a natural object. This will help me categorize it better. I have 17 steps left, so I can still ask a few more questions to get closer to the answer.[0m
2024-10-17 13:51:03,657 - [32mGuesser: (topic proposal): None[0m
2024-10-17 13:51:03,657 - [32mGuesser: Is the topic a man-made object?[0m
2024-10-17 13:51:04,905 - [34mHost (internal dialogue): The Eiffel Tower is a famous man-made structure, designed and constructed by humans. It is not a natural object, so the answer is 'Yes'.[0m
2024-10-17 13:51:04,905 - [34mHost: Yes[0m
2024-10-17 13:51:04,905 - [33m----------------------------------------[0m
2024-10-17 13:51:04,905 - [33mStep 4 of the game[0m
2024-10-17 13:51:06,622 - [32mGuesser (internal dialogue): The topic is a man-made object, and since it is not found indoors, it is likely something used outdoors. To narrow it down further, I want to find out if it is something that is typically used for transportation or if it serves a different purpose. This will help me focus my guesses. I have 16 steps left, so I can still ask several questions.[0m
2024-10-17 13:51:06,622 - [32mGuesser: (topic proposal): None[0m
2024-10-17 13:51:06,622 - [32mGuesser: Is the topic primarily used for transportation?[0m
2024-10-17 13:51:07,990 - [34mHost (internal dialogue): The Eiffel Tower is not primarily used for transportation; it is a tourist attraction and a landmark. It does not serve the function of transporting people or goods, so the answer is 'No'.[0m
2024-10-17 13:51:07,990 - [34mHost: No[0m
2024-10-17 13:51:07,990 - [33m----------------------------------------[0m
2024-10-17 13:51:07,990 - [33mStep 5 of the game[0m
2024-10-17 13:51:09,636 - [32mGuesser (internal dialogue): The topic is a man-made object that is not used for transportation and is found outdoors. This suggests it could be something related to recreation, construction, or outdoor activities. To narrow it down further, I want to find out if it is something that is typically used for recreational purposes, such as sports or leisure activities. I have 15 steps left, so I can still ask a few more questions to get closer to the answer.[0m
2024-10-17 13:51:09,636 - [32mGuesser: (topic proposal): None[0m
2024-10-17 13:51:09,637 - [32mGuesser: Is the topic primarily used for recreational purposes?[0m
2024-10-17 13:51:11,023 - [34mHost (internal dialogue): The Eiffel Tower is primarily a tourist attraction and is visited for recreational purposes, as people go there to enjoy the view and experience the landmark. Therefore, the answer is 'Yes'.[0m
2024-10-17 13:51:11,023 - [34mHost: Yes[0m
2024-10-17 13:51:11,023 - [33m----------------------------------------[0m
2024-10-17 13:51:11,023 - [33mStep 6 of the game[0m
2024-10-17 13:51:12,862 - [32mGuesser (internal dialogue): The topic is a man-made object that is used for recreational purposes and is found outdoors. This narrows it down to items like sports equipment, outdoor games, or recreational facilities. To further refine my guess, I want to determine if the object is something that is typically used in a specific sport or activity. I have 14 steps left, so I can still ask several questions to get closer to the answer.[0m
2024-10-17 13:51:12,863 - [32mGuesser: (topic proposal): None[0m
2024-10-17 13:51:12,863 - [32mGuesser: Is the topic something that is commonly used in a specific sport, like soccer or tennis?[0m
2024-10-17 13:51:14,398 - [34mHost (internal dialogue): The Eiffel Tower is not associated with any specific sport, such as soccer or tennis. It is a landmark and tourist attraction, not a piece of sports equipment or a venue for sports. Therefore, the answer is 'No'.[0m
2024-10-17 13:51:14,398 - [34mHost: No[0m
2024-10-17 13:51:14,398 - [33m----------------------------------------[0m
2024-10-17 13:51:14,398 - [33mStep 7 of the game[0m
2024-10-17 13:51:16,242 - [32mGuesser (internal dialogue): The topic is a man-made object used for recreational purposes, but it is not specific to a sport. This suggests it could be something related to outdoor activities or general leisure. To narrow it down further, I want to find out if the object is something that is typically used for relaxation or social gatherings, such as furniture or equipment for picnics or camping. I have 13 steps left, so I can still ask several questions to get closer to the answer.[0m
2024-10-17 13:51:16,242 - [32mGuesser: (topic proposal): None[0m
2024-10-17 13:51:16,242 - [32mGuesser: Is the topic something that is commonly used for relaxation or social gatherings outdoors?[0m
2024-10-17 13:51:17,880 - [34mHost (internal dialogue): The Eiffel Tower is a popular tourist destination where people often gather for social activities, picnics, and relaxation in the surrounding gardens and parks. It serves as a backdrop for many outdoor gatherings and events, making it a place associated with relaxation and social interaction outdoors. Therefore, the answer is 'Yes'.[0m
2024-10-17 13:51:17,881 - [34mHost: Yes[0m
2024-10-17 13:51:17,881 - [33m----------------------------------------[0m
2024-10-17 13:51:17,881 - [33mStep 8 of the game[0m
2024-10-17 13:51:20,031 - [32mGuesser (internal dialogue): The topic is a man-made object used for recreational purposes, found outdoors, and commonly used for relaxation or social gatherings. This suggests it could be something like outdoor furniture, a grill, or a picnic table. To narrow it down further, I want to find out if the object is typically associated with eating or cooking outdoors. I have 12 steps left, so I can still ask several questions to get closer to the answer.[0m
2024-10-17 13:51:20,031 - [32mGuesser: (topic proposal): None[0m
2024-10-17 13:51:20,031 - [32mGuesser: Is the topic something that is typically used for cooking or eating outdoors?[0m
2024-10-17 13:51:21,669 - [34mHost (internal dialogue): The Eiffel Tower is not used for cooking or eating; it is a landmark and tourist attraction. While there may be restaurants nearby, the tower itself does not serve a function related to cooking or eating outdoors. Therefore, the answer is 'No'.[0m
2024-10-17 13:51:21,669 - [34mHost: No[0m
2024-10-17 13:51:21,670 - [33m----------------------------------------[0m
2024-10-17 13:51:21,670 - [33mStep 9 of the game[0m
2024-10-17 13:51:23,390 - [32mGuesser (internal dialogue): The topic is a man-made object used for recreational purposes, found outdoors, and commonly used for relaxation or social gatherings, but it is not related to cooking or eating. This suggests it could be something like outdoor seating or a decorative item. To narrow it down further, I want to find out if the object is primarily used for sitting or lounging. I have 11 steps left, so I can still ask several questions to get closer to the answer.[0m
2024-10-17 13:51:23,390 - [32mGuesser: (topic proposal): None[0m
2024-10-17 13:51:23,390 - [32mGuesser: Is the topic primarily used for sitting or lounging outdoors?[0m
2024-10-17 13:51:24,946 - [34mHost (internal dialogue): The Eiffel Tower itself is not primarily used for sitting or lounging outdoors. While people may sit on benches or in parks nearby, the tower is primarily a structure for viewing and tourism rather than a place designed for lounging. Therefore, the answer is 'No'.[0m
2024-10-17 13:51:24,946 - [34mHost: No[0m
2024-10-17 13:51:24,946 - [33m----------------------------------------[0m
2024-10-17 13:51:24,946 - [33mStep 10 of the game[0m
2024-10-17 13:51:26,699 - [32mGuesser (internal dialogue): The topic is a man-made object used for recreational purposes, found outdoors, and commonly used for relaxation or social gatherings, but it is not related to cooking, eating, sitting, or lounging. This suggests it could be something decorative or functional that enhances the outdoor experience, such as lighting or games. To narrow it down further, I want to find out if the object is primarily used for decoration or ambiance. I have 10 steps left, so I can still ask several questions to get closer to the answer.[0m
2024-10-17 13:51:26,700 - [32mGuesser: (topic proposal): None[0m
2024-10-17 13:51:26,700 - [32mGuesser: Is the topic primarily used for decoration or creating ambiance outdoors?[0m
2024-10-17 13:51:28,428 - [34mHost (internal dialogue): The Eiffel Tower is often considered a decorative landmark and is known for its iconic design, contributing to the ambiance of Paris, especially when illuminated at night. It serves as a symbol of the city and is a popular backdrop for photos and events, thus it can be seen as primarily used for decoration and creating ambiance outdoors.[0m
2024-10-17 13:51:28,428 - [34mHost: Yes[0m
2024-10-17 13:51:28,428 - [33m----------------------------------------[0m
2024-10-17 13:51:28,428 - [33mStep 11 of the game[0m
2024-10-17 13:51:30,274 - [32mGuesser (internal dialogue): The topic is a man-made object used for recreational purposes, found outdoors, and primarily used for decoration or creating ambiance. This suggests it could be something like outdoor lighting, garden ornaments, or decorative features. To narrow it down further, I want to find out if the object is specifically related to lighting, as that is a common way to create ambiance outdoors. I have 9 steps left, so I can still ask several questions to get closer to the answer.[0m
2024-10-17 13:51:30,274 - [32mGuesser: (topic proposal): None[0m
2024-10-17 13:51:30,275 - [32mGuesser: Is the topic an outdoor lighting fixture, such as a lantern or string lights?[0m
2024-10-17 13:51:31,807 - [34mHost (internal dialogue): The Eiffel Tower is not an outdoor lighting fixture like a lantern or string lights. While it is illuminated at night, it is primarily a large architectural structure and not classified as a lighting fixture. Therefore, the answer is 'No'.[0m
2024-10-17 13:51:31,808 - [34mHost: No[0m
2024-10-17 13:51:31,808 - [33m----------------------------------------[0m
2024-10-17 13:51:31,808 - [33mStep 12 of the game[0m
2024-10-17 13:51:33,650 - [32mGuesser (internal dialogue): The topic is a man-made object used for recreational purposes, found outdoors, and primarily used for decoration or creating ambiance, but it is not related to outdoor lighting. This suggests it could be something like garden ornaments or decorative features. To narrow it down further, I want to find out if the object is something that is typically placed in a garden or yard. I have 8 steps left, so I can still ask several questions to get closer to the answer.[0m
2024-10-17 13:51:33,650 - [32mGuesser: (topic proposal): None[0m
2024-10-17 13:51:33,650 - [32mGuesser: Is the topic something that is typically placed in a garden or yard for decoration?[0m
2024-10-17 13:51:35,390 - [34mHost (internal dialogue): The Eiffel Tower is a large and iconic structure that is not typically placed in a garden or yard for decoration. It is a monumental landmark located in a specific location in Paris, rather than a decorative item that one would find in a garden or yard. Therefore, the answer is 'No'.[0m
2024-10-17 13:51:35,391 - [34mHost: No[0m
2024-10-17 13:51:35,391 - [33m----------------------------------------[0m
2024-10-17 13:51:35,391 - [33mStep 13 of the game[0m
2024-10-17 13:51:37,348 - [32mGuesser (internal dialogue): The topic is a man-made object used for recreational purposes, found outdoors, and primarily used for decoration or creating ambiance, but it is not related to outdoor lighting or garden decorations. This suggests it might be something more unique or specific, possibly related to outdoor events or gatherings. To narrow it down further, I want to find out if the object is something that is often used during celebrations or events, such as parties or festivals. I have 7 steps left, so I need to be strategic with my questions to get closer to the answer.[0m
2024-10-17 13:51:37,348 - [32mGuesser: (topic proposal): None[0m
2024-10-17 13:51:37,348 - [32mGuesser: Is the topic something that is commonly used during outdoor celebrations or events, like a decoration for parties?[0m
2024-10-17 13:51:38,938 - [34mHost (internal dialogue): The Eiffel Tower is often used as a backdrop for outdoor celebrations and events, such as weddings, festivals, and public gatherings. It is a symbol of Paris and is frequently featured in celebrations, making it a significant part of the ambiance during such occasions. Therefore, the answer is 'Yes'.[0m
2024-10-17 13:51:38,938 - [34mHost: Yes[0m
2024-10-17 13:51:38,938 - [33m----------------------------------------[0m
2024-10-17 13:51:38,938 - [33mStep 14 of the game[0m
2024-10-17 13:51:40,809 - [32mGuesser (internal dialogue): The topic is a man-made object used for recreational purposes, found outdoors, primarily for decoration or ambiance, and commonly used during outdoor celebrations or events. Given this context, it could be something like balloons, banners, or other festive decorations. To narrow it down further, I want to find out if the object is typically colorful and associated with celebrations. I have 6 steps left, so I need to be strategic with my questions to get closer to the answer.[0m
2024-10-17 13:51:40,809 - [32mGuesser: (topic proposal): None[0m
2024-10-17 13:51:40,809 - [32mGuesser: Is the topic something that is typically colorful and used as a decoration for outdoor celebrations, like balloons or streamers?[0m
2024-10-17 13:51:42,551 - [34mHost (internal dialogue): The Eiffel Tower is not typically colorful in the way that balloons or streamers are, as it is primarily a metallic structure painted in a specific shade of brown known as "Eiffel Tower Brown." While it is a decorative landmark, it does not fit the description of being colorful or used as a decoration in the same way that balloons or streamers are. Therefore, the answer is 'No'.[0m
2024-10-17 13:51:42,551 - [34mHost: No[0m
2024-10-17 13:51:42,551 - [33m----------------------------------------[0m
2024-10-17 13:51:42,551 - [33mStep 15 of the game[0m
2024-10-17 13:51:44,611 - [32mGuesser (internal dialogue): The topic is a man-made object used for recreational purposes, found outdoors, primarily for decoration or ambiance, and commonly used during outdoor celebrations or events. Since it is not colorful or related to balloons or streamers, it might be something more substantial or functional, like a decorative structure or installation. To narrow it down further, I want to find out if the object is something that provides a specific function or serves a purpose during these events, such as a tent or a decorative arch. I have 5 steps left, so I need to be strategic with my questions to get closer to the answer.[0m
2024-10-17 13:51:44,611 - [32mGuesser: (topic proposal): None[0m
2024-10-17 13:51:44,611 - [32mGuesser: Is the topic a decorative structure or installation used during outdoor celebrations, such as a tent or archway?[0m
2024-10-17 13:51:46,245 - [34mHost (internal dialogue): The Eiffel Tower is indeed a decorative structure and is often used as a backdrop for outdoor celebrations and events in Paris. It is a significant landmark that enhances the ambiance of various festivities, making it fit the description of a decorative structure used during outdoor celebrations.[0m
2024-10-17 13:51:46,245 - [34mHost: Yes[0m
2024-10-17 13:51:46,245 - [33m----------------------------------------[0m
2024-10-17 13:51:46,245 - [33mStep 16 of the game[0m
2024-10-17 13:51:48,213 - [32mGuesser (internal dialogue): The topic is a man-made decorative structure or installation used during outdoor celebrations. Since it is a structure, it could be something like a tent, archway, or gazebo. To narrow it down further, I want to find out if the structure is primarily used for providing shelter or shade during events. This will help me determine if it's more functional or purely decorative. I have 5 steps left, so I need to be strategic with my questions to get closer to the answer.[0m
2024-10-17 13:51:48,214 - [32mGuesser: (topic proposal): None[0m
2024-10-17 13:51:48,214 - [32mGuesser: Is the topic primarily used for providing shelter or shade during outdoor celebrations?[0m
2024-10-17 13:51:49,830 - [34mHost (internal dialogue): The Eiffel Tower is not primarily used for providing shelter or shade during outdoor celebrations. It is a large iron structure that serves as a landmark and tourist attraction, but it does not function as a shelter or shade provider like a tent or awning would. Therefore, the answer is 'No'.[0m
2024-10-17 13:51:49,831 - [34mHost: No[0m
2024-10-17 13:51:49,831 - [33m----------------------------------------[0m
2024-10-17 13:51:49,831 - [33mStep 17 of the game[0m
2024-10-17 13:51:51,783 - [32mGuesser (internal dialogue): The topic is a man-made decorative structure or installation used during outdoor celebrations, but it does not provide shelter or shade. This suggests it is likely a purely decorative element that enhances the aesthetic of the event. Given that it is not functional in terms of shelter, I want to find out if it is something that is often used as a focal point or backdrop for photos during celebrations. This will help me narrow down the possibilities further. I have 4 steps left, so I need to be strategic with my questions to get closer to the answer.[0m
2024-10-17 13:51:51,783 - [32mGuesser: (topic proposal): None[0m
2024-10-17 13:51:51,783 - [32mGuesser: Is the topic a decorative archway or backdrop used for photos during outdoor celebrations?[0m
2024-10-17 13:51:53,414 - [34mHost (internal dialogue): The Eiffel Tower is often used as a backdrop for photos during outdoor celebrations, especially in Paris where it is a prominent landmark. People frequently take pictures in front of it during events, making it a popular decorative backdrop for such occasions.[0m
2024-10-17 13:51:53,414 - [34mHost: Yes[0m
2024-10-17 13:51:53,414 - [33m----------------------------------------[0m
2024-10-17 13:51:53,415 - [33mStep 18 of the game[0m
2024-10-17 13:51:55,461 - [32mGuesser (internal dialogue): The topic is a decorative archway or backdrop used for photos during outdoor celebrations. Since I have already established that it is a decorative structure, I want to guess the specific type of archway or backdrop it could be. There are various styles, such as floral arches, balloon arches, or fabric backdrops. To make a more informed guess, I will ask if it is commonly adorned with flowers, which is a popular choice for such decorations. I have 3 steps left, so I need to be strategic with my questions to get closer to the answer.[0m
2024-10-17 13:51:55,462 - [32mGuesser: (topic proposal): Floral archway[0m
2024-10-17 13:51:58,153 - [34mHost (internal dialogue on topic proposal): The Guesser proposed 'Floral archway', which is not the same as 'Eiffel Tower'. While both are decorative structures used for celebrations, they are distinctly different objects. Therefore, the guess is incorrect.[0m
2024-10-17 13:51:58,153 - [32mGuesser: Is the topic a floral archway used for outdoor celebrations?[0m
2024-10-17 13:52:02,324 - [34mHost (internal dialogue): The Eiffel Tower is not a floral archway; it is a large iron structure and a famous landmark in Paris. While it serves as a backdrop for outdoor celebrations, it does not fit the description of a floral archway, which is typically made of flowers and used specifically for decoration in events. Therefore, the answer is 'No'.[0m
2024-10-17 13:52:02,324 - [34mHost: No[0m
2024-10-17 13:52:02,324 - [33m----------------------------------------[0m
2024-10-17 13:52:02,324 - [33mStep 19 of the game[0m
2024-10-17 13:52:04,356 - [32mGuesser (internal dialogue): The topic is a decorative archway or backdrop used for photos during outdoor celebrations, but it is not a floral archway. This suggests it could be a different style of archway or backdrop, such as one made of fabric or balloons. To narrow it down further, I want to find out if the archway is commonly made with balloons, as that is a popular choice for festive events. I have 2 steps left, so I need to be strategic with my questions to get closer to the answer.[0m
2024-10-17 13:52:04,357 - [32mGuesser: (topic proposal): Balloon archway[0m
2024-10-17 13:52:08,283 - [34mHost (internal dialogue on topic proposal): The Guesser proposed 'Balloon archway', which is not the same as the topic 'Eiffel Tower'. The Eiffel Tower is a large iron structure and a landmark, while a balloon archway is a decorative installation made of balloons. Therefore, the guess is incorrect.[0m
2024-10-17 13:52:08,283 - [32mGuesser: Is the topic a balloon archway used for outdoor celebrations?[0m
2024-10-17 13:52:10,067 - [34mHost (internal dialogue): The Eiffel Tower is not a balloon archway; it is a large iron structure and a famous landmark in Paris. While it is often used as a backdrop for outdoor celebrations, it does not fit the description of a balloon archway, which is specifically made of balloons and used for decoration at events. Therefore, the answer is 'No'.[0m
2024-10-17 13:52:10,068 - [34mHost: No[0m
2024-10-17 13:52:10,068 - [33mThe Guesser has not guessed the topic in 20 steps. The Guesser loses![0m
