2025-03-17 09:03:49,202 - [33mLet's play the game of 20 questions![0m
2025-03-17 09:03:53,618 - [34mHost (internal dialogue): Generated topic: The Great Wall of China from category: Geography/Historical Landmarks. Reasoning: With the seed provided, I have selected 'The Great Wall of China' because it is a well-known and iconic historical structure that can initiate a broad range of questions regarding its location, history, and physical attributes.[0m
2025-03-17 09:03:53,618 - [33m----------------------------------------[0m
2025-03-17 09:03:53,618 - [33mStep 0 of the game[0m
2025-03-17 09:03:56,921 - [32mGuesser (internal dialogue): Since we are just starting this guessing game and have no information yet about the topic, a good first question would be broad. I want to find out if the topic is related to something physical or conceptual, as this will guide my next steps.[0m
2025-03-17 09:03:56,921 - [32mGuesser: Is the topic related to a physical object?[0m
2025-03-17 09:03:59,590 - [34mHost (internal dialogue): The question directly relates to the topic as The Great Wall of China is indeed a physical object.[0m
2025-03-17 09:03:59,590 - [34mHost: Yes[0m
2025-03-17 09:03:59,591 - [33m----------------------------------------[0m
2025-03-17 09:03:59,591 - [33mStep 1 of the game[0m
2025-03-17 09:04:03,176 - [32mGuesser (internal dialogue): Since the topic is related to a physical object, the next logical step would be to narrow down the category of the object. I want to determine if the topic is related to technology or mechanical devices, as this will help direct future questions.[0m
2025-03-17 09:04:03,176 - [32mGuesser: Is the topic related to technology or mechanical devices?[0m
2025-03-17 09:04:06,113 - [34mHost (internal dialogue): The Great Wall of China is not related to technology or mechanical devices. It is a historical structure known for its architecture and historical significance rather than its relevance to technology.[0m
2025-03-17 09:04:06,114 - [34mHost: No[0m
2025-03-17 09:04:06,114 - [33m----------------------------------------[0m
2025-03-17 09:04:06,114 - [33mStep 2 of the game[0m
2025-03-17 09:04:09,900 - [32mGuesser (internal dialogue): We know the topic is related to a physical object but not technology or mechanical devices. This suggests we should explore other categories, such as nature, art, or everyday objects.[0m
2025-03-17 09:04:09,901 - [32mGuesser: Is the topic related to a natural object or phenomenon?[0m
2025-03-17 09:04:13,056 - [34mHost (internal dialogue): The Great Wall of China is a man-made structure, not a natural object or phenomenon. It is an artificial construction created by humans, so the question does not align with the topic.[0m
2025-03-17 09:04:13,056 - [34mHost: No[0m
2025-03-17 09:04:13,057 - [33m----------------------------------------[0m
2025-03-17 09:04:13,057 - [33mStep 3 of the game[0m
2025-03-17 09:04:17,787 - [32mGuesser (internal dialogue): The topic is related to a physical object but not to technology, mechanical devices, or natural phenomena. This means it might be related to man-made non-technological objects or art. To narrow it down further, let's explore if it's related to art or an artistic practice.[0m
2025-03-17 09:04:17,787 - [32mGuesser: Is the topic related to art or artistic practices?[0m
2025-03-17 09:04:21,474 - [34mHost (internal dialogue): The Great Wall of China is primarily related to historical and architectural significance. While there may be artistic elements in some sections, the primary identification is not as an art or artistic practice, but rather as a significant cultural and historical landmark.[0m
2025-03-17 09:04:21,474 - [34mHost: No[0m
2025-03-17 09:04:21,474 - [33m----------------------------------------[0m
2025-03-17 09:04:21,474 - [33mStep 4 of the game[0m
2025-03-17 09:04:25,840 - [32mGuesser (internal dialogue): The topic is a physical object not related to technology, mechanical devices, nature, or art. This suggests it might be a common, everyday item or household object. By asking if it's something typically found in homes, we can narrow down the context further.[0m
2025-03-17 09:04:25,840 - [32mGuesser: Is the topic something typically found in homes or everyday life?[0m
2025-03-17 09:04:29,154 - [34mHost (internal dialogue): The Great Wall of China is not something typically found in homes or everyday life. It is a historical structure and a famous landmark, not an everyday item or feature.[0m
2025-03-17 09:04:29,155 - [34mHost: No[0m
2025-03-17 09:04:29,155 - [33m----------------------------------------[0m
2025-03-17 09:04:29,155 - [33mStep 5 of the game[0m
2025-03-17 09:04:33,508 - [32mGuesser (internal dialogue): The topic is a physical object, not related to technology, mechanics, natural phenomena, art, or everyday items typically found in homes. This suggests something specialized or contextual. Exploring locations may help to pinpoint it, such as if it's found in specific settings like a workplace or public space.[0m
2025-03-17 09:04:33,509 - [32mGuesser: Is the topic typically associated with a specific profession or industry?[0m
2025-03-17 09:04:37,242 - [34mHost (internal dialogue): The Great Wall of China is not typically associated with a specific profession or industry. While it may involve professionals like historians, archaeologists, and tourism industry workers, its primary association is with its historical and cultural significance, rather than any specific job or sector.[0m
2025-03-17 09:04:37,242 - [34mHost: No[0m
2025-03-17 09:04:37,243 - [33m----------------------------------------[0m
2025-03-17 09:04:37,243 - [33mStep 6 of the game[0m
2025-03-17 09:04:41,850 - [32mGuesser (internal dialogue): The topic is a physical object, not related to technology, mechanics, natural phenomena, art, everyday objects, or specific professions. This might imply something unique, uncommon, or specific to certain environments. Exploring more about its association with certain places might help narrow it down.[0m
2025-03-17 09:04:41,851 - [32mGuesser: Is the topic typically found in a museum or historical setting?[0m
2025-03-17 09:04:45,743 - [34mHost (internal dialogue): The Great Wall of China is often associated with historical settings and is a significant part of China’s history. It can be considered a historical monument, and parts of it can be found in museum settings, especially in exhibitions about ancient China. Therefore, the question aligns well with the topic.[0m
2025-03-17 09:04:45,743 - [34mHost: Yes[0m
2025-03-17 09:04:45,743 - [33m----------------------------------------[0m
2025-03-17 09:04:45,743 - [33mStep 7 of the game[0m
2025-03-17 09:04:50,043 - [32mGuesser (internal dialogue): The topic is a physical object found in museums or historical settings. This suggests it could be an artifact, relic, or something with historical significance. Exploring whether it's linked to a specific historical period could help narrow it down further.[0m
2025-03-17 09:04:50,043 - [32mGuesser: Is the topic linked to a specific historical period?[0m
2025-03-17 09:04:53,833 - [34mHost (internal dialogue): The Great Wall of China is indeed linked to specific historical periods, as various sections were built during different Chinese dynasties, notably the Qin, Han, and Ming dynasties. Therefore, the question is directly related to the topic.[0m
2025-03-17 09:04:53,833 - [34mHost: Yes[0m
2025-03-17 09:04:53,833 - [33m----------------------------------------[0m
2025-03-17 09:04:53,833 - [33mStep 8 of the game[0m
2025-03-17 09:04:58,189 - [32mGuesser (internal dialogue): The topic is a physical object found in museums or historical settings, linked to a specific historical period. This suggests it could be an artifact or relic with historical importance. To narrow it down further, identifying its function might help, such as if it is ceremonial, everyday, or another type.[0m
2025-03-17 09:04:58,190 - [32mGuesser: Is the topic a ceremonial object?[0m
2025-03-17 09:05:02,228 - [34mHost (internal dialogue): The Great Wall of China is a historical and architectural structure, not a ceremonial object. It was primarily built for defense purposes.[0m
2025-03-17 09:05:02,228 - [34mHost: No[0m
2025-03-17 09:05:02,228 - [33m----------------------------------------[0m
2025-03-17 09:05:02,228 - [33mStep 9 of the game[0m
2025-03-17 09:05:06,731 - [32mGuesser (internal dialogue): The topic is a physical object related to a specific historical period, typically found in museums or historical settings. It isn't technological, mechanical, natural, artistic, an everyday household item, profession-specific, or ceremonial. Thus, it might be an artifact or relic used in historical contexts.[0m
2025-03-17 09:05:06,731 - [32mGuesser: Is the topic an everyday object used in the past?[0m
2025-03-17 09:05:16,567 - [34mHost (internal dialogue): The question asks if the topic is an everyday object, but the Great Wall of China is not an object used in daily life. It is a historical structure.[0m
2025-03-17 09:05:16,567 - [34mHost: No[0m
2025-03-17 09:05:16,567 - [33m----------------------------------------[0m
2025-03-17 09:05:16,568 - [33mStep 10 of the game[0m
2025-03-17 09:05:20,804 - [32mGuesser (internal dialogue): Since the topic is a physical object related to a specific historical period, typically found in museums or historical settings, but not everyday, technological, or ceremonial, it might be a specialized or unique historical artifact. Exploring a potential historical or cultural significance could help narrow the focus.[0m
2025-03-17 09:05:20,805 - [32mGuesser: Is the topic a weapon or tool from a historical period?[0m
2025-03-17 09:05:25,590 - [34mHost (internal dialogue): The Great Wall of China is not a weapon or tool in itself, though it served as a form of defense (or military tool) historically. However, the question specifically asks if the topic is a weapon or tool directly, which the Great Wall as a structure is not. Therefore, while there is an indirect connection to defense, the question does not align closely enough with the specified topic.[0m
2025-03-17 09:05:25,590 - [34mHost: No[0m
2025-03-17 09:05:25,590 - [33m----------------------------------------[0m
2025-03-17 09:05:25,590 - [33mStep 11 of the game[0m
2025-03-17 09:05:30,142 - [32mGuesser (internal dialogue): The topic is a physical object related to a specific historical period and found in historical settings, but it's not related to technology, mechanics, art, everyday life, professions, or ceremonial purposes. It isn't an everyday object from the past or a weapon/tool. This suggests something unique or symbolic with historical significance.[0m
2025-03-17 09:05:30,142 - [32mGuesser: Is the topic a symbolic or religious artifact from a historical period?[0m
2025-03-17 09:05:33,578 - [34mHost (internal dialogue): The Great Wall of China is not a symbolic or religious artifact. It is a historical structure built for protection and military purposes. The question does not align with the topic.[0m
2025-03-17 09:05:33,578 - [34mHost: No[0m
2025-03-17 09:05:33,579 - [33m----------------------------------------[0m
2025-03-17 09:05:33,579 - [33mStep 12 of the game[0m
2025-03-17 09:05:38,001 - [32mGuesser (internal dialogue): We know the topic is a physical object found in museums or historical settings, linked to a specific period, but it's not everyday, technological, ceremonial, or religious. It's also not a weapon or tool. It might be a unique or valuable artifact, like a piece of jewelry or clothing.[0m
2025-03-17 09:05:38,002 - [32mGuesser: Is the topic a piece of historical jewelry or adornment?[0m
2025-03-17 09:05:43,475 - [34mHost (internal dialogue): The Great Wall of China is not a piece of historical jewelry or adornment. The question does not align with the topic as it is a historical structure meant for defense. The question is unrelated to the characteristics or purpose of the Great Wall of China.[0m
2025-03-17 09:05:43,475 - [34mHost: No[0m
2025-03-17 09:05:43,475 - [33m----------------------------------------[0m
2025-03-17 09:05:43,475 - [33mStep 13 of the game[0m
2025-03-17 09:05:48,323 - [32mGuesser (internal dialogue): We're trying to identify a historical object found in museums, not related to technology, art, everyday life, or ceremonial/religious significance. It's not a tool or jewelry, which leaves us with fewer possibilities. I want to explore more on its function or type.[0m
2025-03-17 09:05:48,323 - [32mGuesser: Is the topic a form of ancient currency or trade item?[0m
2025-03-17 09:05:52,710 - [34mHost (internal dialogue): The question asks if the topic is a form of ancient currency or trade item, but the Great Wall of China is neither. It is a historical structure, built for defense and protection, rather than being used in trade or as currency. The question does not align with the topic.[0m
2025-03-17 09:05:52,710 - [34mHost: No[0m
2025-03-17 09:05:52,710 - [33m----------------------------------------[0m
2025-03-17 09:05:52,711 - [33mStep 14 of the game[0m
2025-03-17 09:05:57,832 - [32mGuesser (internal dialogue): The topic is a historical object found in museums, not tied to technology, mechanics, art, everyday use, or ceremonial/religious practices. It's not a tool, jewelry, or currency, suggesting a specialized historical artifact. I will explore if it's related to transport or construction.[0m
2025-03-17 09:05:57,832 - [32mGuesser: Could the topic be associated with ancient transportation methods or vehicles?[0m
2025-03-17 09:06:02,482 - [34mHost (internal dialogue): The Great Wall of China is a historical fortification and not directly associated with ancient transportation methods or vehicles. While pathways along the wall might have been used for transportation by soldiers and workers, the wall itself was primarily built for defense and not as a mode of transportation.[0m
2025-03-17 09:06:02,482 - [34mHost: No[0m
2025-03-17 09:06:02,482 - [33m----------------------------------------[0m
2025-03-17 09:06:02,482 - [33mStep 15 of the game[0m
2025-03-17 09:06:09,349 - [32mGuesser (internal dialogue): The topic is a physical object related to a specific historical period, typically found in a museum or historical setting. It is not associated with technology, mechanics, art, ceremonial or religious purposes, everyday use, tools, jewelry, currency, or transportation. These clues suggest it could be something unique to a particular culture or context, perhaps architectural or a scientific instrument.[0m
2025-03-17 09:06:09,349 - [32mGuesser: Is the topic an ancient scientific instrument or device?[0m
2025-03-17 09:06:13,457 - [34mHost (internal dialogue): The question asks if the topic is an ancient scientific instrument or device, but the Great Wall of China is a historical structure, not a scientific instrument. Therefore, the question does not align with the topic.[0m
2025-03-17 09:06:13,458 - [34mHost: No[0m
2025-03-17 09:06:13,458 - [33m----------------------------------------[0m
2025-03-17 09:06:13,458 - [33mStep 16 of the game[0m
2025-03-17 09:06:18,616 - [32mGuesser (internal dialogue): The topic is a physical object tied to a specific historical period, commonly found in museums, but not associated with technology, mechanics, art, everyday use, ceremonial or religious purposes, tools, jewelry, currency, transportation, or scientific instruments. This suggests it might be something rare or unique. Exploring whether it's related to architecture could help narrow it further.[0m
2025-03-17 09:06:18,616 - [32mGuesser: Is the topic related to ancient architecture or a structural element?[0m
2025-03-17 09:06:23,024 - [34mHost (internal dialogue): The Great Wall of China is an ancient architectural marvel and also a structural element. The question is directly related to the topic as it asks about ancient architecture, which the Great Wall of China is a part of. This alignment helps guide to guessing the topic effectively.[0m
2025-03-17 09:06:23,024 - [34mHost: Yes[0m
2025-03-17 09:06:23,024 - [33m----------------------------------------[0m
2025-03-17 09:06:23,024 - [33mStep 17 of the game[0m
2025-03-17 09:06:28,504 - [32mGuesser (internal dialogue): The topic is a physical object related to a specific historical period, found in museums or historical settings, and is associated with ancient architecture or structural elements. Since it's not linked to technology, art, or everyday life, it's likely a specific architectural feature or element. There are only a few steps left, so I need to consider significant architectural features from history.[0m
2025-03-17 09:06:28,504 - [32mGuesser: Is the topic an ancient monument or landmark?[0m
2025-03-17 09:06:32,749 - [34mHost (internal dialogue): The question is directly related to the topic. The Great Wall of China is indeed an ancient monument and a significant landmark. Answering this question will help guide the guesser towards identifying the correct topic.[0m
2025-03-17 09:06:32,749 - [34mHost: Yes[0m
2025-03-17 09:06:32,749 - [33m----------------------------------------[0m
2025-03-17 09:06:32,749 - [33mStep 18 of the game[0m
2025-03-17 09:06:37,654 - [32mGuesser (internal dialogue): The topic is related to an ancient monument or landmark. It is not technology, art, or everyday life, and it has architectural significance. Since it's found in museum or historical settings, it might be a famous historical structure or site.[0m
2025-03-17 09:06:37,654 - [32mGuesser: Is the topic one of the Seven Wonders of the Ancient World?[0m
2025-03-17 09:06:42,274 - [34mHost (internal dialogue): The Great Wall of China is not one of the Seven Wonders of the Ancient World. The Seven Wonders include the Great Pyramid of Giza, the Hanging Gardens of Babylon, and others, but not the Great Wall.[0m
2025-03-17 09:06:42,274 - [34mHost: No[0m
2025-03-17 09:06:42,274 - [33m----------------------------------------[0m
2025-03-17 09:06:42,274 - [33mStep 19 of the game[0m
2025-03-17 09:06:47,394 - [32mGuesser (internal dialogue): The topic is an ancient monument or landmark not associated with the Seven Wonders of the Ancient World. It has architectural significance and is found in historical settings. This points to a well-known ancient structure or site with cultural importance.[0m
2025-03-17 09:06:47,394 - [32mGuesser: Is the topic related to an ancient cultural or religious site?[0m
2025-03-17 09:06:51,694 - [34mHost (internal dialogue): The Great Wall of China is not an ancient cultural or religious site. It is a series of fortifications built primarily for protection and defense, not for cultural or religious purposes. Therefore, this question does not strictly relate to the topic.[0m
2025-03-17 09:06:51,694 - [34mHost: No[0m
2025-03-17 09:06:51,694 - [33mThe Guesser has not guessed the topic in 20 steps. The Guesser loses![0m
