2025-03-14 16:17:38,442 - [33mLet's play the game of 20 questions![0m
2025-03-14 16:17:43,505 - [34mHost (internal dialogue): Generated topic: Firefly from category: Living Organisms/Insects. Reasoning: Given the unique seed, I chose 'Firefly' because it's an interesting organism that can prompt diverse questions about insects, bioluminescence, and natural habitats.[0m
2025-03-14 16:17:43,505 - [33m----------------------------------------[0m
2025-03-14 16:17:43,506 - [33mStep 0 of the game[0m
2025-03-14 16:17:47,025 - [32mGuesser (internal dialogue): We're at the first round, so there's no information yet about the topic. I'll start broad to narrow down the possible options.[0m
2025-03-14 16:17:47,025 - [32mGuesser: Is the topic related to a historical event or historical figure?[0m
2025-03-14 16:17:50,795 - [34mHost (internal dialogue): The topic 'Firefly' generally relates to a species of insect or a science fiction TV series rather than a historical event or historical figure. The question asks specifically about historical relevance, which 'Firefly' does not naturally pertain to unless a specific context is provided that ties it to history.[0m
2025-03-14 16:17:50,796 - [34mHost: No[0m
2025-03-14 16:17:50,796 - [33m----------------------------------------[0m
2025-03-14 16:17:50,796 - [33mStep 1 of the game[0m
2025-03-14 16:17:55,834 - [32mGuesser (internal dialogue): The topic is not related to historical events or figures, so I need to explore other broad categories. A logical step would be to determine if the topic is related to science or technology, as this will help narrow down the possibilities further. I have 18 rounds remaining, which gives me plenty of time to refine my guesses.[0m
2025-03-14 16:17:55,834 - [32mGuesser: Is the topic related to science or technology?[0m
2025-03-14 16:18:00,220 - [34mHost (internal dialogue): The question asks whether the topic 'Firefly' is related to science or technology. Given that fireflies are studied in biology, their bioluminescence involves scientific understanding, and there has been technological research inspired by their light-emitting capabilities, the topic is indeed related to science and technology.[0m
2025-03-14 16:18:00,220 - [34mHost: Yes[0m
2025-03-14 16:18:00,220 - [33m----------------------------------------[0m
2025-03-14 16:18:00,220 - [33mStep 2 of the game[0m
2025-03-14 16:18:06,453 - [32mGuesser (internal dialogue): The topic is related to science or technology but not to historical events or figures. Next, I'll focus on determining whether it pertains specifically to a revolutionary invention or scientific principle, which would guide further questions about specific subfields. I have 17 steps left, allowing for a detailed exploration.[0m
2025-03-14 16:18:06,453 - [32mGuesser: Is the topic related to a major scientific discovery or technological invention?[0m
2025-03-14 16:18:10,578 - [34mHost (internal dialogue): The question asks if fireflies are related to a major scientific discovery or technological invention. Fireflies are directly related to scientific research, particularly in the study of bioluminescence. Their light-producing ability has inspired various scientific developments and technological innovations, such as fluorescent markers for biological research. Thus, the topic of fireflies can indeed be related to scientific discovery and technological invention.[0m
2025-03-14 16:18:10,579 - [34mHost: Yes[0m
2025-03-14 16:18:10,579 - [33m----------------------------------------[0m
2025-03-14 16:18:10,579 - [33mStep 3 of the game[0m
2025-03-14 16:18:15,105 - [32mGuesser (internal dialogue): The topic is related to a major scientific discovery or technological invention but not to a historical event or figure. Since it pertains to science or technology, I can narrow it further by identifying if it is a household technology, which could include widely known inventions or discoveries widely applied in everyday life.[0m
2025-03-14 16:18:15,105 - [32mGuesser: Is the topic related to a household technology or appliance?[0m
2025-03-14 16:18:19,578 - [34mHost (internal dialogue): Fireflies are insects and natural phenomena, which are unrelated to household technology or appliances. While some technology might simulate or be inspired by fireflies (like certain LED lights), the core topic 'Firefly' focuses on the insect itself. The question does not pertain to this topic directly.[0m
2025-03-14 16:18:19,579 - [34mHost: No[0m
2025-03-14 16:18:19,579 - [33m----------------------------------------[0m
2025-03-14 16:18:19,579 - [33mStep 4 of the game[0m
2025-03-14 16:18:24,250 - [32mGuesser (internal dialogue): The topic is related to a major scientific discovery or technological invention, but not a household technology or appliance. This suggests it might be a broader technological or scientific innovation. I'll explore whether it falls into the realm of digital technology, as that could lead into specific categories like software or electronic devices. I have 16 steps left, so I can afford to narrow it down carefully.[0m
2025-03-14 16:18:24,250 - [32mGuesser: Is the topic related to digital technology or electronics?[0m
2025-03-14 16:18:32,328 - [34mHost (internal dialogue): The question asks if the topic 'Firefly' is related to digital technology or electronics. Fireflies are insects known for their bioluminescence, and they are not inherently related to digital technology or electronics. Therefore, the answer is 'No.'[0m
2025-03-14 16:18:32,329 - [34mHost: No[0m
2025-03-14 16:18:32,329 - [33m----------------------------------------[0m
2025-03-14 16:18:32,329 - [33mStep 5 of the game[0m
2025-03-14 16:18:36,381 - [32mGuesser (internal dialogue): The topic is related to a major scientific discovery or technological invention, but it's not about historical events or figures, household technology, or digital technology/electronics. This suggests something possibly in natural sciences or engineering fields. I need to narrow down whether it pertains to these sectors.[0m
2025-03-14 16:18:36,381 - [32mGuesser: Is the topic related to natural sciences like biology, chemistry, or physics?[0m
2025-03-14 16:18:40,188 - [34mHost (internal dialogue): The question is asking if the topic 'Firefly' is related to natural sciences like biology. Fireflies are insects, and their study involves biology. Therefore, the question is relevant to the topic.[0m
2025-03-14 16:18:40,188 - [34mHost: Yes[0m
2025-03-14 16:18:40,189 - [33m----------------------------------------[0m
2025-03-14 16:18:40,189 - [33mStep 6 of the game[0m
2025-03-14 16:18:45,802 - [32mGuesser (internal dialogue): The topic is related to a major scientific discovery or technological invention and falls within the natural sciences, but it doesn't relate to household or digital technology. This leads to the possibility of something groundbreaking in biology, chemistry, or physics. To narrow it down further, I'll ask if it specifically relates to chemistry, which can be quite distinct from biology and physics.[0m
2025-03-14 16:18:45,803 - [32mGuesser: Is the topic related to a major discovery or invention in chemistry?[0m
2025-03-14 16:18:53,122 - [34mHost (internal dialogue): The question is about whether the topic pertains to a major discovery or invention in chemistry. Fireflies are known for their natural ability to produce light through bioluminescence, a chemical reaction in their bodies involving the enzyme luciferase. This phenomenon is often studied in chemistry and biology as it involves chemical reactions that produce light, resembling discoveries related to chemiluminescence. However, the topic itself, 'Firefly,' is not a discovery or invention but rather an organism. Therefore, while it does relate to chemistry, it is not directly a major discovery or invention in that field. The question is somewhat related but doesn't align perfectly with the phrasing used (major discovery or invention).[0m
2025-03-14 16:18:53,122 - [34mHost: No[0m
2025-03-14 16:18:53,122 - [33m----------------------------------------[0m
2025-03-14 16:18:53,122 - [33mStep 7 of the game[0m
2025-03-14 16:18:57,814 - [32mGuesser (internal dialogue): The topic is related to a major scientific discovery or invention and is within the natural sciences. It's not related to chemistry, household technology, or digital technology. I will now determine if it is linked to biology, as this will help focus on specific breakthroughs in life sciences.[0m
2025-03-14 16:18:57,814 - [32mGuesser: Is the topic related to a major discovery or invention in biology?[0m
2025-03-14 16:19:02,896 - [34mHost (internal dialogue): The question asks whether the topic, which is 'Firefly,' is related to a major discovery or invention in biology. Fireflies are indeed related to biology as they are living organisms. The study of their bioluminescence could be considered a significant biological discovery, as it has led to advancements in scientific understanding and applications, such as bio-imaging and biosensors.[0m
2025-03-14 16:19:02,897 - [34mHost: Yes[0m
2025-03-14 16:19:02,897 - [33m----------------------------------------[0m
2025-03-14 16:19:02,897 - [33mStep 8 of the game[0m
2025-03-14 16:19:07,767 - [32mGuesser (internal dialogue): We know the topic is a major scientific discovery or invention in biology. It's not related to chemistry, household technology, or digital technology. Given it's a biology-related major discovery, I should focus on determining if it's related to a particular aspect of biology, like genetics or evolution.[0m
2025-03-14 16:19:07,768 - [32mGuesser: Is the topic related to a major discovery or invention in genetics?[0m
2025-03-14 16:19:12,843 - [34mHost (internal dialogue): The question asks if the topic is related to a major discovery or invention in genetics. Fireflies are related to genetics because they have been studied for their bioluminescent properties, which have applications in genetic research, such as the use of luciferase as a reporter gene. Therefore, the topic of firefly can overlap with the field of genetics due to its use in genetic experiments.[0m
2025-03-14 16:19:12,844 - [34mHost: Yes[0m
2025-03-14 16:19:12,844 - [33m----------------------------------------[0m
2025-03-14 16:19:12,844 - [33mStep 9 of the game[0m
2025-03-14 16:19:17,224 - [32mGuesser (internal dialogue): We have established that the topic is a major scientific discovery or invention in biology, specifically related to genetics. A logical next step is to determine if it's about a specific breakthrough or tool broadly recognized in the field of genetics.[0m
2025-03-14 16:19:17,224 - [32mGuesser: Is the topic related to the discovery of DNA or its structure?[0m
2025-03-14 16:19:22,278 - [34mHost (internal dialogue): The question asks if the topic is related to the discovery of DNA or its structure. The topic given is 'Firefly,' which is not directly related to DNA or its structure. Fireflies are insects known for their bioluminescence, but their relation to DNA is not relevant to the discovery or structure of DNA. Thus, the question does not align with the topic.[0m
2025-03-14 16:19:22,278 - [34mHost: No[0m
2025-03-14 16:19:22,278 - [33m----------------------------------------[0m
2025-03-14 16:19:22,278 - [33mStep 10 of the game[0m
2025-03-14 16:19:27,229 - [32mGuesser (internal dialogue): Given the current clues, the topic is a major scientific discovery or invention in biology, specifically related to genetics. However, it is not related to DNA or its structure. This differentiates the topic from discoveries like Watson and Crick's double helix model. I should explore other significant genetic discoveries or inventions.[0m
2025-03-14 16:19:27,229 - [32mGuesser: Is the topic related to CRISPR or gene editing technology?[0m
2025-03-14 16:19:37,357 - [34mHost (internal dialogue): The topic is "Firefly," which generally relates to the insect known for bioluminescence. CRISPR or gene editing technology is a scientific field focused on modifying genetic material. Though gene editing has been explored in various organisms, including insects, the direct link between CRISPR and fireflies isn't clear unless it's about modifying a firefly’s DNA. Thus, without additional context, the question seems unrelated.[0m
2025-03-14 16:19:37,357 - [34mHost: No[0m
2025-03-14 16:19:37,357 - [33m----------------------------------------[0m
2025-03-14 16:19:37,357 - [33mStep 11 of the game[0m
2025-03-14 16:19:42,155 - [32mGuesser (internal dialogue): The topic is related to a significant scientific discovery in biology and specifically genetics, but not about DNA's discovery or structure, nor CRISPR or gene editing. I should now explore other groundbreaking genetics-related discoveries. I have 9 rounds remaining, so there's room to explore related genetic technologies or concepts.[0m
2025-03-14 16:19:42,156 - [32mGuesser: Is the topic related to the Human Genome Project?[0m
2025-03-14 16:19:46,938 - [34mHost (internal dialogue): The Human Genome Project is related to genetics and DNA sequencing. Fireflies are organisms that have their own genetic material, so indirectly, one could say there's a connection as both involve genetic study, but it is not directly relevant. The question seems to be probing a different area than the main topic of Firefly.[0m
2025-03-14 16:19:46,939 - [34mHost: No[0m
2025-03-14 16:19:46,939 - [33m----------------------------------------[0m
2025-03-14 16:19:46,939 - [33mStep 12 of the game[0m
2025-03-14 16:19:54,452 - [32mGuesser (internal dialogue): The topic is a major scientific discovery in biology, specifically genetics. It's not related to DNA's discovery, CRISPR, gene editing, or the Human Genome Project. Since these prominent discoveries have been ruled out, I'll need to consider other influential genetics-related discoveries, such as those involving mutations or hereditary principles.[0m
2025-03-14 16:19:54,452 - [32mGuesser: Is the topic related to Mendel's laws of inheritance?[0m
2025-03-14 16:19:59,187 - [34mHost (internal dialogue): The question asks if the topic Firefly is related to Mendel's laws of inheritance, which are foundational concepts in genetics. Fireflies are living organisms that pass on genetic traits, so there is a connection through biological inheritance, though it's not specific to the unique biology of fireflies.[0m
2025-03-14 16:19:59,188 - [34mHost: Yes[0m
2025-03-14 16:19:59,188 - [33m----------------------------------------[0m
2025-03-14 16:19:59,188 - [33mStep 13 of the game[0m
2025-03-14 16:20:04,760 - [32mGuesser (internal dialogue): We have discovered that the topic is a major scientific discovery in genetics related to Mendel's laws of inheritance. It's within biology and not connected to more modern genetics topics like CRISPR or the Human Genome Project. Now, I can focus on confirming this connection to Mendel's work to ensure I'm correct.[0m
2025-03-14 16:20:04,760 - [32mGuesser: Does the topic specifically focus on Gregor Mendel's contributions to the field of genetics?[0m
2025-03-14 16:20:08,650 - [34mHost (internal dialogue): The topic 'Firefly' does not relate to Gregor Mendel or his contributions to genetics. The question about Mendel's contributions to genetics does not align with the given topic.[0m
2025-03-14 16:20:08,650 - [34mHost: No[0m
2025-03-14 16:20:08,650 - [33m----------------------------------------[0m
2025-03-14 16:20:08,650 - [33mStep 14 of the game[0m
2025-03-14 16:20:13,523 - [32mGuesser (internal dialogue): The topic is related to a major discovery or invention in genetics linked to Mendel's laws of inheritance, but it doesn't specifically focus on Mendel's contributions. This suggests it relates to some practical application or further development of Mendel's principles.[0m
2025-03-14 16:20:13,524 - [32mGuesser: Is the topic related to the application of Mendel's laws in modern genetics?[0m
2025-03-14 16:20:18,991 - [34mHost (internal dialogue): Mendel's laws pertain to genetic inheritance, whereas a firefly is an insect known for its bioluminescent ability. Although genetics can study aspects of all living organisms, the specific application of Mendel's laws in modern genetics does not directly relate to the phenomenon of fireflies unless discussing genetic traits specific to them. The question does not directly align with the given topic of fireflies.[0m
2025-03-14 16:20:18,993 - [34mHost: No[0m
2025-03-14 16:20:18,993 - [33m----------------------------------------[0m
2025-03-14 16:20:18,993 - [33mStep 15 of the game[0m
2025-03-14 16:20:24,522 - [32mGuesser (internal dialogue): The topic is related to genetics and Mendel's laws of inheritance but isn't specifically about Mendel's work or its modern applications. Given that Mendel's laws primarily inform our understanding of trait inheritance, I'll explore if the topic relates to the broader principles of heredity or similar foundational concepts.[0m
2025-03-14 16:20:24,522 - [32mGuesser: Is the topic related to foundational principles of heredity beyond Mendel's laws?[0m
2025-03-14 16:20:29,309 - [34mHost (internal dialogue): The question pertains to genetics and heredity, specifically looking at principles beyond Mendel's laws. The topic given is 'Firefly,' which is primarily related to a type of insect known for its bioluminescence. The topic does not relate directly to the foundational principles of heredity. Therefore, the question is not related to the specified topic.[0m
2025-03-14 16:20:29,310 - [34mHost: No[0m
2025-03-14 16:20:29,311 - [33m----------------------------------------[0m
2025-03-14 16:20:29,311 - [33mStep 16 of the game[0m
2025-03-14 16:20:34,948 - [32mGuesser (internal dialogue): So far, we know the topic is related to genetics and Mendel's laws but isn't specifically about Mendel's work, its applications in modern genetics, or broader foundational principles of heredity. It seems more specific, probably something distinct yet related to Mendel's work. I have 4 steps left, so it's time to refine the question, possibly looking at other principles or developments tied to Mendelian genetics.[0m
2025-03-14 16:20:34,949 - [32mGuesser: Is the topic related to genetic linkage or gene mapping?[0m
2025-03-14 16:20:40,600 - [34mHost (internal dialogue): The question asked whether the topic is related to genetic linkage or gene mapping, and the given topic is 'Firefly.' While fireflies are organisms whose genetics can be studied, the question itself does not directly relate to fireflies specifically. Therefore, the question does not align directly with the topic of 'Firefly' unless it specifically pertains to the genetic study of fireflies.[0m
2025-03-14 16:20:40,601 - [34mHost: No[0m
2025-03-14 16:20:40,601 - [33m----------------------------------------[0m
2025-03-14 16:20:40,601 - [33mStep 17 of the game[0m
2025-03-14 16:20:46,346 - [32mGuesser (internal dialogue): The topic is related to genetics and Mendel's laws but not specifically to Mendel's contributions, modern applications, foundational heredity concepts, genetic linkage, or gene mapping. I might be missing a specific concept or principle that stemmed from Mendel's work. With limited steps left, I should explore other specific principles related to Mendelian genetics.[0m
2025-03-14 16:20:46,346 - [32mGuesser: Is the topic related to incomplete dominance or codominance?[0m
2025-03-14 16:20:54,123 - [34mHost (internal dialogue): The question is about genetic concepts, incomplete dominance and codominance, which relate to how traits are expressed in organisms. The topic "Firefly" is an organism, and while it can have genetic traits, the question isn't directly related to fireflies specifically. It's more about genetics in general.[0m
2025-03-14 16:20:54,123 - [34mHost: No[0m
2025-03-14 16:20:54,124 - [33m----------------------------------------[0m
2025-03-14 16:20:54,124 - [33mStep 18 of the game[0m
2025-03-14 16:21:00,698 - [32mGuesser (internal dialogue): The topic is related to genetics and Mendel's laws but doesn't specifically focus on Mendel's contributions or widely recognized aspects like genetic linkage, gene mapping, or incomplete dominance. Considering it's a major discovery, I need to think of something specific within the realm of Mendelian genetics that might not be immediately apparent or directly tied to Mendel himself.[0m
2025-03-14 16:21:00,699 - [32mGuesser: Is the topic related to epistasis?[0m
2025-03-14 16:21:06,958 - [34mHost (internal dialogue): Epistasis is a genetic term that describes the interaction of genes where one gene affects the expression of another. While fireflies are organisms that can be studied genetically, the topic of 'firefly' in a general sense does not directly relate to the concept of epistasis. Therefore, the question is not about the listed topic 'firefly' specifically, as it diverges into a broader scientific concept that isn't inherently linked to fireflies.[0m
2025-03-14 16:21:06,959 - [34mHost: No[0m
2025-03-14 16:21:06,959 - [33m----------------------------------------[0m
2025-03-14 16:21:06,959 - [33mStep 19 of the game[0m
2025-03-14 16:21:13,203 - [32mGuesser (internal dialogue): We're exploring major discoveries in genetics related to Mendel's laws, but not specifically focusing on Mendel himself or applications like genetic linkage, gene mapping, dominance, or epistasis. With limited steps left, I need to guess other significant concepts in Mendelian genetics that haven't been ruled out yet.[0m
2025-03-14 16:21:13,204 - [32mGuesser: Is the topic related to polygenic inheritance?[0m
2025-03-14 16:21:18,896 - [34mHost (internal dialogue): The topic is 'Firefly,' which refers to the bioluminescent insects known for their glowing appearance. The question asks about 'polygenic inheritance,' a genetic concept where multiple genes influence a single trait. Since fireflies' bioluminescence does not directly relate to polygenic inheritance, the question is not relevant to the topic of fireflies' biological or ecological characteristics.[0m
2025-03-14 16:21:18,897 - [34mHost: No[0m
2025-03-14 16:21:18,897 - [33mThe Guesser has not guessed the topic in 20 steps. The Guesser loses![0m
