2025-03-17 08:57:03,680 - [33mLet's play the game of 20 questions![0m
2025-03-17 08:57:07,997 - [34mHost (internal dialogue): Generated topic: Octopus from category: Natural World/Animals. Reasoning: I chose this topic because it's fascinating and provides a great balance of specificity and mystery. It's not overly broad, making it a fun challenge to narrow down using yes or no questions.[0m
2025-03-17 08:57:07,997 - [33m----------------------------------------[0m
2025-03-17 08:57:07,997 - [33mStep 0 of the game[0m
2025-03-17 08:57:11,742 - [32mGuesser (internal dialogue): Since this is the first round and I have no information about the topic yet, a general question that narrows down broad categories would be my best starting point. A good approach is to determine if the topic pertains to a wide category such as technology, sports, or arts and entertainment.[0m
2025-03-17 08:57:11,742 - [32mGuesser: Is the topic related to technology?[0m
2025-03-17 08:57:15,077 - [34mHost (internal dialogue): The question asks if the topic, which is an octopus, is related to technology. Octopuses are marine animals and do not inherently relate to technology. Therefore, the answer should be 'No.'[0m
2025-03-17 08:57:15,078 - [34mHost: No[0m
2025-03-17 08:57:15,078 - [33m----------------------------------------[0m
2025-03-17 08:57:15,078 - [33mStep 1 of the game[0m
2025-03-17 08:57:19,299 - [32mGuesser (internal dialogue): We've established that the topic is not related to technology. Next, I want to know if it's related to entertainment or sports to narrow it down further.[0m
2025-03-17 08:57:19,300 - [32mGuesser: Is the topic related to sports?[0m
2025-03-17 08:57:22,756 - [34mHost (internal dialogue): The topic is about an octopus, which is a marine animal and not related to sports. Therefore, the question is not aligned with the topic.[0m
2025-03-17 08:57:22,756 - [34mHost: No[0m
2025-03-17 08:57:22,757 - [33m----------------------------------------[0m
2025-03-17 08:57:22,757 - [33mStep 2 of the game[0m
2025-03-17 08:57:26,413 - [32mGuesser (internal dialogue): The topic isn't related to technology or sports. My next step is to explore other broad categories such as entertainment, arts, or history. This will help me narrow down the possibilities further.[0m
2025-03-17 08:57:26,413 - [32mGuesser: Is the topic related to entertainment?[0m
2025-03-17 08:57:29,413 - [34mHost (internal dialogue): An octopus is a marine animal known for its intelligence and unique characteristics, which are primarily related to biology and oceanography rather than entertainment. Thus, the topic does not align with entertainment directly.[0m
2025-03-17 08:57:29,413 - [34mHost: No[0m
2025-03-17 08:57:29,413 - [33m----------------------------------------[0m
2025-03-17 08:57:29,413 - [33mStep 3 of the game[0m
2025-03-17 08:57:32,998 - [32mGuesser (internal dialogue): Since the topic is not related to technology, sports, or entertainment, I will explore other broad categories like history, arts, or science. Narrowing down these areas can provide clarity about the topic.[0m
2025-03-17 08:57:32,998 - [32mGuesser: Is the topic related to history?[0m
2025-03-17 08:57:36,082 - [34mHost (internal dialogue): The question asks about the relation of the topic to history, but octopuses are primarily related to biology or marine life, not history. Therefore, the question is not strictly aligned with the topic.[0m
2025-03-17 08:57:36,083 - [34mHost: No[0m
2025-03-17 08:57:36,083 - [33m----------------------------------------[0m
2025-03-17 08:57:36,083 - [33mStep 4 of the game[0m
2025-03-17 08:57:40,062 - [32mGuesser (internal dialogue): We've determined that the topic is not related to technology, sports, entertainment, or history. To further narrow down potential categories, I will ask if it's related to science, as this is another broad area that can help identify what the topic might involve.[0m
2025-03-17 08:57:40,062 - [32mGuesser: Is the topic related to science?[0m
2025-03-17 08:57:43,542 - [34mHost (internal dialogue): An octopus is a marine animal studied in marine biology and zoology, both of which are branches of science. Therefore, the topic is indeed related to science.[0m
2025-03-17 08:57:43,542 - [34mHost: Yes[0m
2025-03-17 08:57:43,543 - [33m----------------------------------------[0m
2025-03-17 08:57:43,543 - [33mStep 5 of the game[0m
2025-03-17 08:57:47,017 - [32mGuesser (internal dialogue): Since we've established that the topic is related to science, my next step is to determine which field of science. This will help narrow down the specific area or subject matter the topic pertains to.[0m
2025-03-17 08:57:47,017 - [32mGuesser: Is the topic related to biology?[0m
2025-03-17 08:57:50,402 - [34mHost (internal dialogue): An octopus is a marine animal and falls under the study of biology, specifically marine biology and zoology. Therefore, the topic is indeed related to biology.[0m
2025-03-17 08:57:50,402 - [34mHost: Yes[0m
2025-03-17 08:57:50,402 - [33m----------------------------------------[0m
2025-03-17 08:57:50,402 - [33mStep 6 of the game[0m
2025-03-17 08:57:56,242 - [32mGuesser (internal dialogue): The topic is related to science, specifically biology. To further narrow this down, I can explore significant subdivisions within biology, such as anatomy, ecology, genetics, or microbiology. This approach will help pinpoint the topic more precisely.[0m
2025-03-17 08:57:56,243 - [32mGuesser: Is the topic related to genetics?[0m
2025-03-17 08:58:00,862 - [34mHost (internal dialogue): The question asks if the topic is related to genetics, but the topic is specifically 'Octopus', which is a type of marine animal. While genetics can be studied in octopuses, the topic itself doesn't inherently relate to genetics. Therefore, the answer should focus on the specific nature of the topic rather than the broader scientific study that could include it.[0m
2025-03-17 08:58:00,862 - [34mHost: No[0m
2025-03-17 08:58:00,862 - [33m----------------------------------------[0m
2025-03-17 08:58:00,863 - [33mStep 7 of the game[0m
2025-03-17 08:58:04,640 - [32mGuesser (internal dialogue): We've narrowed the topic down to biology but ruled out genetics. To target a specific area in biology, I will explore if the topic is related to another field like ecology, as it is a major branch that often covers key topics.[0m
2025-03-17 08:58:04,640 - [32mGuesser: Is the topic related to ecology?[0m
2025-03-17 08:58:09,040 - [34mHost (internal dialogue): The topic, 'Octopus', relates to ecology because octopuses are marine animals that play a significant role in their ecosystem. They interact with other species and their environment, making ecology a relevant consideration.[0m
2025-03-17 08:58:09,040 - [34mHost: Yes[0m
2025-03-17 08:58:09,040 - [33m----------------------------------------[0m
2025-03-17 08:58:09,040 - [33mStep 8 of the game[0m
2025-03-17 08:58:13,344 - [32mGuesser (internal dialogue): The topic is confirmed to be related to biology, and specifically, it involves ecology. To narrow it down further in the field of ecology, I will explore whether it pertains to a specific set of interactions within an ecosystem or involves a focus on a particular organism or environmental issue. Exploring conservation is a logical next step as it is often a central theme in ecology.[0m
2025-03-17 08:58:13,344 - [32mGuesser: Is the topic related to conservation?[0m
2025-03-17 08:58:16,620 - [34mHost (internal dialogue): An octopus can be related to conservation topics because many species face threats from overfishing, habitat destruction, and environmental changes. Thus, the question is relevant to the topic.[0m
2025-03-17 08:58:16,620 - [34mHost: Yes[0m
2025-03-17 08:58:16,620 - [33m----------------------------------------[0m
2025-03-17 08:58:16,620 - [33mStep 9 of the game[0m
2025-03-17 08:58:21,537 - [32mGuesser (internal dialogue): The topic is related to biology, specifically within the field of ecology, and involves conservation. This suggests a focus on environmental issues, endangered species, or habitat preservation. To further narrow it down, I'll explore a common aspect of conservation efforts.[0m
2025-03-17 08:58:21,538 - [32mGuesser: Is the topic related to endangered species?[0m
2025-03-17 08:58:25,325 - [34mHost (internal dialogue): Octopuses are not generally considered endangered species. While some species may face environmental pressures, the question is not specifically aligned with the topic of octopuses. This question might therefore lead the guessing process astray from the specific topic given.[0m
2025-03-17 08:58:25,325 - [34mHost: No[0m
2025-03-17 08:58:25,325 - [33m----------------------------------------[0m
2025-03-17 08:58:25,325 - [33mStep 10 of the game[0m
2025-03-17 08:58:29,247 - [32mGuesser (internal dialogue): The topic is related to biology, specifically ecology and conservation. We've ruled out endangered species. Other major conservation topics include habitat preservation, climate change, or biodiversity. Focusing on one of these could reveal the topic.[0m
2025-03-17 08:58:29,247 - [32mGuesser: Is the topic related to climate change?[0m
2025-03-17 08:58:32,902 - [34mHost (internal dialogue): The topic "Octopus" is not directly related to climate change. While climate change can impact marine life, including octopuses, the question doesn't directly help in identifying the topic as an octopus.[0m
2025-03-17 08:58:32,902 - [34mHost: No[0m
2025-03-17 08:58:32,903 - [33m----------------------------------------[0m
2025-03-17 08:58:32,903 - [33mStep 11 of the game[0m
2025-03-17 08:58:36,794 - [32mGuesser (internal dialogue): The topic is related to biology, specifically in ecology and conservation, but it's not about endangered species or climate change. Major conservation topics left could include habitat preservation or biodiversity. I'll explore if biodiversity is the focus.[0m
2025-03-17 08:58:36,794 - [32mGuesser: Is the topic related to biodiversity?[0m
2025-03-17 08:58:40,378 - [34mHost (internal dialogue): The question is directly related to the topic because octopuses are marine animals and are a part of Earth's biodiversity. Thus, understanding their role and presence in ecosystems contributes to the larger concept of biodiversity.[0m
2025-03-17 08:58:40,378 - [34mHost: Yes[0m
2025-03-17 08:58:40,378 - [33m----------------------------------------[0m
2025-03-17 08:58:40,378 - [33mStep 12 of the game[0m
2025-03-17 08:58:45,088 - [32mGuesser (internal dialogue): We've established that the topic is related to ecology, conservation, and specifically biodiversity. To narrow down the topic further, I should explore whether it involves a specific aspect of biodiversity, such as a particular ecosystem or the impact on biodiversity by human activities.[0m
2025-03-17 08:58:45,088 - [32mGuesser: Is the topic related to the impact of human activities on biodiversity?[0m
2025-03-17 08:58:49,554 - [34mHost (internal dialogue): The question asks if the topic is related to the impact of human activities on biodiversity. While octopuses themselves are not directly a human activity, their habitats and populations can be affected by human actions such as overfishing, pollution, and climate change, which impact biodiversity. Thus, the topic of octopus can relate indirectly to human impact on biodiversity.[0m
2025-03-17 08:58:49,554 - [34mHost: Yes[0m
2025-03-17 08:58:49,554 - [33m----------------------------------------[0m
2025-03-17 08:58:49,554 - [33mStep 13 of the game[0m
2025-03-17 08:58:53,555 - [32mGuesser (internal dialogue): We've determined that the topic involves biology, specifically ecology, and involves conservation and biodiversity. More precisely, it's about the impact of human activities on biodiversity. To further narrow down the topic, I could explore a specific human activity affecting biodiversity.[0m
2025-03-17 08:58:53,555 - [32mGuesser: Is the topic related to deforestation?[0m
2025-03-17 08:58:58,580 - [34mHost (internal dialogue): The topic is 'Octopus,' which is a marine animal and not related to deforestation. Deforestation typically refers to the clearing of forests for agricultural, urban, or commercial purposes. Therefore, the question does not align with the topic of 'Octopus.'[0m
2025-03-17 08:58:58,580 - [34mHost: No[0m
2025-03-17 08:58:58,580 - [33m----------------------------------------[0m
2025-03-17 08:58:58,580 - [33mStep 14 of the game[0m
2025-03-17 08:59:02,802 - [32mGuesser (internal dialogue): The topic is related to biology, specifically ecology and conservation, focusing on biodiversity and the impact of human activities, but not deforestation. To refine the topic further, I should consider other human activities affecting biodiversity, such as pollution or habitat destruction.[0m
2025-03-17 08:59:02,802 - [32mGuesser: Is the topic related to pollution?[0m
2025-03-17 08:59:06,590 - [34mHost (internal dialogue): The topic is 'Octopus,' which is not inherently related to pollution. An octopus is a marine animal, and while pollution can affect its habitat, the question does not directly align with the nature or characteristics of an octopus.[0m
2025-03-17 08:59:06,590 - [34mHost: No[0m
2025-03-17 08:59:06,590 - [33m----------------------------------------[0m
2025-03-17 08:59:06,590 - [33mStep 15 of the game[0m
2025-03-17 08:59:12,948 - [32mGuesser (internal dialogue): The topic involves biology, specifically ecology, conservation, and biodiversity, focusing on the impact of human activities. Both deforestation and pollution have been ruled out, so other possibilities might include overfishing or urban expansion. A specific focus could help identify the correct activity.[0m
2025-03-17 08:59:12,948 - [32mGuesser: Is the topic related to habitat destruction?[0m
2025-03-17 08:59:17,866 - [34mHost (internal dialogue): Habitat destruction can impact marine life, including octopuses. While the primary topic is 'Octopus,' discussing their environment and the threats they face is relevant to understanding their survival and challenges, such as habitat destruction, which is particularly pertinent given environmental concerns today. This aligns with a broader understanding of octopuses.[0m
2025-03-17 08:59:17,867 - [34mHost: Yes[0m
2025-03-17 08:59:17,867 - [33m----------------------------------------[0m
2025-03-17 08:59:17,867 - [33mStep 16 of the game[0m
2025-03-17 08:59:21,983 - [32mGuesser (internal dialogue): The topic is related to biology, specifically ecology and conservation. It focuses on biodiversity and the impact of human activities, specifically habitat destruction. To hone in on this area, I should explore specific causes or consequences of habitat destruction.[0m
2025-03-17 08:59:21,983 - [32mGuesser: Is the topic related to urban expansion?[0m
2025-03-17 08:59:25,944 - [34mHost (internal dialogue): The question asks about urban expansion, which is unrelated to octopuses. Octopuses are marine animals and their relevance to urban expansion is minimal or indirect. Therefore, the answer is 'No.'[0m
2025-03-17 08:59:25,944 - [34mHost: No[0m
2025-03-17 08:59:25,944 - [33m----------------------------------------[0m
2025-03-17 08:59:25,945 - [33mStep 17 of the game[0m
2025-03-17 08:59:30,341 - [32mGuesser (internal dialogue): We've narrowed the topic to biology, specifically focusing on ecology and conservation, with an emphasis on biodiversity and the impact of human activities, particularly through habitat destruction. We've ruled out specific activities such as deforestation, pollution, and urban expansion. A logical next step is to explore other causes or forms of habitat destruction.[0m
2025-03-17 08:59:30,341 - [32mGuesser: Is the topic related to agriculture?[0m
2025-03-17 08:59:34,751 - [34mHost (internal dialogue): The question is asking if the topic, which is 'Octopus', is related to agriculture. An octopus is a marine animal and not typically associated with agricultural practices, which generally involve plants and land animals. Consequently, the question does not align with the topic, as the octopus is unrelated to agriculture.[0m
2025-03-17 08:59:34,751 - [34mHost: No[0m
2025-03-17 08:59:34,751 - [33m----------------------------------------[0m
2025-03-17 08:59:34,751 - [33mStep 18 of the game[0m
2025-03-17 08:59:39,585 - [32mGuesser (internal dialogue): The topic is related to biology, specifically ecology and conservation, focusing on biodiversity and habitat destruction caused by human activities. We've ruled out deforestation, pollution, urban expansion, and agriculture. With only two questions left, it would be useful to explore another major cause of habitat destruction, perhaps related to industrial activities.[0m
2025-03-17 08:59:39,585 - [32mGuesser: Is the topic related to mining?[0m
2025-03-17 08:59:43,636 - [34mHost (internal dialogue): An octopus is a marine animal and is not related to mining, which involves the extraction of minerals or other geological materials from the earth. Therefore, the question is not aligned with the topic of octopus.[0m
2025-03-17 08:59:43,637 - [34mHost: No[0m
2025-03-17 08:59:43,637 - [33m----------------------------------------[0m
2025-03-17 08:59:43,637 - [33mStep 19 of the game[0m
2025-03-17 08:59:48,562 - [32mGuesser (internal dialogue): The topic is focused on biology, specifically within ecology and conservation, emphasizing biodiversity and the impact of human activities in the form of habitat destruction. We've ruled out deforestation, pollution, urban expansion, agriculture, and mining. With one question left, exploring another well-known cause of habitat destruction like infrastructure development might help identify the topic.[0m
2025-03-17 08:59:48,562 - [32mGuesser: Is the topic related to infrastructure development?[0m
2025-03-17 08:59:52,571 - [34mHost (internal dialogue): The question about infrastructure development is unrelated to the topic of an octopus, which is a marine animal. Questions should be more aligned with characteristics or habitats of an octopus.[0m
2025-03-17 08:59:52,572 - [34mHost: No[0m
2025-03-17 08:59:52,572 - [33mThe Guesser has not guessed the topic in 20 steps. The Guesser loses![0m
