2024-10-17 13:53:29,619 - [33mLet's play the game of 20 questions![0m
2024-10-17 13:53:29,620 - [34mHost: Psst...The Guesser doesn't know this, but I can reveal that the topic is Sushi[0m
2024-10-17 13:53:29,620 - [33m----------------------------------------[0m
2024-10-17 13:53:29,620 - [33mStep 0 of the game[0m
2024-10-17 13:53:31,311 - [32mGuesser (internal dialogue): I need to narrow down the possibilities of what the topic could be. Asking if it is a living thing will help me determine if I should be thinking about animals or plants, or if I should focus on inanimate objects or places. Since I have 20 steps, I want to make sure I gather useful information early on.[0m
2024-10-17 13:53:31,311 - [32mGuesser: (topic proposal): None[0m
2024-10-17 13:53:31,311 - [32mGuesser: Is the topic a living thing?[0m
2024-10-17 13:53:32,629 - [34mHost (internal dialogue): Sushi is not a living thing; it is a type of food made from various ingredients, including fish, rice, and vegetables. Therefore, the answer to the question is 'No'.[0m
2024-10-17 13:53:32,629 - [34mHost: No[0m
2024-10-17 13:53:32,629 - [33m----------------------------------------[0m
2024-10-17 13:53:32,629 - [33mStep 1 of the game[0m
2024-10-17 13:53:34,206 - [32mGuesser (internal dialogue): Since the topic is not a living thing, I can focus on inanimate objects or places. I want to determine if the topic is something that is commonly found indoors or outdoors. This will help me narrow down the category further. I have 19 steps left, so I can afford to ask a few more questions to get closer to the answer.[0m
2024-10-17 13:53:34,206 - [32mGuesser: (topic proposal): None[0m
2024-10-17 13:53:34,206 - [32mGuesser: Is the topic something that is commonly found indoors?[0m
2024-10-17 13:53:36,631 - [34mHost (internal dialogue): Sushi is typically prepared and consumed in restaurants or homes, which are indoor settings. Therefore, it can be considered something that is commonly found indoors, especially in places where food is served or prepared.[0m
2024-10-17 13:53:36,631 - [34mHost: Yes[0m
2024-10-17 13:53:36,632 - [33m----------------------------------------[0m
2024-10-17 13:53:36,632 - [33mStep 2 of the game[0m
2024-10-17 13:53:38,222 - [32mGuesser (internal dialogue): The topic is an inanimate object that is commonly found indoors. To narrow it down further, I want to know if it is something that is typically used for a specific function or purpose, like furniture or appliances. This will help me categorize it better. I have 18 steps left, so I can continue to ask targeted questions.[0m
2024-10-17 13:53:38,222 - [32mGuesser: (topic proposal): None[0m
2024-10-17 13:53:38,222 - [32mGuesser: Is the topic an object that is used for a specific function or purpose?[0m
2024-10-17 13:53:39,686 - [34mHost (internal dialogue): Sushi itself is not an object used for a specific function; rather, it is a type of food. While it can be part of a meal and serve the purpose of nourishment, it does not fit the definition of an object with a specific function like a tool or device would. Therefore, the answer is 'No'.[0m
2024-10-17 13:53:39,687 - [34mHost: No[0m
2024-10-17 13:53:39,687 - [33m----------------------------------------[0m
2024-10-17 13:53:39,687 - [33mStep 3 of the game[0m
2024-10-17 13:53:41,341 - [32mGuesser (internal dialogue): Since the topic is an inanimate object commonly found indoors and is not used for a specific function, it might be something decorative or a general item. I want to determine if it is something that is primarily decorative or aesthetic in nature, which will help me narrow down the possibilities. I have 17 steps left, so I can still ask a few more questions to get closer to the answer.[0m
2024-10-17 13:53:41,341 - [32mGuesser: (topic proposal): None[0m
2024-10-17 13:53:41,342 - [32mGuesser: Is the topic primarily decorative in nature?[0m
2024-10-17 13:53:42,686 - [34mHost (internal dialogue): Sushi is primarily a type of food and is not considered decorative in nature. While it can be presented in an aesthetically pleasing way, its main purpose is for consumption rather than decoration. Therefore, the answer is 'No'.[0m
2024-10-17 13:53:42,686 - [34mHost: No[0m
2024-10-17 13:53:42,687 - [33m----------------------------------------[0m
2024-10-17 13:53:42,687 - [33mStep 4 of the game[0m
2024-10-17 13:53:44,383 - [32mGuesser (internal dialogue): The topic is an inanimate object found indoors that is not used for a specific function and is not primarily decorative. This suggests it might be a common household item or something that serves a more general purpose. To narrow it down further, I want to know if it is something that is typically made of a specific material, like wood, metal, or plastic. This will help me categorize it better. I have 16 steps left, so I can continue to ask targeted questions.[0m
2024-10-17 13:53:44,384 - [32mGuesser: (topic proposal): None[0m
2024-10-17 13:53:44,384 - [32mGuesser: Is the topic made primarily of plastic?[0m
2024-10-17 13:53:46,053 - [34mHost (internal dialogue): Sushi is made from various ingredients such as rice, fish, and vegetables, and is not made of plastic. Therefore, the answer to the question is 'No'.[0m
2024-10-17 13:53:46,053 - [34mHost: No[0m
2024-10-17 13:53:46,053 - [33m----------------------------------------[0m
2024-10-17 13:53:46,053 - [33mStep 5 of the game[0m
2024-10-17 13:53:47,902 - [32mGuesser (internal dialogue): The topic is an inanimate object found indoors, not used for a specific function, not primarily decorative, and not made of plastic. This suggests it could be made of materials like wood, metal, or glass. To further narrow it down, I want to know if it is something that is typically found in a specific room of the house, like the kitchen or living room. This will help me focus my guesses. I have 15 steps left, so I can still ask several questions.[0m
2024-10-17 13:53:47,902 - [32mGuesser: (topic proposal): None[0m
2024-10-17 13:53:47,902 - [32mGuesser: Is the topic something that is typically found in the kitchen?[0m
2024-10-17 13:53:49,432 - [34mHost (internal dialogue): Sushi is a type of food that is often prepared and stored in the kitchen, making it something that is typically found there. Therefore, the answer is 'Yes'.[0m
2024-10-17 13:53:49,432 - [34mHost: Yes[0m
2024-10-17 13:53:49,432 - [33m----------------------------------------[0m
2024-10-17 13:53:49,432 - [33mStep 6 of the game[0m
2024-10-17 13:53:51,378 - [32mGuesser (internal dialogue): The topic is an inanimate object found indoors, specifically in the kitchen, and it is not used for a specific function or primarily decorative. This suggests it might be a common kitchen item that doesn't have a specific purpose, like a container or a utensil that is not used for cooking. To narrow it down further, I want to know if it is something that is typically used for storage or holding items. I have 14 steps left, so I can still ask a few more questions to get closer to the answer.[0m
2024-10-17 13:53:51,379 - [32mGuesser: (topic proposal): None[0m
2024-10-17 13:53:51,379 - [32mGuesser: Is the topic something that is typically used for storage or holding items in the kitchen?[0m
2024-10-17 13:53:52,810 - [34mHost (internal dialogue): Sushi is not an object used for storage or holding items; it is a type of food. Therefore, it does not fit the description of something that is typically used for storage in the kitchen.[0m
2024-10-17 13:53:52,811 - [34mHost: No[0m
2024-10-17 13:53:52,811 - [33m----------------------------------------[0m
2024-10-17 13:53:52,811 - [33mStep 7 of the game[0m
2024-10-17 13:53:54,724 - [32mGuesser (internal dialogue): The topic is an inanimate object found indoors in the kitchen, not used for a specific function, not primarily decorative, and not used for storage. This suggests it could be something more general or perhaps an appliance that doesn't have a specific function. To narrow it down further, I want to know if it is an appliance or tool that is commonly used in food preparation or cooking. I have 13 steps left, so I can still ask several questions to get closer to the answer.[0m
2024-10-17 13:53:54,725 - [32mGuesser: (topic proposal): None[0m
2024-10-17 13:53:54,725 - [32mGuesser: Is the topic an appliance or tool commonly used in food preparation or cooking?[0m
2024-10-17 13:53:56,398 - [34mHost (internal dialogue): Sushi is not an appliance or tool; it is a type of food made from various ingredients. Therefore, it does not fit the description of an appliance or tool used in food preparation or cooking.[0m
2024-10-17 13:53:56,398 - [34mHost: No[0m
2024-10-17 13:53:56,398 - [33m----------------------------------------[0m
2024-10-17 13:53:56,398 - [33mStep 8 of the game[0m
2024-10-17 13:53:58,632 - [32mGuesser (internal dialogue): The topic is an inanimate object found indoors in the kitchen, not used for a specific function, not primarily decorative, not used for storage, and not an appliance or tool for food preparation. This suggests it might be something more general or perhaps a common kitchen item that doesn't fit into the usual categories. To narrow it down further, I want to know if it is something that is typically associated with a specific activity or event in the kitchen, like dining or serving. I have 12 steps left, so I can still ask several questions to get closer to the answer.[0m
2024-10-17 13:53:58,632 - [32mGuesser: (topic proposal): None[0m
2024-10-17 13:53:58,632 - [32mGuesser: Is the topic something that is typically associated with dining or serving food?[0m
2024-10-17 13:54:00,286 - [34mHost (internal dialogue): Sushi is indeed associated with dining and serving food, as it is a popular dish served in restaurants and at meals. It is often presented on platters and enjoyed in social settings, making it closely related to the dining experience.[0m
2024-10-17 13:54:00,286 - [34mHost: Yes[0m
2024-10-17 13:54:00,286 - [33m----------------------------------------[0m
2024-10-17 13:54:00,286 - [33mStep 9 of the game[0m
2024-10-17 13:54:02,334 - [32mGuesser (internal dialogue): The topic is an inanimate object found indoors in the kitchen, not used for a specific function, not primarily decorative, not used for storage, not an appliance or tool for food preparation, but is associated with dining or serving food. This suggests it could be something like a plate, bowl, or serving dish. To narrow it down further, I want to know if it is something that is typically used to hold food during a meal. I have 11 steps left, so I can still ask several questions to get closer to the answer.[0m
2024-10-17 13:54:02,334 - [32mGuesser: (topic proposal): None[0m
2024-10-17 13:54:02,334 - [32mGuesser: Is the topic something that is typically used to hold food during a meal?[0m
2024-10-17 13:54:03,973 - [34mHost (internal dialogue): Sushi is typically served on plates or in containers, but it is not an object that is used to hold food during a meal in the same way that a bowl or plate would be. Instead, sushi itself is the food being served. Therefore, the answer is 'No'.[0m
2024-10-17 13:54:03,973 - [34mHost: No[0m
2024-10-17 13:54:03,973 - [33m----------------------------------------[0m
2024-10-17 13:54:03,973 - [33mStep 10 of the game[0m
2024-10-17 13:54:06,740 - [32mGuesser (internal dialogue): The topic is an inanimate object found indoors in the kitchen, not used for a specific function, not primarily decorative, not used for storage, not an appliance or tool for food preparation, and is associated with dining or serving food, but it is not something that holds food during a meal. This suggests it might be something related to the dining experience but not directly involved in holding food. I want to explore if it is something that is used during the dining process, like utensils or items that enhance the dining experience. I have 10 steps left, so I need to be strategic with my questions.[0m
2024-10-17 13:54:06,740 - [32mGuesser: (topic proposal): None[0m
2024-10-17 13:54:06,740 - [32mGuesser: Is the topic something that is used during the dining process, like utensils or serving items?[0m
2024-10-17 13:54:08,310 - [34mHost (internal dialogue): Sushi itself is not an object used during the dining process like utensils or serving items; it is the food being consumed. Utensils such as chopsticks or serving platters are used with sushi, but sushi itself does not serve that purpose. Therefore, the answer is 'No'.[0m
2024-10-17 13:54:08,310 - [34mHost: No[0m
2024-10-17 13:54:08,310 - [33m----------------------------------------[0m
2024-10-17 13:54:08,310 - [33mStep 11 of the game[0m
2024-10-17 13:54:10,525 - [32mGuesser (internal dialogue): The topic is an inanimate object found indoors in the kitchen, not used for a specific function, not primarily decorative, not used for storage, not an appliance or tool for food preparation, not something that holds food, and not something used during the dining process. This suggests it could be something that is part of the kitchen environment but not directly involved in food or dining. I want to explore if it is something that is related to the kitchen's ambiance or functionality, like a kitchen accessory or a piece of furniture. I have 9 steps left, so I need to be strategic with my questions.[0m
2024-10-17 13:54:10,526 - [32mGuesser: (topic proposal): None[0m
2024-10-17 13:54:10,526 - [32mGuesser: Is the topic something that contributes to the ambiance or decor of the kitchen, like a kitchen accessory or furniture?[0m
2024-10-17 13:54:12,223 - [34mHost (internal dialogue): Sushi is primarily a type of food and does not contribute to the ambiance or decor of the kitchen in the way that kitchen accessories or furniture would. Therefore, the answer is 'No'.[0m
2024-10-17 13:54:12,223 - [34mHost: No[0m
2024-10-17 13:54:12,224 - [33m----------------------------------------[0m
2024-10-17 13:54:12,224 - [33mStep 12 of the game[0m
2024-10-17 13:54:14,519 - [32mGuesser (internal dialogue): The topic is an inanimate object found indoors in the kitchen, not used for a specific function, not primarily decorative, not used for storage, not an appliance or tool for food preparation, not something that holds food, not something used during the dining process, and not something that contributes to the ambiance or decor of the kitchen. This is quite puzzling, as it seems to be a common kitchen item that doesn't fit into the usual categories. I want to explore if it is something that is often overlooked or considered a basic necessity in the kitchen, like a common item that people might not think about but is still present. I have 8 steps left, so I need to be strategic with my questions.[0m
2024-10-17 13:54:14,520 - [32mGuesser: (topic proposal): None[0m
2024-10-17 13:54:14,520 - [32mGuesser: Is the topic something that is often overlooked or considered a basic necessity in the kitchen, like a common item that people might not think about?[0m
2024-10-17 13:54:16,143 - [34mHost (internal dialogue): Sushi is not typically overlooked or considered a basic necessity in the kitchen. It is a specific type of food that people often think about when dining out or preparing a meal, rather than a common kitchen item that is taken for granted. Therefore, the answer is 'No'.[0m
2024-10-17 13:54:16,143 - [34mHost: No[0m
2024-10-17 13:54:16,143 - [33m----------------------------------------[0m
2024-10-17 13:54:16,144 - [33mStep 13 of the game[0m
2024-10-17 13:54:18,411 - [32mGuesser (internal dialogue): The topic is an inanimate object found indoors in the kitchen, not used for a specific function, not primarily decorative, not used for storage, not an appliance or tool for food preparation, not something that holds food, not something used during the dining process, not something that contributes to the ambiance or decor, and not something that is often overlooked or considered a basic necessity. This is quite challenging, and it seems like the object might be something that is present but not directly related to food or dining. I want to explore if it is something that is used for cleaning or maintenance in the kitchen, as that could fit the criteria. I have 7 steps left, so I need to be strategic with my questions.[0m
2024-10-17 13:54:18,411 - [32mGuesser: (topic proposal): None[0m
2024-10-17 13:54:18,411 - [32mGuesser: Is the topic something that is used for cleaning or maintenance in the kitchen?[0m
2024-10-17 13:54:19,784 - [34mHost (internal dialogue): Sushi is a type of food and is not used for cleaning or maintenance in the kitchen. Cleaning supplies and tools are what are typically used for those purposes. Therefore, the answer is 'No'.[0m
2024-10-17 13:54:19,784 - [34mHost: No[0m
2024-10-17 13:54:19,784 - [33m----------------------------------------[0m
2024-10-17 13:54:19,784 - [33mStep 14 of the game[0m
2024-10-17 13:54:21,995 - [32mGuesser (internal dialogue): The topic is an inanimate object found indoors in the kitchen, not used for a specific function, not primarily decorative, not used for storage, not an appliance or tool for food preparation, not something that holds food, not something used during the dining process, not something that contributes to the ambiance or decor, and not something that is often overlooked or considered a basic necessity, and not used for cleaning or maintenance. This leaves me with very few options. I want to explore if it is something that is related to the kitchen environment but serves a different purpose, such as a safety item or a tool that is not directly related to food. I have 6 steps left, so I need to be strategic with my questions.[0m
2024-10-17 13:54:21,995 - [32mGuesser: (topic proposal): None[0m
2024-10-17 13:54:21,995 - [32mGuesser: Is the topic something that is related to safety or health in the kitchen, like a fire extinguisher or a first aid kit?[0m
2024-10-17 13:54:23,646 - [34mHost (internal dialogue): Sushi is a type of food and is not related to safety or health in the kitchen in the same way that items like fire extinguishers or first aid kits are. It is primarily consumed for nourishment rather than serving a safety or health-related function. Therefore, the answer is 'No'.[0m
2024-10-17 13:54:23,647 - [34mHost: No[0m
2024-10-17 13:54:23,647 - [33m----------------------------------------[0m
2024-10-17 13:54:23,647 - [33mStep 15 of the game[0m
2024-10-17 13:54:26,037 - [32mGuesser (internal dialogue): The topic is an inanimate object found indoors in the kitchen, not used for a specific function, not primarily decorative, not used for storage, not an appliance or tool for food preparation, not something that holds food, not something used during the dining process, not something that contributes to the ambiance or decor, not something that is often overlooked or considered a basic necessity, not used for cleaning or maintenance, and not related to safety or health. This is quite perplexing, and it seems like the object might be something that is more of a novelty or a unique item that doesn't fit into the usual categories. I want to explore if it is something that is often associated with a specific culture or tradition in the kitchen, which could help narrow it down further. I have 5 steps left, so I need to be strategic with my questions.[0m
2024-10-17 13:54:26,038 - [32mGuesser: (topic proposal): None[0m
2024-10-17 13:54:26,038 - [32mGuesser: Is the topic something that is often associated with a specific culture or tradition in the kitchen, like a unique cooking tool or item?[0m
2024-10-17 13:54:27,668 - [34mHost (internal dialogue): Sushi is indeed associated with Japanese culture and tradition, as it is a traditional Japanese dish that has specific preparation methods and cultural significance. Therefore, the answer is 'Yes'.[0m
2024-10-17 13:54:27,668 - [34mHost: Yes[0m
2024-10-17 13:54:27,668 - [33m----------------------------------------[0m
2024-10-17 13:54:27,668 - [33mStep 16 of the game[0m
2024-10-17 13:54:32,541 - [32mGuesser (internal dialogue): The topic is an inanimate object found indoors in the kitchen, not used for a specific function, not primarily decorative, not used for storage, not an appliance or tool for food preparation, not something that holds food, not something used during the dining process, not something that contributes to the ambiance or decor, not something that is often overlooked or considered a basic necessity, not used for cleaning or maintenance, not related to safety or health, but is associated with a specific culture or tradition. Given this information, I want to narrow it down further by asking if it is a specific type of cooking tool or item that is commonly used in a particular cuisine. This will help me identify the topic more accurately. I have 5 steps left, so I need to be strategic with my questions.[0m
2024-10-17 13:54:32,542 - [32mGuesser: (topic proposal): None[0m
2024-10-17 13:54:32,542 - [32mGuesser: Is the topic a specific cooking tool or item commonly used in a particular cuisine, like a tagine for Moroccan cooking or a wok for Chinese cooking?[0m
2024-10-17 13:54:34,386 - [34mHost (internal dialogue): Sushi is not a specific cooking tool or item; it is a type of food that is prepared using various ingredients and techniques. While there are tools associated with making sushi, such as bamboo mats for rolling, sushi itself does not fit the description of a cooking tool or item. Therefore, the answer is 'No'.[0m
2024-10-17 13:54:34,387 - [34mHost: No[0m
2024-10-17 13:54:34,387 - [33m----------------------------------------[0m
2024-10-17 13:54:34,387 - [33mStep 17 of the game[0m
2024-10-17 13:54:37,048 - [32mGuesser (internal dialogue): The topic is an inanimate object found indoors in the kitchen, not used for a specific function, not primarily decorative, not used for storage, not an appliance or tool for food preparation, not something that holds food, not something used during the dining process, not something that contributes to the ambiance or decor, not something that is often overlooked or considered a basic necessity, not used for cleaning or maintenance, not related to safety or health, but is associated with a specific culture or tradition. Given all these clues, it seems like the object might be something that is more of a cultural artifact or a unique item that represents a specific culinary tradition. I want to explore if it is something that is often used in a ceremonial context or as part of a cultural practice in the kitchen. I have 4 steps left, so I need to be strategic with my questions.[0m
2024-10-17 13:54:37,048 - [32mGuesser: (topic proposal): None[0m
2024-10-17 13:54:37,048 - [32mGuesser: Is the topic something that is used in a ceremonial context or as part of a cultural practice in the kitchen, like a specific type of serving dish or utensil?[0m
2024-10-17 13:54:38,791 - [34mHost (internal dialogue): Sushi is often served in a ceremonial context, especially in traditional Japanese dining experiences, where the presentation and serving of sushi can be part of cultural practices. However, it is primarily a type of food rather than a specific serving dish or utensil. Therefore, while sushi can be part of cultural practices, it does not fit the description of a specific item used in a ceremonial context. Thus, the answer is 'No'.[0m
2024-10-17 13:54:38,791 - [34mHost: No[0m
2024-10-17 13:54:38,791 - [33m----------------------------------------[0m
2024-10-17 13:54:38,791 - [33mStep 18 of the game[0m
2024-10-17 13:54:41,348 - [32mGuesser (internal dialogue): The topic is an inanimate object found indoors in the kitchen, not used for a specific function, not primarily decorative, not used for storage, not an appliance or tool for food preparation, not something that holds food, not something used during the dining process, not something that contributes to the ambiance or decor, not something that is often overlooked or considered a basic necessity, not used for cleaning or maintenance, not related to safety or health, not a specific cooking tool, and not used in a ceremonial context. This leaves me with the possibility that it could be a unique cultural item that is more of a novelty or a conversation piece. I want to explore if it is something that is often used for display or as a conversation starter in the kitchen. I have 3 steps left, so I need to be strategic with my questions.[0m
2024-10-17 13:54:41,349 - [32mGuesser: (topic proposal): None[0m
2024-10-17 13:54:41,349 - [32mGuesser: Is the topic something that is often displayed in the kitchen as a conversation starter or a novelty item, like a unique kitchen gadget or a cultural artifact?[0m
2024-10-17 13:54:42,980 - [34mHost (internal dialogue): Sushi is primarily a type of food and is not typically displayed in the kitchen as a conversation starter or novelty item. While some people may have sushi-related decor or gadgets, sushi itself is not an item that is commonly displayed for that purpose. Therefore, the answer is 'No'.[0m
2024-10-17 13:54:42,980 - [34mHost: No[0m
2024-10-17 13:54:42,980 - [33m----------------------------------------[0m
2024-10-17 13:54:42,981 - [33mStep 19 of the game[0m
2024-10-17 13:54:45,317 - [32mGuesser (internal dialogue): Given all the previous answers, the topic is an inanimate object found indoors in the kitchen that does not serve a specific function, is not decorative, not used for storage, not an appliance, not related to food holding or preparation, not associated with dining, not a necessity, not for cleaning, not related to safety, and not a cultural or ceremonial item. This is quite challenging, and it seems like the object might be something that is more of a general kitchen item that doesn't fit into the usual categories. I want to explore if it is something that is commonly found in kitchens but is often overlooked or not thought of as essential. I have only one step left, so I need to make this question count.[0m
2024-10-17 13:54:45,318 - [32mGuesser: (topic proposal): None[0m
2024-10-17 13:54:45,318 - [32mGuesser: Is the topic something that is commonly found in kitchens but is often overlooked or considered unnecessary, like a kitchen timer or a measuring cup?[0m
2024-10-17 13:54:47,186 - [34mHost (internal dialogue): Sushi is not commonly found in kitchens as an overlooked or unnecessary item like a kitchen timer or measuring cup. Instead, it is a specific type of food that people actively prepare and consume, rather than a kitchen tool or accessory that might be overlooked. Therefore, the answer is 'No'.[0m
2024-10-17 13:54:47,187 - [34mHost: No[0m
2024-10-17 13:54:47,187 - [33mThe Guesser has not guessed the topic in 20 steps. The Guesser loses![0m
