2024-10-17 13:52:15,678 - [33mLet's play the game of 20 questions![0m
2024-10-17 13:52:15,678 - [34mHost: Psst...The Guesser doesn't know this, but I can reveal that the topic is Lighthouse[0m
2024-10-17 13:52:15,678 - [33m----------------------------------------[0m
2024-10-17 13:52:15,679 - [33mStep 0 of the game[0m
2024-10-17 13:52:17,196 - [32mGuesser (internal dialogue): I need to narrow down the possibilities of what the topic could be. Asking if it is a living thing will help me determine if I should be thinking about animals or plants, or if I should focus on inanimate objects or places. Since I have 20 steps, I want to make sure I gather useful information early on.[0m
2024-10-17 13:52:17,196 - [32mGuesser: (topic proposal): None[0m
2024-10-17 13:52:17,197 - [32mGuesser: Is the topic a living thing?[0m
2024-10-17 13:52:18,503 - [34mHost (internal dialogue): A lighthouse is an inanimate structure and not a living thing, so the answer is 'No'.[0m
2024-10-17 13:52:18,504 - [34mHost: No[0m
2024-10-17 13:52:18,504 - [33m----------------------------------------[0m
2024-10-17 13:52:18,504 - [33mStep 1 of the game[0m
2024-10-17 13:52:20,141 - [32mGuesser (internal dialogue): Since the topic is not a living thing, I can focus on inanimate objects or places. I want to determine if the topic is something that is commonly found indoors or outdoors. This will help me narrow down the category further. I have 19 steps left, so I can afford to ask a few more questions to get closer to the answer.[0m
2024-10-17 13:52:20,142 - [32mGuesser: (topic proposal): None[0m
2024-10-17 13:52:20,142 - [32mGuesser: Is the topic something that is commonly found indoors?[0m
2024-10-17 13:52:21,471 - [34mHost (internal dialogue): A lighthouse is typically an outdoor structure located near coastlines or on islands, and it is not commonly found indoors. Therefore, the answer is 'No'.[0m
2024-10-17 13:52:21,472 - [34mHost: No[0m
2024-10-17 13:52:21,472 - [33m----------------------------------------[0m
2024-10-17 13:52:21,472 - [33mStep 2 of the game[0m
2024-10-17 13:52:23,510 - [32mGuesser (internal dialogue): The topic is not a living thing and is not commonly found indoors, which suggests it might be an outdoor object or a place. To narrow it down further, I want to find out if the topic is a specific type of object or a geographical location. Asking if it is a place will help me determine if I should be thinking about locations like cities, countries, or natural features. I have 18 steps left, so I can continue to ask questions to refine my guess.[0m
2024-10-17 13:52:23,510 - [32mGuesser: (topic proposal): None[0m
2024-10-17 13:52:23,510 - [32mGuesser: Is the topic a place?[0m
2024-10-17 13:52:24,850 - [34mHost (internal dialogue): A lighthouse is indeed a specific type of place, as it is a structure built in a particular location, usually near water, to aid navigation. Therefore, the answer is 'Yes'.[0m
2024-10-17 13:52:24,850 - [34mHost: Yes[0m
2024-10-17 13:52:24,850 - [33m----------------------------------------[0m
2024-10-17 13:52:24,851 - [33mStep 3 of the game[0m
2024-10-17 13:52:26,179 - [32mGuesser (internal dialogue): Now that I know the topic is a place, I want to narrow it down further by determining if it is a city or a natural feature. This will help me focus my guesses more effectively. Since I have 17 steps left, I can still ask a few more questions to refine my understanding of the topic.[0m
2024-10-17 13:52:26,180 - [32mGuesser: (topic proposal): None[0m
2024-10-17 13:52:26,180 - [32mGuesser: Is the topic a city?[0m
2024-10-17 13:52:27,443 - [34mHost (internal dialogue): A lighthouse is not a city; it is a specific structure designed to guide ships and boats. Therefore, the answer is 'No'.[0m
2024-10-17 13:52:27,443 - [34mHost: No[0m
2024-10-17 13:52:27,444 - [33m----------------------------------------[0m
2024-10-17 13:52:27,444 - [33mStep 4 of the game[0m
2024-10-17 13:52:29,111 - [32mGuesser (internal dialogue): The topic is a place, but it is not a city, which suggests it could be a natural feature, a landmark, or a country. To narrow it down further, I want to find out if it is a natural feature like a mountain, river, or forest. This will help me focus my guesses more effectively. I have 16 steps left, so I can still ask a few more questions to refine my understanding of the topic.[0m
2024-10-17 13:52:29,111 - [32mGuesser: (topic proposal): None[0m
2024-10-17 13:52:29,111 - [32mGuesser: Is the topic a natural feature (like a mountain, river, or forest)?[0m
2024-10-17 13:52:30,490 - [34mHost (internal dialogue): A lighthouse is a man-made structure and not a natural feature like a mountain, river, or forest. Therefore, the answer is 'No'.[0m
2024-10-17 13:52:30,490 - [34mHost: No[0m
2024-10-17 13:52:30,490 - [33m----------------------------------------[0m
2024-10-17 13:52:30,490 - [33mStep 5 of the game[0m
2024-10-17 13:52:32,324 - [32mGuesser (internal dialogue): Since the topic is a place but not a city or a natural feature, it could be a landmark, a country, or a specific type of location like a historical site or a building. To narrow it down further, I want to find out if the topic is a country. This will help me focus my guesses more effectively. I have 15 steps left, so I can still ask a few more questions to refine my understanding of the topic.[0m
2024-10-17 13:52:32,324 - [32mGuesser: (topic proposal): None[0m
2024-10-17 13:52:32,324 - [32mGuesser: Is the topic a country?[0m
2024-10-17 13:52:33,664 - [34mHost (internal dialogue): A lighthouse is not a country; it is a specific structure that serves a navigational purpose. Therefore, the answer is 'No'.[0m
2024-10-17 13:52:33,664 - [34mHost: No[0m
2024-10-17 13:52:33,665 - [33m----------------------------------------[0m
2024-10-17 13:52:33,665 - [33mStep 6 of the game[0m
2024-10-17 13:52:35,500 - [32mGuesser (internal dialogue): The topic is a place, but it is not a city, a natural feature, or a country. This suggests it could be a landmark, a historical site, or a specific building. To narrow it down further, I want to find out if the topic is a famous landmark or a specific type of building. This will help me focus my guesses more effectively. I have 14 steps left, so I can still ask a few more questions to refine my understanding of the topic.[0m
2024-10-17 13:52:35,500 - [32mGuesser: (topic proposal): None[0m
2024-10-17 13:52:35,500 - [32mGuesser: Is the topic a famous landmark?[0m
2024-10-17 13:52:36,920 - [34mHost (internal dialogue): A lighthouse can be considered a famous landmark, especially if it is well-known or historically significant, as many lighthouses are recognized for their unique architecture and location. Therefore, the answer is 'Yes'.[0m
2024-10-17 13:52:36,920 - [34mHost: Yes[0m
2024-10-17 13:52:36,921 - [33m----------------------------------------[0m
2024-10-17 13:52:36,921 - [33mStep 7 of the game[0m
2024-10-17 13:52:38,474 - [32mGuesser (internal dialogue): Now that I know the topic is a famous landmark, I want to narrow it down further by determining if it is located in Europe or not. This will help me focus my guesses on a specific region. Since I have 13 steps left, I can still ask a few more questions to refine my understanding of the topic.[0m
2024-10-17 13:52:38,474 - [32mGuesser: (topic proposal): None[0m
2024-10-17 13:52:38,475 - [32mGuesser: Is the topic located in Europe?[0m
2024-10-17 13:52:40,005 - [34mHost (internal dialogue): There are many lighthouses located in Europe, but not all lighthouses are necessarily in Europe. Since the question is asking if the specific topic is located in Europe, and I cannot confirm that without knowing which lighthouse is being referred to, the answer is 'No'.[0m
2024-10-17 13:52:40,006 - [34mHost: No[0m
2024-10-17 13:52:40,006 - [33m----------------------------------------[0m
2024-10-17 13:52:40,006 - [33mStep 8 of the game[0m
2024-10-17 13:52:42,000 - [32mGuesser (internal dialogue): The topic is a famous landmark, and it is not located in Europe. This suggests it could be in another continent, such as Asia, Africa, North America, or South America. To narrow it down further, I want to find out if the landmark is located in Asia, which is home to many well-known landmarks. I have 12 steps left, so I can still ask several more questions to refine my understanding of the topic.[0m
2024-10-17 13:52:42,001 - [32mGuesser: (topic proposal): None[0m
2024-10-17 13:52:42,001 - [32mGuesser: Is the topic located in Asia?[0m
2024-10-17 13:52:43,463 - [34mHost (internal dialogue): There are many lighthouses located in Asia, but not all lighthouses are necessarily in Asia. Since the question is asking if the specific topic is located in Asia, and I cannot confirm that without knowing which lighthouse is being referred to, the answer is 'No'.[0m
2024-10-17 13:52:43,464 - [34mHost: No[0m
2024-10-17 13:52:43,464 - [33m----------------------------------------[0m
2024-10-17 13:52:43,464 - [33mStep 9 of the game[0m
2024-10-17 13:52:45,330 - [32mGuesser (internal dialogue): The topic is a famous landmark, and it is not located in Europe or Asia. This leaves us with North America, South America, or Africa as possible locations. To narrow it down further, I want to find out if the landmark is located in North America, as it has several iconic landmarks. I have 11 steps left, so I can still ask a few more questions to refine my understanding of the topic.[0m
2024-10-17 13:52:45,330 - [32mGuesser: (topic proposal): None[0m
2024-10-17 13:52:45,330 - [32mGuesser: Is the topic located in North America?[0m
2024-10-17 13:52:46,764 - [34mHost (internal dialogue): Many lighthouses are located in North America, particularly along the coastlines of the United States and Canada. Therefore, the answer is 'Yes' as it aligns with the topic of a lighthouse being a structure that can be found in that region.[0m
2024-10-17 13:52:46,764 - [34mHost: Yes[0m
2024-10-17 13:52:46,765 - [33m----------------------------------------[0m
2024-10-17 13:52:46,765 - [33mStep 10 of the game[0m
2024-10-17 13:52:48,312 - [32mGuesser (internal dialogue): Now that I know the topic is a famous landmark located in North America, I want to narrow it down further by determining if it is a man-made structure or a natural landmark. This will help me focus my guesses more effectively. Since I have 10 steps left, I can still ask several more questions to refine my understanding of the topic.[0m
2024-10-17 13:52:48,312 - [32mGuesser: (topic proposal): None[0m
2024-10-17 13:52:48,312 - [32mGuesser: Is the topic a man-made structure?[0m
2024-10-17 13:52:49,837 - [34mHost (internal dialogue): A lighthouse is indeed a man-made structure designed to assist in maritime navigation, making it clear that the answer is 'Yes'.[0m
2024-10-17 13:52:49,837 - [34mHost: Yes[0m
2024-10-17 13:52:49,837 - [33m----------------------------------------[0m
2024-10-17 13:52:49,837 - [33mStep 11 of the game[0m
2024-10-17 13:52:51,581 - [32mGuesser (internal dialogue): The topic is a famous man-made landmark in North America. To narrow it down further, I want to find out if it is a specific type of structure, such as a building, bridge, or monument. This will help me focus my guesses more effectively. I have 9 steps left, so I can still ask a few more questions to refine my understanding of the topic.[0m
2024-10-17 13:52:51,581 - [32mGuesser: (topic proposal): None[0m
2024-10-17 13:52:51,581 - [32mGuesser: Is the topic a building?[0m
2024-10-17 13:52:53,188 - [34mHost (internal dialogue): A lighthouse is a specific type of structure that is built to serve a navigational purpose, but it is not typically classified as a building in the traditional sense (like a house or office). Therefore, the answer is 'No'.[0m
2024-10-17 13:52:53,189 - [34mHost: No[0m
2024-10-17 13:52:53,189 - [33m----------------------------------------[0m
2024-10-17 13:52:53,189 - [33mStep 12 of the game[0m
2024-10-17 13:52:55,468 - [32mGuesser (internal dialogue): The topic is a famous man-made landmark in North America, but it is not a building. This suggests it could be a bridge, monument, or some other type of structure. To narrow it down further, I want to find out if it is a bridge, as there are several iconic bridges in North America. I have 8 steps left, so I can still ask a few more questions to refine my understanding of the topic.[0m
2024-10-17 13:52:55,468 - [32mGuesser: (topic proposal): None[0m
2024-10-17 13:52:55,468 - [32mGuesser: Is the topic a bridge?[0m
2024-10-17 13:52:57,005 - [34mHost (internal dialogue): A lighthouse is not a bridge; it serves a different purpose related to navigation and is a distinct type of structure. Therefore, the answer is 'No'.[0m
2024-10-17 13:52:57,005 - [34mHost: No[0m
2024-10-17 13:52:57,005 - [33m----------------------------------------[0m
2024-10-17 13:52:57,005 - [33mStep 13 of the game[0m
2024-10-17 13:52:58,847 - [32mGuesser (internal dialogue): The topic is a famous man-made landmark in North America, but it is not a building or a bridge. This suggests it could be a monument or some other type of structure. To narrow it down further, I want to find out if it is a monument, as there are many well-known monuments in North America. I have 7 steps left, so I can still ask a few more questions to refine my understanding of the topic.[0m
2024-10-17 13:52:58,847 - [32mGuesser: (topic proposal): None[0m
2024-10-17 13:52:58,847 - [32mGuesser: Is the topic a monument?[0m
2024-10-17 13:53:00,426 - [34mHost (internal dialogue): A lighthouse can be considered a type of monument, especially if it is historically significant or well-known. Many lighthouses are recognized for their architectural beauty and cultural importance, which aligns with the definition of a monument. Therefore, the answer is 'Yes'.[0m
2024-10-17 13:53:00,426 - [34mHost: Yes[0m
2024-10-17 13:53:00,426 - [33m----------------------------------------[0m
2024-10-17 13:53:00,426 - [33mStep 14 of the game[0m
2024-10-17 13:53:02,233 - [32mGuesser (internal dialogue): Now that I know the topic is a famous man-made monument in North America, I want to narrow it down further by determining if it is a specific type of monument, such as a statue or a memorial. This will help me focus my guesses more effectively. I have 6 steps left, so I can still ask a few more questions to refine my understanding of the topic.[0m
2024-10-17 13:53:02,234 - [32mGuesser: (topic proposal): None[0m
2024-10-17 13:53:02,234 - [32mGuesser: Is the topic a statue?[0m
2024-10-17 13:53:03,725 - [34mHost (internal dialogue): A lighthouse is not a statue; it is a functional structure designed for navigation rather than a sculptural representation. Statues are typically artistic representations of people or objects, while lighthouses serve a practical purpose. Therefore, the answer is 'No'.[0m
2024-10-17 13:53:03,725 - [34mHost: No[0m
2024-10-17 13:53:03,725 - [33m----------------------------------------[0m
2024-10-17 13:53:03,725 - [33mStep 15 of the game[0m
2024-10-17 13:53:05,418 - [32mGuesser (internal dialogue): The topic is a famous man-made monument in North America, but it is not a statue. Since it could be a memorial or another type of monument, I want to find out if it is a memorial specifically dedicated to a person or event. This will help me narrow down the possibilities significantly. I have 5 steps left, so I need to be strategic with my questions.[0m
2024-10-17 13:53:05,418 - [32mGuesser: (topic proposal): None[0m
2024-10-17 13:53:05,419 - [32mGuesser: Is the topic a memorial dedicated to a specific person or event?[0m
2024-10-17 13:53:07,039 - [34mHost (internal dialogue): A lighthouse is not specifically a memorial dedicated to a person or event; it serves a functional purpose for navigation rather than commemorating someone or something. Therefore, the answer is 'No'.[0m
2024-10-17 13:53:07,039 - [34mHost: No[0m
2024-10-17 13:53:07,039 - [33m----------------------------------------[0m
2024-10-17 13:53:07,039 - [33mStep 16 of the game[0m
2024-10-17 13:53:08,994 - [32mGuesser (internal dialogue): The topic is a famous man-made monument in North America, but it is not a statue or a memorial dedicated to a specific person or event. This suggests it could be a landmark that is more abstract or symbolic in nature, such as a structure that represents a broader concept or is a part of a larger site. To narrow it down further, I want to find out if the monument is part of a national park or a historical site. This will help me focus my guesses more effectively. I have 4 steps left, so I need to be strategic with my questions.[0m
2024-10-17 13:53:08,994 - [32mGuesser: (topic proposal): None[0m
2024-10-17 13:53:08,994 - [32mGuesser: Is the topic part of a national park or a historical site?[0m
2024-10-17 13:53:10,813 - [34mHost (internal dialogue): Many lighthouses are located within or near national parks or historical sites, as they often have historical significance and are preserved for their cultural value. However, not all lighthouses are necessarily part of a national park or designated historical site. Therefore, the answer is 'Yes' because it is common for lighthouses to be associated with such areas.[0m
2024-10-17 13:53:10,813 - [34mHost: Yes[0m
2024-10-17 13:53:10,814 - [33m----------------------------------------[0m
2024-10-17 13:53:10,814 - [33mStep 17 of the game[0m
2024-10-17 13:53:12,999 - [32mGuesser (internal dialogue): The topic is a famous man-made monument in North America that is part of a national park or historical site. Since it is not a statue or a memorial, it could be something like a large structure or a significant landmark. To narrow it down further, I want to find out if it is a specific type of monument that is widely recognized, such as a famous rock formation or a structure like a tower or an arch. I have 3 steps left, so I need to be strategic with my questions to get closer to the answer.[0m
2024-10-17 13:53:13,000 - [32mGuesser: (topic proposal): None[0m
2024-10-17 13:53:13,000 - [32mGuesser: Is the topic a large rock formation or a significant structure like an arch or tower?[0m
2024-10-17 13:53:14,718 - [34mHost (internal dialogue): A lighthouse is a significant structure designed for navigation, but it is not a rock formation or an arch. It is a man-made tower that serves a specific purpose, which distinguishes it from natural formations. Therefore, the answer is 'No'.[0m
2024-10-17 13:53:14,718 - [34mHost: No[0m
2024-10-17 13:53:14,719 - [33m----------------------------------------[0m
2024-10-17 13:53:14,719 - [33mStep 18 of the game[0m
2024-10-17 13:53:16,625 - [32mGuesser (internal dialogue): The topic is a famous man-made monument in North America that is part of a national park or historical site, but it is not a statue, memorial, or large rock formation. This suggests it could be something like a historical building or a unique structure that is not a typical monument. To narrow it down further, I want to find out if it is a historical building or structure that has significant cultural or historical importance. I have 3 steps left, so I need to be strategic with my questions to get closer to the answer.[0m
2024-10-17 13:53:16,625 - [32mGuesser: (topic proposal): None[0m
2024-10-17 13:53:16,625 - [32mGuesser: Is the topic a historical building or structure that has significant cultural or historical importance?[0m
2024-10-17 13:53:18,240 - [34mHost (internal dialogue): A lighthouse is often considered a historical structure with significant cultural and historical importance, especially those that have been in operation for many years and are recognized for their architectural style and role in maritime navigation. Therefore, the answer is 'Yes'.[0m
2024-10-17 13:53:18,240 - [34mHost: Yes[0m
2024-10-17 13:53:18,240 - [33m----------------------------------------[0m
2024-10-17 13:53:18,240 - [33mStep 19 of the game[0m
2024-10-17 13:53:20,405 - [32mGuesser (internal dialogue): The topic is a famous man-made monument in North America that is part of a national park or historical site and is a historical building or structure with significant cultural or historical importance. Given that I have only one step left, I need to make a guess based on the information I have gathered. A well-known historical building in North America that fits this description is the Statue of Liberty, which is a significant cultural landmark. However, since it is not a statue, I will consider other famous historical buildings. I will ask if the topic is the White House, as it is a prominent historical building in the U.S. and has significant cultural importance. This will help me confirm if I am on the right track or if I need to think of another landmark.[0m
2024-10-17 13:53:20,405 - [32mGuesser: (topic proposal): The White House[0m
2024-10-17 13:53:22,582 - [34mHost (internal dialogue on topic proposal): The Guesser proposed 'The White House', which is a specific building and not the topic of 'Lighthouse'. Therefore, the guess is incorrect.[0m
2024-10-17 13:53:22,582 - [32mGuesser: Is the topic the White House?[0m
2024-10-17 13:53:24,236 - [34mHost (internal dialogue): The White House is a specific building that serves as the residence and workplace of the President of the United States, while the topic is a lighthouse, which is a different type of structure. Therefore, the answer is 'No'.[0m
2024-10-17 13:53:24,236 - [34mHost: No[0m
2024-10-17 13:53:24,236 - [33mThe Guesser has not guessed the topic in 20 steps. The Guesser loses![0m
