2025-03-14 16:28:33,868 - [33mLet's play the game of 20 questions![0m
2025-03-14 16:28:38,224 - [34mHost (internal dialogue): Generated topic: Sushi from category: Food/Dish. Reasoning: Since the unique seed suggests something refined and popular globally, I chose 'Sushi' as it is a well-known dish with cultural significance and diverse ingredients, fitting well for a guessing game.[0m
2025-03-14 16:28:38,225 - [33m----------------------------------------[0m
2025-03-14 16:28:38,225 - [33mStep 0 of the game[0m
2025-03-14 16:28:41,404 - [32mGuesser (internal dialogue): Since we're on round 0/20, I have no information about the topic yet. I'll start by asking a broad question to narrow down possibilities. There are many directions to go, but knowing if it's related to a person, place, or an event can help significantly.[0m
2025-03-14 16:28:41,405 - [32mGuesser: Is the topic related to a specific event?[0m
2025-03-14 16:28:44,965 - [34mHost (internal dialogue): The question asks if the topic is related to a specific event. Sushi is not inherently linked to any specific event; it is a type of food. Therefore, the question does not align directly with the topic of sushi.[0m
2025-03-14 16:28:44,965 - [34mHost: No[0m
2025-03-14 16:28:44,965 - [33m----------------------------------------[0m
2025-03-14 16:28:44,965 - [33mStep 1 of the game[0m
2025-03-14 16:28:48,769 - [32mGuesser (internal dialogue): Since the topic is not related to a specific event, I need to narrow down whether it's related to a person, place, or concept. Understanding if it's related to a specific person could help me focus my questions further.[0m
2025-03-14 16:28:48,769 - [32mGuesser: Is the topic related to a specific person?[0m
2025-03-14 16:28:52,037 - [34mHost (internal dialogue): The topic 'Sushi' is related to a type of food, not a specific person. In the game of 20 questions, the goal is to determine if the questions align closely with the topic. Since sushi is not directly associated with a specific person, the answer is 'No.'[0m
2025-03-14 16:28:52,037 - [34mHost: No[0m
2025-03-14 16:28:52,037 - [33m----------------------------------------[0m
2025-03-14 16:28:52,038 - [33mStep 2 of the game[0m
2025-03-14 16:29:00,224 - [32mGuesser (internal dialogue): So far, I know the topic is not related to a specific event or person. This suggests it might be a place, concept, or object. I should explore whether it's a place, so I can eliminate that category and focus on concepts or things if needed. I still have many rounds left, so I can narrow down systematically.[0m
2025-03-14 16:29:00,224 - [32mGuesser: Is the topic related to a specific place?[0m
2025-03-14 16:29:03,087 - [34mHost (internal dialogue): Sushi is closely associated with Japan, which is a specific place. Even though sushi can be found worldwide, its origins and cultural significance are rooted in Japan.[0m
2025-03-14 16:29:03,087 - [34mHost: Yes[0m
2025-03-14 16:29:03,087 - [33m----------------------------------------[0m
2025-03-14 16:29:03,087 - [33mStep 3 of the game[0m
2025-03-14 16:29:08,287 - [32mGuesser (internal dialogue): The topic is related to a specific place but not to a specific event or person. This means it could be a geographical location or a significant landmark. I should try to determine whether it's a country to narrow it down further.[0m
2025-03-14 16:29:08,287 - [32mGuesser: Is the topic a country?[0m
2025-03-14 16:29:11,599 - [34mHost (internal dialogue): Sushi is a type of Japanese cuisine, not a country. The question about whether the topic is a country does not align with the topic of sushi, which is related to food and culture rather than geography.[0m
2025-03-14 16:29:11,601 - [34mHost: No[0m
2025-03-14 16:29:11,601 - [33m----------------------------------------[0m
2025-03-14 16:29:11,601 - [33mStep 4 of the game[0m
2025-03-14 16:29:15,166 - [32mGuesser (internal dialogue): The topic is related to a specific place, but it is not a country. It could be a city, a landmark, or another type of location. By asking if it is a city, I can further narrow down the possibilities.[0m
2025-03-14 16:29:15,166 - [32mGuesser: Is the topic a city?[0m
2025-03-14 16:29:18,957 - [34mHost (internal dialogue): The question asks if the topic is a city, while the actual topic is Sushi, which is a type of food. The question does not align directly with the topic as it focuses on a geographic location rather than a culinary subject.[0m
2025-03-14 16:29:18,957 - [34mHost: No[0m
2025-03-14 16:29:18,957 - [33m----------------------------------------[0m
2025-03-14 16:29:18,957 - [33mStep 5 of the game[0m
2025-03-14 16:29:22,335 - [32mGuesser (internal dialogue): The topic is related to a specific place but not a country or city. This suggests it might be a landmark or geographical feature. Narrowing down to whether it’s a natural or man-made place could help.[0m
2025-03-14 16:29:22,336 - [32mGuesser: Is the topic a natural landmark?[0m
2025-03-14 16:29:26,195 - [34mHost (internal dialogue): The question asks if the topic is a natural landmark. The topic is sushi, which is not related to natural landmarks at all. Therefore, the answer is no, as it does not align with the topic of sushi, which is a type of food.[0m
2025-03-14 16:29:26,195 - [34mHost: No[0m
2025-03-14 16:29:26,195 - [33m----------------------------------------[0m
2025-03-14 16:29:26,195 - [33mStep 6 of the game[0m
2025-03-14 16:29:30,090 - [32mGuesser (internal dialogue): The topic is a specific place that is not an event, person, country, city, or natural landmark. This points to a man-made structure or landmark. Exploring whether it's a famous monument or building could help.[0m
2025-03-14 16:29:30,090 - [32mGuesser: Is the topic a famous monument or building?[0m
2025-03-14 16:29:33,982 - [34mHost (internal dialogue): The question focuses on whether the topic is a famous monument or building, which does not relate to sushi, a type of Japanese cuisine, known for its distinct ingredients and preparation methods. Sushi is not a monument or building, so the question does not align with the topic.[0m
2025-03-14 16:29:33,983 - [34mHost: No[0m
2025-03-14 16:29:33,983 - [33m----------------------------------------[0m
2025-03-14 16:29:33,983 - [33mStep 7 of the game[0m
2025-03-14 16:29:38,309 - [32mGuesser (internal dialogue): So far, I know the topic is not related to a specific event, person, country, city, natural landmark, or monument/building. Since it's a specific place, it might be something like a park or a specialized location. I should consider asking about whether it's a type of institution or venue to narrow it down further.[0m
2025-03-14 16:29:38,310 - [32mGuesser: Is the topic a type of institution or venue?[0m
2025-03-14 16:29:41,732 - [34mHost (internal dialogue): The topic is 'Sushi,' which is a type of food, not an institution or venue. Therefore, the question doesn't strictly relate to the topic of Sushi.[0m
2025-03-14 16:29:41,732 - [34mHost: No[0m
2025-03-14 16:29:41,732 - [33m----------------------------------------[0m
2025-03-14 16:29:41,732 - [33mStep 8 of the game[0m
2025-03-14 16:29:45,654 - [32mGuesser (internal dialogue): The topic is related to a specific place but is not an event, person, country, city, natural landmark, monument, building, or institution/venue. This suggests it might be a specific type of man-made location or infrastructure. Focusing on whether it's a type of infrastructure could be helpful.[0m
2025-03-14 16:29:45,654 - [32mGuesser: Is the topic a type of infrastructure?[0m
2025-03-14 16:29:54,046 - [34mHost (internal dialogue): Sushi is a type of food, not infrastructure. Therefore, the question does not align with the topic, which is sushi.[0m
2025-03-14 16:29:54,046 - [34mHost: No[0m
2025-03-14 16:29:54,047 - [33m----------------------------------------[0m
2025-03-14 16:29:54,047 - [33mStep 9 of the game[0m
2025-03-14 16:29:58,848 - [32mGuesser (internal dialogue): From the information gathered, I know that the topic is a specific place, but it is not a person, event, country, city, natural landmark, monument/building, institution/venue, or infrastructure. This suggests it might be another kind of specific location with unique characteristics. It might be a type of geographic feature or region not covered so far. Focusing on something like a specific park, forest, or resort might be key.[0m
2025-03-14 16:29:58,848 - [32mGuesser: Is the topic a specific type of park or resort?[0m
2025-03-14 16:30:02,304 - [34mHost (internal dialogue): The question asks about a type of park or resort, which does not relate to the topic of sushi. Sushi is a type of food, specifically a Japanese dish, involving vinegared rice, raw fish, and other ingredients. There is no direct correlation between sushi and any type of park or resort.[0m
2025-03-14 16:30:02,304 - [34mHost: No[0m
2025-03-14 16:30:02,304 - [33m----------------------------------------[0m
2025-03-14 16:30:02,304 - [33mStep 10 of the game[0m
2025-03-14 16:30:11,154 - [32mGuesser (internal dialogue): The topic is a specific place, but it is not an event, person, country, city, natural landmark, monument, building, institution, infrastructure, park, or resort. This narrows it down to possibly a cultural, historical site, or another unique category of place. Since traditional categories are exhausted, something like a neighborhood, district, or themed area could be next.[0m
2025-03-14 16:30:11,154 - [32mGuesser: Is the topic a specific district or neighborhood?[0m
2025-03-14 16:30:28,948 - [34mHost (internal dialogue): The question asks if the topic is a specific district or neighborhood, while the given topic is 'Sushi.' 'Sushi' is a type of cuisine, not a geographic location. Therefore, the question is not related to the topic.[0m
2025-03-14 16:30:28,950 - [34mHost: No[0m
2025-03-14 16:30:28,950 - [33m----------------------------------------[0m
2025-03-14 16:30:28,950 - [33mStep 11 of the game[0m
2025-03-14 16:30:33,329 - [32mGuesser (internal dialogue): The topic is a specific place that is not a country, city, natural landmark, monument, building, institution, infrastructure, park, resort, or neighborhood. I'm running out of traditional geographic categories. It's possible the topic could be a type of venue for specific activities or events, such as a theater, gallery, or sports venue, since other categories were ruled out.[0m
2025-03-14 16:30:33,330 - [32mGuesser: Is the topic a specific type of venue for entertainment or sports?[0m
2025-03-14 16:30:37,037 - [34mHost (internal dialogue): The topic is sushi, which is a type of Japanese cuisine, not a venue for entertainment or sports. Therefore, the question does not align with the topic.[0m
2025-03-14 16:30:37,037 - [34mHost: No[0m
2025-03-14 16:30:37,037 - [33m----------------------------------------[0m
2025-03-14 16:30:37,037 - [33mStep 12 of the game[0m
2025-03-14 16:30:44,662 - [32mGuesser (internal dialogue): The topic is a specific place but not related to an event, person, country, city, natural landmark, monument, institution, infrastructure, park, or entertainment venue. This suggests it might be a niche or unique category of place. I'm considering special zones or areas like shopping districts or industrial zones.[0m
2025-03-14 16:30:44,662 - [32mGuesser: Is the topic a specific type of shopping district or market?[0m
2025-03-14 16:30:47,876 - [34mHost (internal dialogue): The question is about a shopping district or market, which is not directly related to sushi, a type of Japanese cuisine.[0m
2025-03-14 16:30:47,876 - [34mHost: No[0m
2025-03-14 16:30:47,877 - [33m----------------------------------------[0m
2025-03-14 16:30:47,877 - [33mStep 13 of the game[0m
2025-03-14 16:30:52,837 - [32mGuesser (internal dialogue): I've established that the topic is a specific place, but it's not an event, person, country, city, natural landmark, building, monument, institution, infrastructure, park, resort, neighborhood, venue, or shopping district. This leaves limited options, suggesting it might be a unique or specialized area, possibly related to recreation or special activities.[0m
2025-03-14 16:30:52,837 - [32mGuesser: Is the topic a specific type of recreational area?[0m
2025-03-14 16:30:57,200 - [34mHost (internal dialogue): The question is asking if the topic is a specific type of recreational area, while the topic provided is sushi, which is not related to recreational areas. Sushi refers to a Japanese dish and does not align with the concept of a recreational area.[0m
2025-03-14 16:30:57,200 - [34mHost: No[0m
2025-03-14 16:30:57,200 - [33m----------------------------------------[0m
2025-03-14 16:30:57,200 - [33mStep 14 of the game[0m
2025-03-14 16:31:02,381 - [32mGuesser (internal dialogue): So far, the topic is a specific place that isn't a country, city, natural landmark, monument, building, institution, infrastructure, park, resort, neighborhood, venue, shopping district, or recreational area. This leaves niche categories. Maybe it involves a historical or unique cultural site. I'll take a different angle to explore this possibility.[0m
2025-03-14 16:31:02,382 - [32mGuesser: Is the topic a historical or cultural site?[0m
2025-03-14 16:31:07,074 - [34mHost (internal dialogue): The question asks if the topic is a historical or cultural site, which is unrelated to sushi. Sushi is a type of food, not a location or site. Therefore, the question does not align with the topic of sushi.[0m
2025-03-14 16:31:07,074 - [34mHost: No[0m
2025-03-14 16:31:07,074 - [33m----------------------------------------[0m
2025-03-14 16:31:07,074 - [33mStep 15 of the game[0m
2025-03-14 16:31:12,586 - [32mGuesser (internal dialogue): The topic is a specific place but has been narrowed down to not being an event, person, country, city, natural landmark, monument, building, institution, infrastructure, park, resort, neighborhood, venue, shopping district, recreational area, or historical/cultural site. Given these exclusions, it might be an unusual or specialized place.[0m
2025-03-14 16:31:12,587 - [32mGuesser: Is the topic a transportation hub, like a station or airport?[0m
2025-03-14 16:31:20,047 - [34mHost (internal dialogue): The question is asking about a transportation hub, which is unrelated to sushi. Sushi is a type of food, not a location or a transportation facility.[0m
2025-03-14 16:31:20,047 - [34mHost: No[0m
2025-03-14 16:31:20,048 - [33m----------------------------------------[0m
2025-03-14 16:31:20,048 - [33mStep 16 of the game[0m
2025-03-14 16:31:24,864 - [32mGuesser (internal dialogue): The topic is a specific place but not related to events, people, countries, cities, landmarks, monuments, venues, or transportation hubs. This leaves very niche categories. It might be something specific like a religious site or a specialized facility.[0m
2025-03-14 16:31:24,865 - [32mGuesser: Is the topic a religious site or place of worship?[0m
2025-03-14 16:31:28,702 - [34mHost (internal dialogue): The topic is sushi, which is a type of food and not related to religious sites or places of worship. The question does not align with the topic.[0m
2025-03-14 16:31:28,702 - [34mHost: No[0m
2025-03-14 16:31:28,702 - [33m----------------------------------------[0m
2025-03-14 16:31:28,702 - [33mStep 17 of the game[0m
2025-03-14 16:31:34,639 - [32mGuesser (internal dialogue): I've ruled out several categories for this place: it's not an event, person, country, city, natural landmark, monument, building, institution, infrastructure, park, resort, neighborhood, venue, shopping district, recreational area, historical site, transportation hub, or religious site. With only a few rounds left, thinking about specialized, unique places is key. Keeping an open mind for creative angles could be crucial.[0m
2025-03-14 16:31:34,640 - [32mGuesser: Is the topic a famous fictional place?[0m
2025-03-14 16:31:38,749 - [34mHost (internal dialogue): The question asks if the topic is a 'famous fictional place,' while the topic provided is 'Sushi,' which is a type of food, not a place. Thus, the question does not align with the topic.[0m
2025-03-14 16:31:38,750 - [34mHost: No[0m
2025-03-14 16:31:38,750 - [33m----------------------------------------[0m
2025-03-14 16:31:38,750 - [33mStep 18 of the game[0m
2025-03-14 16:31:50,798 - [32mGuesser (internal dialogue): The topic is a specific place but not a country, city, natural landmark, building, monument, institution, park, or venue. It's none of the traditional categories, including fictional or religious sites. Since it's a specific place, and we've ruled out comprehensive categories, I'm considering if it's a specific type of themed attraction.[0m
2025-03-14 16:31:50,798 - [32mGuesser: Is the topic a specific type of amusement or theme park?[0m
2025-03-14 16:31:55,047 - [34mHost (internal dialogue): The question is asking if the topic is a type of amusement or theme park, which is not related to sushi. Sushi is a type of food, specifically a Japanese dish, and has no direct connection to amusement or theme parks.[0m
2025-03-14 16:31:55,047 - [34mHost: No[0m
2025-03-14 16:31:55,047 - [33m----------------------------------------[0m
2025-03-14 16:31:55,047 - [33mStep 19 of the game[0m
2025-03-14 16:32:00,298 - [32mGuesser (internal dialogue): I've narrowed it down that the topic is a specific place, but it's not any traditional or well-known category. With just one more guess left, I'll think about unusual or distinct places. Perhaps something known for a unique feature or activity that doesn't fit into other categories.[0m
2025-03-14 16:32:00,299 - [32mGuesser: Is the topic a specific type of natural phenomena location, like a volcano or a geyser field?[0m
2025-03-14 16:32:04,330 - [34mHost (internal dialogue): The question is asking about a location related to natural phenomena, such as a volcano or geyser field. However, the topic is sushi, which is a type of food and not related to any specific natural phenomenon or location.[0m
2025-03-14 16:32:04,330 - [34mHost: No[0m
2025-03-14 16:32:04,330 - [33mThe Guesser has not guessed the topic in 20 steps. The Guesser loses![0m
