2025-03-18 09:00:13,853 - [33mLet's play the game of 20 questions![0m
2025-03-18 09:00:13,853 - [33m----------------------------------------[0m
2025-03-18 09:00:13,853 - [33mStep 0 of the game[0m
2025-03-18 09:00:18,331 - [32mGuesser (internal dialogue): I need to start with a broad question to effectively narrow down the possibilities. Asking if the topic is a living organism will help determine if I'm looking at an animal, plant, or something inanimate, which significantly narrows down the options. This is a logical first step in identifying the topic.[0m
2025-03-18 09:00:18,332 - [32mGuesser: Is the topic a living organism?[0m
2025-03-18 09:00:21,034 - [34mHost (internal dialogue): The question asks if the topic 'Tesla Model S' is a living organism, which it is not. The Tesla Model S is an electric car, not a biological entity. Thus, the answer aligns with the topic by accurately identifying that a car cannot be classified as a living being.[0m
2025-03-18 09:00:21,035 - [34mHost: No[0m
2025-03-18 09:00:21,035 - [33m----------------------------------------[0m
2025-03-18 09:00:21,035 - [33mStep 1 of the game[0m
2025-03-18 09:00:28,146 - [32mGuesser (internal dialogue): Since the topic is not a living organism, I need to consider inanimate objects. A good follow-up question would be to determine if the topic is a man-made object or a natural substance. This will help me categorize the topic more specifically.[0m
2025-03-18 09:00:28,146 - [32mGuesser: Is the topic a man-made object?[0m
2025-03-18 09:00:31,223 - [34mHost (internal dialogue): The question asks if the topic 'Tesla Model S' is a man-made object. The Tesla Model S is indeed a manufactured electric vehicle created by humans, which aligns perfectly with the topic. Therefore, the answer is straightforward as it affirms the nature of the Tesla Model S as a product of human innovation.[0m
2025-03-18 09:00:31,223 - [34mHost: Yes[0m
2025-03-18 09:00:31,223 - [33m----------------------------------------[0m
2025-03-18 09:00:31,223 - [33mStep 2 of the game[0m
2025-03-18 09:00:35,322 - [32mGuesser (internal dialogue): Now that I know the topic is a man-made object, I should further categorize it. A logical next step is to determine if the object is related to technology, which encompasses electronics, machinery, and other technical innovations. This will help narrow down the type of man-made object in consideration.[0m
2025-03-18 09:00:35,323 - [32mGuesser: Is the topic related to technology?[0m
2025-03-18 09:00:37,929 - [34mHost (internal dialogue): The question asks if the topic 'Tesla Model S' is related to technology. The Tesla Model S is a cutting-edge electric vehicle that incorporates various advanced technologies such as electric propulsion, autonomous driving features, and smart software systems. Thus, it is directly related to technology.[0m
2025-03-18 09:00:37,930 - [34mHost: Yes[0m
2025-03-18 09:00:37,930 - [33m----------------------------------------[0m
2025-03-18 09:00:37,930 - [33mStep 3 of the game[0m
2025-03-18 09:00:45,391 - [32mGuesser (internal dialogue): Since the topic is a man-made object related to technology, I can further refine my guess by determining if it is an electronic device. This distinction will help narrow down the possibilities even more, potentially leading to a specific category of technology, such as computers, phones, or appliances.[0m
2025-03-18 09:00:45,391 - [32mGuesser: Is the topic an electronic device?[0m
2025-03-18 09:00:47,905 - [34mHost (internal dialogue): The question asks if the topic 'Tesla Model S' is an electronic device. While the Tesla Model S does contain numerous electronic components and systems, it is primarily classified as an automobile rather than a standalone electronic device. Therefore, while it incorporates electronics, the broader classification is not fitting.[0m
2025-03-18 09:00:47,906 - [34mHost: No[0m
2025-03-18 09:00:47,906 - [33m----------------------------------------[0m
2025-03-18 09:00:47,906 - [33mStep 4 of the game[0m
2025-03-18 09:00:55,524 - [32mGuesser (internal dialogue): Since the topic is a man-made object related to technology but is not an electronic device, I should consider other categories of technology, such as tools or machinery. I will ask if it's a tool, which could encompass a wide range of non-electronic but technological items.[0m
2025-03-18 09:00:55,525 - [32mGuesser: Is the topic a tool?[0m
2025-03-18 09:00:57,898 - [34mHost (internal dialogue): The question asks if the topic 'Tesla Model S' is a tool. The Tesla Model S is an electric vehicle designed for transportation rather than a device typically classified as a tool, which generally refers to instruments used for specific mechanical tasks. Therefore, it does not fit the definition of a tool.[0m
2025-03-18 09:00:57,899 - [34mHost: No[0m
2025-03-18 09:00:57,899 - [33m----------------------------------------[0m
2025-03-18 09:00:57,899 - [33mStep 5 of the game[0m
2025-03-18 09:01:05,626 - [32mGuesser (internal dialogue): Now that I know the topic is a man-made object related to technology, is not an electronic device, and is not a tool, I should inquire about other categories within technology. A good next question is whether it is a type of machinery, which could include devices used for manufacturing, construction, or other industrial purposes.[0m
2025-03-18 09:01:05,626 - [32mGuesser: Is the topic a type of machinery?[0m
2025-03-18 09:01:13,224 - [34mHost (internal dialogue): The question asks if the topic 'Tesla Model S' is a type of machinery. The Tesla Model S is indeed a type of machinery, specifically an electric vehicle that operates through mechanical and electronic systems. It functions as a machine designed for transportation, hence fitting this classification.[0m
2025-03-18 09:01:13,224 - [34mHost: Yes[0m
2025-03-18 09:01:13,224 - [33m----------------------------------------[0m
2025-03-18 09:01:13,224 - [33mStep 6 of the game[0m
2025-03-18 09:01:21,149 - [32mGuesser (internal dialogue): Since the topic is confirmed to be a type of machinery, I can further narrow it down by distinguishing between categories of machinery. A useful next step is to ask if it is used in construction, which is a significant branch of machinery and could help identify the specific type.[0m
2025-03-18 09:01:21,150 - [32mGuesser: Is the topic used in construction?[0m
2025-03-18 09:01:24,113 - [34mHost (internal dialogue): The question asks if the topic 'Tesla Model S' is used in construction. The Tesla Model S is an electric vehicle intended primarily for personal transportation and not for construction purposes. There are specific vehicles and machines designed for construction, so the Tesla Model S does not fit this use case.[0m
2025-03-18 09:01:24,113 - [34mHost: No[0m
2025-03-18 09:01:24,113 - [33m----------------------------------------[0m
2025-03-18 09:01:24,113 - [33mStep 7 of the game[0m
2025-03-18 09:01:29,107 - [32mGuesser (internal dialogue): Since the topic is a type of machinery but is not used in construction, I should consider other applications of machinery. A logical next question is whether it is used in manufacturing, as this is another significant area where machinery is commonly utilized.[0m
2025-03-18 09:01:29,107 - [32mGuesser: Is the topic used in manufacturing?[0m
2025-03-18 09:01:31,505 - [34mHost (internal dialogue): The question asks if the topic 'Tesla Model S' is used in manufacturing. While the Tesla Model S is a product of manufacturing, it is not used as a tool or machine in the manufacturing process itself. Instead, it is an end product designed for consumers, thus it does not fit the criteria of being used in manufacturing.[0m
2025-03-18 09:01:31,506 - [34mHost: No[0m
2025-03-18 09:01:31,506 - [33m----------------------------------------[0m
2025-03-18 09:01:31,506 - [33mStep 8 of the game[0m
2025-03-18 09:01:35,035 - [32mGuesser (internal dialogue): Since the topic is a type of machinery but is not used in construction or manufacturing, I should explore other areas where machinery is utilized. A suitable next question would be to ask if it is used in agriculture, which is another major sector that employs various types of machinery.[0m
2025-03-18 09:01:35,036 - [32mGuesser: Is the topic used in agriculture?[0m
2025-03-18 09:01:38,133 - [34mHost (internal dialogue): The question asks if the topic 'Tesla Model S' is used in agriculture. The Tesla Model S is primarily designed for transportation rather than agricultural purposes. While electric vehicles may have applications in farming, the Tesla Model S does not specifically serve this function and is not designed for use in agriculture.[0m
2025-03-18 09:01:38,133 - [34mHost: No[0m
2025-03-18 09:01:38,133 - [33m----------------------------------------[0m
2025-03-18 09:01:38,133 - [33mStep 9 of the game[0m
2025-03-18 09:01:42,312 - [32mGuesser (internal dialogue): With the topic being a type of machinery that is not used in construction, manufacturing, or agriculture, I need to explore other sectors where machinery might be relevant. One significant category is transportation. I will ask if the machinery is used in transportation, which could help clarify the topic further.[0m
2025-03-18 09:01:42,312 - [32mGuesser: Is the topic used in transportation?[0m
2025-03-18 09:01:44,797 - [34mHost (internal dialogue): The question asks if the topic 'Tesla Model S' is used in transportation. The Tesla Model S is specifically designed as an electric vehicle for personal transportation, which directly aligns with the concept of transportation. Therefore, the answer is affirmative as it is indeed used for this purpose.[0m
2025-03-18 09:01:44,797 - [34mHost: Yes[0m
2025-03-18 09:01:44,797 - [33m----------------------------------------[0m
2025-03-18 09:01:44,797 - [33mStep 10 of the game[0m
2025-03-18 09:01:52,929 - [32mGuesser (internal dialogue): Now that I've established that the topic is machinery used in transportation, I need to narrow down the specific type of machinery. A key distinction in transportation machinery is whether it is for land transport, such as vehicles, or for other modes like air or water. I'll ask if the machinery is primarily used for land transportation.[0m
2025-03-18 09:01:52,930 - [32mGuesser: Is the topic primarily used for land transportation?[0m
2025-03-18 09:01:55,651 - [34mHost (internal dialogue): The question asks if the topic 'Tesla Model S' is primarily used for land transportation. The Tesla Model S is explicitly designed as an electric car for driving on roads, making it a vehicle used for land transportation. Thus, the answer is positive as it fulfills this function directly.[0m
2025-03-18 09:01:55,651 - [34mHost: Yes[0m
2025-03-18 09:01:55,651 - [33m----------------------------------------[0m
2025-03-18 09:01:55,651 - [33mStep 11 of the game[0m
2025-03-18 09:02:04,245 - [32mGuesser (internal dialogue): Since the topic is machinery used for land transportation, I can further refine my guess by distinguishing between personal and commercial vehicles. A logical next question is whether the machinery is used for commercial purposes, such as trucks, buses, or other transport vehicles meant for business use.[0m
2025-03-18 09:02:04,246 - [32mGuesser: Is the topic used for commercial purposes in transportation?[0m
2025-03-18 09:02:07,121 - [34mHost (internal dialogue): The question asks if the topic 'Tesla Model S' is used for commercial purposes in transportation. While the Tesla Model S is a personal electric vehicle primarily marketed for individual use, it is not designed specifically for commercial transportation such as taxis, delivery services, or freight transport, which typically involve other types of vehicles. Therefore, the answer is negative.[0m
2025-03-18 09:02:07,121 - [34mHost: No[0m
2025-03-18 09:02:07,121 - [33m----------------------------------------[0m
2025-03-18 09:02:07,121 - [33mStep 12 of the game[0m
2025-03-18 09:02:13,994 - [32mGuesser (internal dialogue): Since the topic is machinery used for land transportation and is not for commercial purposes, it likely pertains to personal use. A good next question is to ask if the machinery is a type of vehicle, like a car, motorcycle, or bicycle, which would narrow it down effectively.[0m
2025-03-18 09:02:13,994 - [32mGuesser: Is the topic a type of vehicle?[0m
2025-03-18 09:02:16,521 - [34mHost (internal dialogue): The question asks if the topic 'Tesla Model S' is a type of vehicle. The Tesla Model S is indeed a type of vehicle, specifically an electric car designed for personal transportation. This categorization aligns perfectly with the topic; hence, the answer is affirmative.[0m
2025-03-18 09:02:16,522 - [34mHost: Yes[0m
2025-03-18 09:02:16,522 - [33m----------------------------------------[0m
2025-03-18 09:02:16,522 - [33mStep 13 of the game[0m
2025-03-18 09:02:26,150 - [32mGuesser (internal dialogue): Knowing that the topic is a type of vehicle used for personal transportation narrows it down considerably. To differentiate further, I should inquire about the specific kind of vehicle. A logical next step is to ask if the vehicle is primarily powered by an internal combustion engine, which would help distinguish between cars, motorcycles, and possibly electric alternatives.[0m
2025-03-18 09:02:26,151 - [32mGuesser: Is the topic primarily powered by an internal combustion engine?[0m
2025-03-18 09:02:29,486 - [34mHost (internal dialogue): The question asks if the topic 'Tesla Model S' is primarily powered by an internal combustion engine. The Tesla Model S is an electric vehicle powered by electricity stored in batteries, not by an internal combustion engine, which is typically found in gasoline or diesel vehicles. Therefore, the answer is negative as it does not fit this description.[0m
2025-03-18 09:02:29,486 - [34mHost: No[0m
2025-03-18 09:02:29,486 - [33m----------------------------------------[0m
2025-03-18 09:02:29,487 - [33mStep 14 of the game[0m
2025-03-18 09:02:36,978 - [32mGuesser (internal dialogue): Since the topic is a personal vehicle that is not powered by an internal combustion engine, it likely pertains to electric vehicles or possibly bicycles. A good next question is to ask if it is an electric vehicle, which would help clarify if it's a type of car or e-bike.[0m
2025-03-18 09:02:36,979 - [32mGuesser: Is the topic an electric vehicle?[0m
2025-03-18 09:02:42,103 - [34mHost (internal dialogue): The question asks if the topic 'Tesla Model S' is an electric vehicle. The Tesla Model S is specifically designed as an electric vehicle that runs entirely on electricity, utilizing a battery pack for its power. This categorization aligns perfectly with the topic, confirming that it is indeed an electric vehicle.[0m
2025-03-18 09:02:42,103 - [34mHost: Yes[0m
2025-03-18 09:02:42,103 - [33m----------------------------------------[0m
2025-03-18 09:02:42,103 - [33mStep 15 of the game[0m
2025-03-18 09:02:49,709 - [32mGuesser (internal dialogue): Now that I've established the topic is an electric vehicle, I can further refine my guess by determining if it is a type of electric car or a different kind of electric vehicle like a scooter or bicycle. A logical next question is to ask if the topic is a type of electric car, which is a common category.[0m
2025-03-18 09:02:49,709 - [32mGuesser: Is the topic a type of electric car?[0m
2025-03-18 09:02:52,689 - [34mHost (internal dialogue): The question asks if the topic 'Tesla Model S' is a type of electric car. The Tesla Model S is classified as an electric car, as it operates solely on electricity and is specifically designed for electric vehicle technology. This directly aligns with the topic, leading to an affirmative answer.[0m
2025-03-18 09:02:52,689 - [34mHost: Yes[0m
2025-03-18 09:02:52,689 - [33m----------------------------------------[0m
2025-03-18 09:02:52,689 - [33mStep 16 of the game[0m
2025-03-18 09:02:57,997 - [32mGuesser (internal dialogue): Since the topic is a type of electric car, I can further classify it by asking whether it is a specific brand or model known for being popular or well-recognized in the market. A good next question would be to inquire if it is from a well-known manufacturer like Tesla, which is synonymous with electric cars.[0m
2025-03-18 09:02:57,997 - [32mGuesser: Is the topic a Tesla electric car?[0m
2025-03-18 09:03:03,466 - [34mHost (internal dialogue): The question asks if the topic 'Tesla Model S' is a Tesla electric car. The Tesla Model S is indeed a model manufactured by Tesla, specifically designed as an electric vehicle. This question directly matches the topic, confirming that it is a Tesla electric car.[0m
2025-03-18 09:03:03,466 - [34mHost: Yes[0m
2025-03-18 09:03:03,467 - [33m----------------------------------------[0m
2025-03-18 09:03:03,467 - [33mStep 17 of the game[0m
2025-03-18 09:03:10,825 - [32mGuesser (internal dialogue): Now that I know the topic is a Tesla electric car, I can further specify by asking about the particular model. Tesla has several models, such as the Model S, Model 3, Model X, and Model Y. A logical next question is to ask if the topic is the most common model, which is the Model 3.[0m
2025-03-18 09:03:10,826 - [32mGuesser: Is the topic a Tesla Model 3?[0m
2025-03-18 09:03:13,886 - [34mHost (internal dialogue): The question asks if the topic 'Tesla Model S' is a Tesla Model 3. The Tesla Model S and the Tesla Model 3 are two distinct models produced by Tesla; thus, the Model S is not the same as the Model 3. Therefore, the answer is negative as they are different vehicles.[0m
2025-03-18 09:03:13,887 - [34mHost: No[0m
2025-03-18 09:03:13,887 - [33m----------------------------------------[0m
2025-03-18 09:03:13,887 - [33mStep 18 of the game[0m
2025-03-18 09:03:20,624 - [32mGuesser (internal dialogue): Since the topic is a Tesla electric car but is not the Model 3, I should ask about the next most popular models. I will inquire if it's the Model S, which is a well-known sedan and a flagship product for Tesla.[0m
2025-03-18 09:03:20,624 - [32mGuesser: Is the topic a Tesla Model S?[0m
2025-03-18 09:03:23,922 - [34mHost (internal dialogue): The question asks if the topic 'Tesla Model S' is a Tesla Model S. This is a direct reference to the topic itself, confirming that the topic is indeed the Tesla Model S. Therefore, the answer is affirmative as it self-references.[0m
2025-03-18 09:03:23,922 - [34mHost: Yes[0m
2025-03-18 09:03:23,922 - [33m----------------------------------------[0m
2025-03-18 09:03:23,922 - [33mStep 19 of the game[0m
2025-03-18 09:03:29,001 - [32mGuesser (internal dialogue): Since I've narrowed down the topic to the Tesla Model S, the next step is to identify any specific features or variations of the Model S. A relevant question would be whether it is a specific variant, such as the Performance model, which is known for its enhanced speed and features.[0m
2025-03-18 09:03:29,001 - [32mGuesser: Is the topic a Tesla Model S Performance variant?[0m
2025-03-18 09:03:32,849 - [34mHost (internal dialogue): The question asks if the topic 'Tesla Model S' is a Tesla Model S Performance variant. The Tesla Model S has several variants, including the Performance variant, which is an upgraded version that offers enhanced acceleration and features. However, the general reference to 'Tesla Model S' does not specify the Performance variant. Therefore, the answer is negative as it does not specifically identify as that variant.[0m
2025-03-18 09:03:32,849 - [34mHost: No[0m
2025-03-18 09:03:32,849 - [33mThe Guesser has not guessed the topic in 20 steps. The Guesser loses![0m
