2025-03-17 08:59:54,714 - [33mLet's play the game of 20 questions![0m
2025-03-17 09:00:00,456 - [34mHost (internal dialogue): Generated topic: The Great Wall of China from category: Landmark/Engineering. Reasoning: I chose this topic because it represents a unique piece of historical engineering that many might not think of immediately, making it a challenging yet fun guess for the game. It's an exploration into the marvels of architecture, which is likely to instigate a thoughtful guessing process.[0m
2025-03-17 09:00:00,456 - [33m----------------------------------------[0m
2025-03-17 09:00:00,458 - [33mStep 0 of the game[0m
2025-03-17 09:00:03,770 - [32mGuesser (internal dialogue): I don't have any information about the topic yet, so I should start with a broad question. Since the topic could be anything, I'll ask if it relates to a specific domain, like technology, entertainment, science, etc. This will help me narrow down the possibilities.[0m
2025-03-17 09:00:03,770 - [32mGuesser: Is the topic related to technology?[0m
2025-03-17 09:00:07,942 - [34mHost (internal dialogue): The Great Wall of China is a historical and cultural landmark rather than a topic related to technology. It was built long before modern technology.[0m
2025-03-17 09:00:07,942 - [34mHost: No[0m
2025-03-17 09:00:07,942 - [33m----------------------------------------[0m
2025-03-17 09:00:07,942 - [33mStep 1 of the game[0m
2025-03-17 09:00:11,515 - [32mGuesser (internal dialogue): Since the topic is not related to technology, I'll broaden the domain to other major areas. Asking if it's related to entertainment could be a good next step as it encompasses a wide range of topics including movies, music, and sports. This will help narrow down the possibilities further. I have 18 steps left to determine the topic.[0m
2025-03-17 09:00:11,516 - [32mGuesser: Is the topic related to entertainment?[0m
2025-03-17 09:00:14,895 - [34mHost (internal dialogue): The Great Wall of China is primarily a historical and architectural structure, not related to entertainment. Asking if it is related to entertainment would likely lead astray from identifying the topic, which focuses more on history, architecture, and cultural significance.[0m
2025-03-17 09:00:14,896 - [34mHost: No[0m
2025-03-17 09:00:14,896 - [33m----------------------------------------[0m
2025-03-17 09:00:14,896 - [33mStep 2 of the game[0m
2025-03-17 09:00:18,994 - [32mGuesser (internal dialogue): The topic is not related to technology or entertainment. To further narrow it down, I should ask if it's related to a different broad category, like science or history. Since this is only the second step, I'm trying to eliminate or confirm other large areas.[0m
2025-03-17 09:00:18,994 - [32mGuesser: Is the topic related to science?[0m
2025-03-17 09:00:23,358 - [34mHost (internal dialogue): The Great Wall of China is primarily related to history and architecture rather than science. While there may be scientific studies about its construction, the main association is not with science.[0m
2025-03-17 09:00:23,358 - [34mHost: No[0m
2025-03-17 09:00:23,358 - [33m----------------------------------------[0m
2025-03-17 09:00:23,358 - [33mStep 3 of the game[0m
2025-03-17 09:00:27,794 - [32mGuesser (internal dialogue): The topic is not related to technology, entertainment, or science. I should now consider other broad categories, such as history, literature, or perhaps food. Since I'm trying to methodically eliminate broad areas, asking about history might be a good move, as it covers a wide range of possibilities.[0m
2025-03-17 09:00:27,795 - [32mGuesser: Is the topic related to history?[0m
2025-03-17 09:00:35,228 - [34mHost (internal dialogue): The Great Wall of China is a historical structure with a rich history, built and maintained by various Chinese dynasties for protection and border control. Therefore, it is directly related to history.[0m
2025-03-17 09:00:35,228 - [34mHost: Yes[0m
2025-03-17 09:00:35,228 - [33m----------------------------------------[0m
2025-03-17 09:00:35,228 - [33mStep 4 of the game[0m
2025-03-17 09:00:38,858 - [32mGuesser (internal dialogue): The topic is related to history. Now, I should try to narrow down what aspect of history it might be about. Asking if it involves a specific time period or event could help reduce possibilities.[0m
2025-03-17 09:00:38,858 - [32mGuesser: Does the topic involve World War II?[0m
2025-03-17 09:00:42,247 - [34mHost (internal dialogue): The Great Wall of China is not connected to World War II. The question about World War II doesn't align with the historical or geographical context of the Great Wall of China.[0m
2025-03-17 09:00:42,247 - [34mHost: No[0m
2025-03-17 09:00:42,248 - [33m----------------------------------------[0m
2025-03-17 09:00:42,248 - [33mStep 5 of the game[0m
2025-03-17 09:00:46,841 - [32mGuesser (internal dialogue): The topic is related to history but not to World War II. It's time to consider other major historical events or periods. Since World War II was not the topic, moving to another significant period like the American Civil War might reveal more.[0m
2025-03-17 09:00:46,842 - [32mGuesser: Does the topic involve the American Civil War?[0m
2025-03-17 09:00:51,344 - [34mHost (internal dialogue): The Great Wall of China does not involve the American Civil War as they are unrelated in terms of geography, history, and purpose. The question does not strictly relate to the topic.[0m
2025-03-17 09:00:51,344 - [34mHost: No[0m
2025-03-17 09:00:51,344 - [33m----------------------------------------[0m
2025-03-17 09:00:51,344 - [33mStep 6 of the game[0m
2025-03-17 09:00:55,133 - [32mGuesser (internal dialogue): The topic is historical, but it is not related to major events like World War II or the American Civil War. Since these are specific periods, I'll try a broader historical theme. Focusing on ancient history may help narrow it down further.[0m
2025-03-17 09:00:55,134 - [32mGuesser: Is the topic related to ancient history?[0m
2025-03-17 09:01:01,566 - [34mHost (internal dialogue): The Great Wall of China is indeed a historical structure built in ancient times. Its initial construction began as early as the 7th century BC, with several other parts built and maintained through various dynasties, particularly during the Ming dynasty. This makes it directly related to ancient history.[0m
2025-03-17 09:01:01,566 - [34mHost: Yes[0m
2025-03-17 09:01:01,567 - [33m----------------------------------------[0m
2025-03-17 09:01:01,567 - [33mStep 7 of the game[0m
2025-03-17 09:01:05,273 - [32mGuesser (internal dialogue): Since the topic is related to ancient history, I can focus on major civilizations or well-known historical events and figures from ancient times. Asking about a major ancient civilization could provide more clarity.[0m
2025-03-17 09:01:05,273 - [32mGuesser: Is the topic related to Ancient Egypt?[0m
2025-03-17 09:01:09,880 - [34mHost (internal dialogue): The question asks if the topic is related to Ancient Egypt, but the given topic is the Great Wall of China, which is not related to Ancient Egypt. The Great Wall is a significant historical structure in China, whereas Ancient Egypt refers to a civilization in northeastern Africa. The two are not connected geographically or culturally in the context of the question.[0m
2025-03-17 09:01:09,880 - [34mHost: No[0m
2025-03-17 09:01:09,880 - [33m----------------------------------------[0m
2025-03-17 09:01:09,880 - [33mStep 8 of the game[0m
2025-03-17 09:01:14,181 - [32mGuesser (internal dialogue): The topic is related to ancient history, and it's not related to Ancient Egypt. I'll focus on another major ancient civilization to narrow it down. Greece is a significant part of ancient history with a wide range of topics, including philosophy, art, and warfare.[0m
2025-03-17 09:01:14,181 - [32mGuesser: Is the topic related to Ancient Greece?[0m
2025-03-17 09:01:18,212 - [34mHost (internal dialogue): The Great Wall of China is not related to Ancient Greece. The Great Wall is a historical and architectural landmark located in China, constructed to protect Chinese states and empires against various nomadic groups. Ancient Greece, on the other hand, refers to a civilization that existed in the Mediterranean region. Therefore, the question does not align with the topic.[0m
2025-03-17 09:01:18,212 - [34mHost: No[0m
2025-03-17 09:01:18,213 - [33m----------------------------------------[0m
2025-03-17 09:01:18,213 - [33mStep 9 of the game[0m
2025-03-17 09:01:22,067 - [32mGuesser (internal dialogue): The topic is related to ancient history but not to Ancient Egypt or Ancient Greece. Since these are major civilizations, exploring other known ancient civilizations could help. Ancient Rome is another key civilization that might fit the topic.[0m
2025-03-17 09:01:22,067 - [32mGuesser: Is the topic related to Ancient Rome?[0m
2025-03-17 09:01:26,162 - [34mHost (internal dialogue): The Great Wall of China is not related to Ancient Rome. They are both historical topics, but they belong to different cultures and regions. Ancient Rome is centered around the Roman Empire and its history, whereas the Great Wall is a significant structure from Chinese history.[0m
2025-03-17 09:01:26,162 - [34mHost: No[0m
2025-03-17 09:01:26,163 - [33m----------------------------------------[0m
2025-03-17 09:01:26,163 - [33mStep 10 of the game[0m
2025-03-17 09:01:30,670 - [32mGuesser (internal dialogue): The topic is related to ancient history, but doesn't involve well-known civilizations like Ancient Egypt, Greece, or Rome. It might involve another ancient civilization or a specific theme within ancient history, such as architecture or mythology. Focusing on another significant region might help.[0m
2025-03-17 09:01:30,671 - [32mGuesser: Is the topic related to the Ancient Maya civilization?[0m
2025-03-17 09:01:36,747 - [34mHost (internal dialogue): The topic is about the Great Wall of China, which is not related to the Ancient Maya civilization. The Great Wall is associated with Chinese history, whereas the Maya civilization is associated with regions in Central America. Thus, the question does not align with the topic.[0m
2025-03-17 09:01:36,747 - [34mHost: No[0m
2025-03-17 09:01:36,747 - [33m----------------------------------------[0m
2025-03-17 09:01:36,748 - [33mStep 11 of the game[0m
2025-03-17 09:01:41,777 - [32mGuesser (internal dialogue): I have established that the topic is not related to major ancient civilizations like Egypt, Greece, Rome, or the Maya. Since these are monumental parts of ancient history, I should now explore other regions or thematic aspects of ancient history. Focusing on another prominent civilization might shed light on the subject.[0m
2025-03-17 09:01:41,778 - [32mGuesser: Is the topic related to the Ancient Mesopotamian civilization?[0m
2025-03-17 09:01:46,951 - [34mHost (internal dialogue): The question asks if the topic is related to the Ancient Mesopotamian civilization, but the actual topic, The Great Wall of China, is related to Chinese history and is not connected to Mesopotamian civilization.[0m
2025-03-17 09:01:46,951 - [34mHost: No[0m
2025-03-17 09:01:46,951 - [33m----------------------------------------[0m
2025-03-17 09:01:46,951 - [33mStep 12 of the game[0m
2025-03-17 09:01:51,460 - [32mGuesser (internal dialogue): So far, I know the topic is related to ancient history but not focused on major ancient civilizations like Egypt, Greece, Rome, Maya, or Mesopotamia. This suggests it might concern a less commonly discussed ancient civilization, or perhaps a specific theme or concept within ancient history. There are 8 steps left, so I will focus on another ancient civilization.[0m
2025-03-17 09:01:51,460 - [32mGuesser: Is the topic related to the Indus Valley Civilization?[0m
2025-03-17 09:01:57,587 - [34mHost (internal dialogue): The question is asking if the topic, The Great Wall of China, is related to the Indus Valley Civilization. These are two distinct historical subjects with no direct relation; one is an architectural wonder in China and the other is an ancient civilization in South Asia. Therefore, the answer should be 'No.' This helps guide the guesser by eliminating the possibility that the topic is related to the Indus Valley Civilization.[0m
2025-03-17 09:01:57,588 - [34mHost: No[0m
2025-03-17 09:01:57,588 - [33m----------------------------------------[0m
2025-03-17 09:01:57,588 - [33mStep 13 of the game[0m
2025-03-17 09:02:02,620 - [32mGuesser (internal dialogue): The topic is related to ancient history but is not focused on civilizations like Egypt, Greece, Rome, Maya, Mesopotamia, or the Indus Valley. This suggests it might be a less commonly discussed ancient civilization or a specific theme. I will try exploring another civilization that might not have been covered yet in popular discussions but is still significant in ancient history.[0m
2025-03-17 09:02:02,620 - [32mGuesser: Is the topic related to the ancient Persian Empire?[0m
2025-03-17 09:02:07,430 - [34mHost (internal dialogue): The Great Wall of China is not related to the ancient Persian Empire. It is primarily associated with Chinese history and was built to protect China from invasions and raids. The Persian Empire and the Great Wall are distinctly separate in terms of location and historical context, so the question does not align with the topic.[0m
2025-03-17 09:02:07,430 - [34mHost: No[0m
2025-03-17 09:02:07,430 - [33m----------------------------------------[0m
2025-03-17 09:02:07,430 - [33mStep 14 of the game[0m
2025-03-17 09:02:15,499 - [32mGuesser (internal dialogue): Since the topic is related to ancient history but none of the major civilizations or empires I've asked about have been correct, I should consider other significant ancient cultures or aspects, such as practices, mythology, or unique regions. A remaining possibility to explore is the ancient Celts, who had a distinct presence in ancient history and do not fit the standard categories already explored. I have 6 steps left.[0m
2025-03-17 09:02:15,499 - [32mGuesser: Is the topic related to the ancient Celts?[0m
2025-03-17 09:02:21,045 - [34mHost (internal dialogue): The question asks about a connection to the ancient Celts, whereas the topic is the Great Wall of China. The ancient Celts were traditionally located in Europe, mainly in regions like Ireland, Scotland, and Wales, while the Great Wall of China is located in China and is related to Chinese history and defense. Thus, the question is not related to the topic.[0m
2025-03-17 09:02:21,045 - [34mHost: No[0m
2025-03-17 09:02:21,045 - [33m----------------------------------------[0m
2025-03-17 09:02:21,045 - [33mStep 15 of the game[0m
2025-03-17 09:02:26,531 - [32mGuesser (internal dialogue): The topic is related to ancient history, but it doesn't involve prominent civilizations like Egypt, Greece, Rome, the Maya, Mesopotamia, the Indus Valley, the Persian Empire, or the Celts. I've been narrowing down based on ancient civilizations, so it might instead be a theme or concept within ancient history. Considering mythology or specific geographical areas not covered might help. I have 5 steps remaining to explore the topic.[0m
2025-03-17 09:02:26,531 - [32mGuesser: Is the topic related to ancient mythology?[0m
2025-03-17 09:02:30,471 - [34mHost (internal dialogue): The Great Wall of China is not related to ancient mythology; it is a historical structure related to Chinese history and defense. Therefore, this question does not align with the topic.[0m
2025-03-17 09:02:30,471 - [34mHost: No[0m
2025-03-17 09:02:30,471 - [33m----------------------------------------[0m
2025-03-17 09:02:30,471 - [33mStep 16 of the game[0m
2025-03-17 09:02:35,491 - [32mGuesser (internal dialogue): The topic is related to ancient history but not to specific civilizations like Egypt, Greece, Rome, Maya, Mesopotamia, Indus Valley, Persian Empire, or Celts. It also doesn't involve ancient mythology. This suggests a focus on another theme or concept in ancient history, perhaps related to locations, practices, or artifacts.[0m
2025-03-17 09:02:35,492 - [32mGuesser: Is the topic related to ancient architecture?[0m
2025-03-17 09:02:39,074 - [34mHost (internal dialogue): The Great Wall of China is indeed related to ancient architecture. It is an ancient structure with significant historical and architectural value.[0m
2025-03-17 09:02:39,075 - [34mHost: Yes[0m
2025-03-17 09:02:39,075 - [33m----------------------------------------[0m
2025-03-17 09:02:39,075 - [33mStep 17 of the game[0m
2025-03-17 09:02:44,296 - [32mGuesser (internal dialogue): The topic is related to ancient architecture. So far, it is not connected to specific ancient civilizations like Egypt, Greece, Rome, or others. Now that I know the topic is about architecture, focusing on well-known ancient architectural wonders or practices might narrow it further. I have 3 steps left to guess the specific ancient architectural aspect being addressed.[0m
2025-03-17 09:02:44,297 - [32mGuesser: Is the topic related to the construction techniques used in ancient architecture?[0m
2025-03-17 09:02:51,669 - [34mHost (internal dialogue): The question is asking about construction techniques in ancient architecture, and The Great Wall of China is a prime example of ancient architecture. Therefore, the question is directly related to the topic.[0m
2025-03-17 09:02:51,670 - [34mHost: Yes[0m
2025-03-17 09:02:51,670 - [33m----------------------------------------[0m
2025-03-17 09:02:51,670 - [33mStep 18 of the game[0m
2025-03-17 09:02:57,404 - [32mGuesser (internal dialogue): The topic is related to ancient architecture, specifically focusing on construction techniques used in ancient times. It doesn't pertain to specific civilizations like Egypt or Greece. To further narrow it down, I can focus on particular architectural elements or practices such as materials used, structural designs, or innovations that were crucial in ancient times.[0m
2025-03-17 09:02:57,404 - [32mGuesser: Is the topic related to the use of specific materials in ancient construction techniques?[0m
2025-03-17 09:03:02,319 - [34mHost (internal dialogue): The question is directly related to the topic as the Great Wall of China was constructed using specific materials like tamped earth, wood, bricks, and stone. The inquiry about ancient construction techniques aligns with understanding how the wall was built and what materials were used.[0m
2025-03-17 09:03:02,319 - [34mHost: Yes[0m
2025-03-17 09:03:02,320 - [33m----------------------------------------[0m
2025-03-17 09:03:02,320 - [33mStep 19 of the game[0m
2025-03-17 09:03:08,185 - [32mGuesser (internal dialogue): The topic is related to ancient architecture and specifically focuses on construction techniques and the use of specific materials. This narrows the scope significantly, as we are now considering how ancient civilizations used materials uniquely in their architectural styles. Asking about specific materials like stone, timber, or clay could help identify the topic more precisely.[0m
2025-03-17 09:03:08,185 - [32mGuesser: Is the topic related to the use of stone in ancient construction techniques?[0m
2025-03-17 09:03:12,252 - [34mHost (internal dialogue): The Great Wall of China involves ancient construction techniques and materials such as stone, bricks, tamped earth, and wood. Therefore, the question about the use of stone in ancient construction techniques is related to the topic of the Great Wall of China.[0m
2025-03-17 09:03:12,252 - [34mHost: Yes[0m
2025-03-17 09:03:12,252 - [33mThe Guesser has not guessed the topic in 20 steps. The Guesser loses![0m
