2025-03-14 09:07:41,959 - [33mLet's play the game of 20 questions![0m
2025-03-14 09:07:46,157 - [34mHost (internal dialogue): Generated topic: Laptop from category: Technology/Consumer Electronics. Reasoning: I chose this topic because it's a common device found in many homes, making it widely recognizable. It fits well into a middle difficulty level for guessing since there are various types and characteristics to consider, such as whether it is used for entertainment or productivity.[0m
2025-03-14 09:07:46,158 - [33m----------------------------------------[0m
2025-03-14 09:07:46,158 - [33mStep 0 of the game[0m
2025-03-14 09:07:52,009 - [32mGuesser (internal dialogue): The topic might be a physical object. If it can be held, it's likely tangible and material. If not, it may be a concept, idea, or something abstract. Clarifying this will help narrow down the possibilities. Since this is the first step, I don't have enough information to make an educated guess yet.[0m
2025-03-14 09:07:52,009 - [32mGuesser: Is the topic a physical object?[0m
2025-03-14 09:07:53,099 - [34mHost (internal dialogue): The topic is a tangible item that can be physically touched and interacted with, which aligns with the idea of a physical object.[0m
2025-03-14 09:07:53,099 - [34mHost: Yes[0m
2025-03-14 09:07:53,837 - [33m----------------------------------------[0m
2025-03-14 09:07:53,838 - [33mStep 1 of the game[0m
2025-03-14 09:07:59,777 - [32mGuesser (internal dialogue): The topic might be related to nature, biology, or any category that includes living organisms. This question helps narrow it down between living and non-living categories. Since I only have one question asked so far, I have several steps left to narrow it down further.[0m
2025-03-14 09:07:59,777 - [32mGuesser: Is it an animal?[0m
2025-03-14 09:08:01,061 - [34mHost (internal dialogue): The response aligns with the topic as a laptop is not an animal. This helps guide the Guesser toward understanding that the topic is related to technology and not the animal kingdom.[0m
2025-03-14 09:08:01,061 - [34mHost: No[0m
2025-03-14 09:08:01,709 - [33m----------------------------------------[0m
2025-03-14 09:08:01,709 - [33mStep 2 of the game[0m
2025-03-14 09:08:10,011 - [32mGuesser (internal dialogue): I've asked if the topic is a living creature to narrow down whether it's biological in nature, as this will help refine my understanding. Knowing whether it's living or not will significantly impact the direction of my next questions.[0m
2025-03-14 09:08:10,011 - [32mGuesser: Is it an object or a concept, rather than a living thing?[0m
2025-03-14 09:08:11,149 - [34mHost (internal dialogue): The topic is a tangible object that is not a living thing, aligning perfectly with the game's rules to choose something concrete.[0m
2025-03-14 09:08:11,149 - [34mHost: Yes[0m
2025-03-14 09:08:11,630 - [33m----------------------------------------[0m
2025-03-14 09:08:11,631 - [33mStep 3 of the game[0m
2025-03-14 09:08:16,449 - [32mGuesser (internal dialogue): "Yes" would suggest something small or portable. "No" might indicate something larger or possibly abstract.[0m
2025-03-14 09:08:16,449 - [32mGuesser: Is the topic related to technology?[0m
2025-03-14 09:08:18,096 - [34mHost (internal dialogue): The chosen topic, Laptop, is indeed a technological device, making it closely related to the realm of technology. The question asked if the topic is related to technology, which aligns perfectly with the nature of the object.[0m
2025-03-14 09:08:18,096 - [34mHost: Yes[0m
2025-03-14 09:08:18,664 - [33m----------------------------------------[0m
2025-03-14 09:08:18,664 - [33mStep 4 of the game[0m
2025-03-14 09:08:25,582 - [32mGuesser (internal dialogue): Since the topic might be something found indoors, it could relate to household objects, furniture, or indoor activities. Understanding whether it's indoors helps narrow down the topics. I have several steps left to determine the exact topic.[0m
2025-03-14 09:08:25,582 - [32mGuesser: Is the topic related to household items?[0m
2025-03-14 09:08:26,954 - [34mHost (internal dialogue): The topic is a portable electronic device commonly used in homes and offices, which would classify it under household items, thus making the answer relevant.[0m
2025-03-14 09:08:26,954 - [34mHost: Yes[0m
2025-03-14 09:08:27,785 - [33m----------------------------------------[0m
2025-03-14 09:08:27,785 - [33mStep 5 of the game[0m
2025-03-14 09:08:32,954 - [32mGuesser (internal dialogue): The question about whether it's a living creature tells me that we're likely dealing with either a classification of objects into living and non-living, or a specific entity that could be either one. Determining if it's a living creature narrows down possibilities significantly, often leading to animal, plant, or microbial domains. I still have several steps left to narrow it further, but this is a good start.[0m
2025-03-14 09:08:32,954 - [32mGuesser: Is it something commonly found in households?[0m
2025-03-14 09:08:34,182 - [34mHost (internal dialogue): The question asks if the item is commonly found in households. Laptops are generally widespread in many homes today, used for various purposes such as work, entertainment, and education.[0m
2025-03-14 09:08:34,183 - [34mHost: Yes[0m
2025-03-14 09:08:34,898 - [33m----------------------------------------[0m
2025-03-14 09:08:34,898 - [33mStep 6 of the game[0m
2025-03-14 09:08:39,717 - [32mGuesser (internal dialogue): The topic could be anything from a concept to a person, so my first step is to narrow down the category. Knowing whether the topic is a living creature, a person, or an inanimate object helps me focus my next questions.[0m
2025-03-14 09:08:39,717 - [32mGuesser: Is the topic a living creature?[0m
2025-03-14 09:08:41,013 - [34mHost (internal dialogue): The topic is a non-living object, and since a laptop is a piece of technology and not a living creature, the answer is 'No'. This aligns with the rules of the game by providing a clear, binary response based on the characteristics of the topic.[0m
2025-03-14 09:08:41,013 - [34mHost: No[0m
2025-03-14 09:08:41,864 - [33m----------------------------------------[0m
2025-03-14 09:08:41,864 - [33mStep 7 of the game[0m
2025-03-14 09:08:47,191 - [32mGuesser (internal dialogue): I've started by asking if it's a living being, which helps narrow down whether we're discussing animals, humans, plants, or if it's something else like an inanimate concept or object. This is a foundational question that will lead towards identifying whether it's something biological or not.[0m
2025-03-14 09:08:47,192 - [32mGuesser: Is it an animal?[0m
2025-03-14 09:08:48,646 - [34mHost (internal dialogue): The topic is 'Laptop', which is a technological object and not an animal at all. Thus, the answer to the question about it being an animal is 'No'.[0m
2025-03-14 09:08:48,646 - [34mHost: No[0m
